{"meta": {"format": 3, "version": "7.8.2", "timestamp": "2025-08-06T09:07:39.420802", "branch_coverage": false, "show_contexts": false}, "files": {"api/__init__.py": {"executed_lines": [1], "summary": {"covered_lines": 0, "num_statements": 0, "percent_covered": 100.0, "percent_covered_display": "100.00", "missing_lines": 0, "excluded_lines": 0}, "missing_lines": [], "excluded_lines": [], "functions": {"": {"executed_lines": [1], "summary": {"covered_lines": 0, "num_statements": 0, "percent_covered": 100.0, "percent_covered_display": "100.00", "missing_lines": 0, "excluded_lines": 0}, "missing_lines": [], "excluded_lines": []}}, "classes": {"": {"executed_lines": [1], "summary": {"covered_lines": 0, "num_statements": 0, "percent_covered": 100.0, "percent_covered_display": "100.00", "missing_lines": 0, "excluded_lines": 0}, "missing_lines": [], "excluded_lines": []}}}, "api/admin.py": {"executed_lines": [1, 7, 8, 10, 11, 12, 13, 15, 16, 17, 18, 20, 23, 24, 26, 27, 29, 30, 38, 39, 41, 42, 43, 44, 45, 46, 47, 48, 49, 51, 52, 55, 60, 101, 106, 138, 143, 209, 214], "summary": {"covered_lines": 36, "num_statements": 88, "percent_covered": 40.90909090909091, "percent_covered_display": "40.91", "missing_lines": 52, "excluded_lines": 0}, "missing_lines": [71, 73, 74, 77, 79, 80, 81, 82, 83, 84, 86, 88, 95, 96, 115, 116, 117, 118, 119, 121, 123, 130, 131, 132, 133, 154, 156, 157, 158, 159, 166, 167, 168, 169, 172, 173, 178, 179, 180, 186, 187, 189, 190, 191, 192, 194, 201, 202, 203, 204, 221, 251], "excluded_lines": [], "functions": {"list_users": {"executed_lines": [], "summary": {"covered_lines": 0, "num_statements": 14, "percent_covered": 0.0, "percent_covered_display": "0.00", "missing_lines": 14, "excluded_lines": 0}, "missing_lines": [71, 73, 74, 77, 79, 80, 81, 82, 83, 84, 86, 88, 95, 96], "excluded_lines": []}, "get_user": {"executed_lines": [], "summary": {"covered_lines": 0, "num_statements": 11, "percent_covered": 0.0, "percent_covered_display": "0.00", "missing_lines": 11, "excluded_lines": 0}, "missing_lines": [115, 116, 117, 118, 119, 121, 123, 130, 131, 132, 133], "excluded_lines": []}, "update_user_roles": {"executed_lines": [], "summary": {"covered_lines": 0, "num_statements": 25, "percent_covered": 0.0, "percent_covered_display": "0.00", "missing_lines": 25, "excluded_lines": 0}, "missing_lines": [154, 156, 157, 158, 159, 166, 167, 168, 169, 172, 173, 178, 179, 180, 186, 187, 189, 190, 191, 192, 194, 201, 202, 203, 204], "excluded_lines": []}, "get_roles_info": {"executed_lines": [], "summary": {"covered_lines": 0, "num_statements": 2, "percent_covered": 0.0, "percent_covered_display": "0.00", "missing_lines": 2, "excluded_lines": 0}, "missing_lines": [221, 251], "excluded_lines": []}, "": {"executed_lines": [1, 7, 8, 10, 11, 12, 13, 15, 16, 17, 18, 20, 23, 24, 26, 27, 29, 30, 38, 39, 41, 42, 43, 44, 45, 46, 47, 48, 49, 51, 52, 55, 60, 101, 106, 138, 143, 209, 214], "summary": {"covered_lines": 36, "num_statements": 36, "percent_covered": 100.0, "percent_covered_display": "100.00", "missing_lines": 0, "excluded_lines": 0}, "missing_lines": [], "excluded_lines": []}}, "classes": {"UserRoleUpdate": {"executed_lines": [], "summary": {"covered_lines": 0, "num_statements": 0, "percent_covered": 100.0, "percent_covered_display": "100.00", "missing_lines": 0, "excluded_lines": 0}, "missing_lines": [], "excluded_lines": []}, "UserRoleUpdate.Config": {"executed_lines": [], "summary": {"covered_lines": 0, "num_statements": 0, "percent_covered": 100.0, "percent_covered_display": "100.00", "missing_lines": 0, "excluded_lines": 0}, "missing_lines": [], "excluded_lines": []}, "UserResponse": {"executed_lines": [], "summary": {"covered_lines": 0, "num_statements": 0, "percent_covered": 100.0, "percent_covered_display": "100.00", "missing_lines": 0, "excluded_lines": 0}, "missing_lines": [], "excluded_lines": []}, "UserResponse.Config": {"executed_lines": [], "summary": {"covered_lines": 0, "num_statements": 0, "percent_covered": 100.0, "percent_covered_display": "100.00", "missing_lines": 0, "excluded_lines": 0}, "missing_lines": [], "excluded_lines": []}, "": {"executed_lines": [1, 7, 8, 10, 11, 12, 13, 15, 16, 17, 18, 20, 23, 24, 26, 27, 29, 30, 38, 39, 41, 42, 43, 44, 45, 46, 47, 48, 49, 51, 52, 55, 60, 101, 106, 138, 143, 209, 214], "summary": {"covered_lines": 36, "num_statements": 88, "percent_covered": 40.90909090909091, "percent_covered_display": "40.91", "missing_lines": 52, "excluded_lines": 0}, "missing_lines": [71, 73, 74, 77, 79, 80, 81, 82, 83, 84, 86, 88, 95, 96, 115, 116, 117, 118, 119, 121, 123, 130, 131, 132, 133, 154, 156, 157, 158, 159, 166, 167, 168, 169, 172, 173, 178, 179, 180, 186, 187, 189, 190, 191, 192, 194, 201, 202, 203, 204, 221, 251], "excluded_lines": []}}}, "api/appointments.py": {"executed_lines": [1, 3, 4, 5, 6, 8, 9, 10, 12, 13, 14, 15, 17, 18, 22, 23, 25, 26, 27, 28, 29, 32, 33, 34, 37, 38, 40, 41, 42, 43, 44, 45, 46, 47, 48, 49, 50, 51, 53, 54, 57, 63, 109, 115, 157, 164, 201, 207, 248, 254], "summary": {"covered_lines": 47, "num_statements": 85, "percent_covered": 55.294117647058826, "percent_covered_display": "55.29", "missing_lines": 38, "excluded_lines": 0}, "missing_lines": [74, 78, 91, 98, 99, 103, 122, 123, 135, 140, 141, 142, 143, 151, 171, 172, 183, 188, 189, 190, 191, 195, 215, 216, 226, 231, 232, 233, 234, 242, 261, 262, 272, 277, 278, 279, 280, 288], "excluded_lines": [], "functions": {"get_appointments": {"executed_lines": [], "summary": {"covered_lines": 0, "num_statements": 6, "percent_covered": 0.0, "percent_covered_display": "0.00", "missing_lines": 6, "excluded_lines": 0}, "missing_lines": [74, 78, 91, 98, 99, 103], "excluded_lines": []}, "get_appointment": {"executed_lines": [], "summary": {"covered_lines": 0, "num_statements": 8, "percent_covered": 0.0, "percent_covered_display": "0.00", "missing_lines": 8, "excluded_lines": 0}, "missing_lines": [122, 123, 135, 140, 141, 142, 143, 151], "excluded_lines": []}, "create_appointment": {"executed_lines": [], "summary": {"covered_lines": 0, "num_statements": 8, "percent_covered": 0.0, "percent_covered_display": "0.00", "missing_lines": 8, "excluded_lines": 0}, "missing_lines": [171, 172, 183, 188, 189, 190, 191, 195], "excluded_lines": []}, "update_appointment": {"executed_lines": [], "summary": {"covered_lines": 0, "num_statements": 8, "percent_covered": 0.0, "percent_covered_display": "0.00", "missing_lines": 8, "excluded_lines": 0}, "missing_lines": [215, 216, 226, 231, 232, 233, 234, 242], "excluded_lines": []}, "delete_appointment": {"executed_lines": [], "summary": {"covered_lines": 0, "num_statements": 8, "percent_covered": 0.0, "percent_covered_display": "0.00", "missing_lines": 8, "excluded_lines": 0}, "missing_lines": [261, 262, 272, 277, 278, 279, 280, 288], "excluded_lines": []}, "": {"executed_lines": [1, 3, 4, 5, 6, 8, 9, 10, 12, 13, 14, 15, 17, 18, 22, 23, 25, 26, 27, 28, 29, 32, 33, 34, 37, 38, 40, 41, 42, 43, 44, 45, 46, 47, 48, 49, 50, 51, 53, 54, 57, 63, 109, 115, 157, 164, 201, 207, 248, 254], "summary": {"covered_lines": 47, "num_statements": 47, "percent_covered": 100.0, "percent_covered_display": "100.00", "missing_lines": 0, "excluded_lines": 0}, "missing_lines": [], "excluded_lines": []}}, "classes": {"AppointmentCreateRequest": {"executed_lines": [], "summary": {"covered_lines": 0, "num_statements": 0, "percent_covered": 100.0, "percent_covered_display": "100.00", "missing_lines": 0, "excluded_lines": 0}, "missing_lines": [], "excluded_lines": []}, "AppointmentResponse": {"executed_lines": [], "summary": {"covered_lines": 0, "num_statements": 0, "percent_covered": 100.0, "percent_covered_display": "100.00", "missing_lines": 0, "excluded_lines": 0}, "missing_lines": [], "excluded_lines": []}, "AppointmentResponse.Config": {"executed_lines": [], "summary": {"covered_lines": 0, "num_statements": 0, "percent_covered": 100.0, "percent_covered_display": "100.00", "missing_lines": 0, "excluded_lines": 0}, "missing_lines": [], "excluded_lines": []}, "": {"executed_lines": [1, 3, 4, 5, 6, 8, 9, 10, 12, 13, 14, 15, 17, 18, 22, 23, 25, 26, 27, 28, 29, 32, 33, 34, 37, 38, 40, 41, 42, 43, 44, 45, 46, 47, 48, 49, 50, 51, 53, 54, 57, 63, 109, 115, 157, 164, 201, 207, 248, 254], "summary": {"covered_lines": 47, "num_statements": 85, "percent_covered": 55.294117647058826, "percent_covered_display": "55.29", "missing_lines": 38, "excluded_lines": 0}, "missing_lines": [74, 78, 91, 98, 99, 103, 122, 123, 135, 140, 141, 142, 143, 151, 171, 172, 183, 188, 189, 190, 191, 195, 215, 216, 226, 231, 232, 233, 234, 242, 261, 262, 272, 277, 278, 279, 280, 288], "excluded_lines": []}}}, "api/auth.py": {"executed_lines": [1, 3, 4, 5, 6, 8, 9, 10, 12, 13, 14, 15, 28, 31, 33, 34, 37, 46, 60, 67, 120, 126, 185, 191, 257, 263, 323, 329, 387, 393, 458, 464, 510, 511, 513, 514, 517, 518, 520, 521, 522, 525, 526, 532, 542, 548, 549, 554, 561], "summary": {"covered_lines": 46, "num_statements": 133, "percent_covered": 34.58646616541353, "percent_covered_display": "34.59", "missing_lines": 87, "excluded_lines": 0}, "missing_lines": [39, 40, 41, 43, 55, 56, 57, 87, 88, 89, 92, 102, 104, 112, 113, 114, 115, 141, 142, 145, 150, 151, 160, 169, 170, 175, 209, 211, 212, 217, 218, 220, 222, 226, 227, 229, 235, 237, 242, 243, 244, 245, 246, 251, 281, 282, 285, 287, 288, 294, 299, 301, 308, 309, 310, 311, 312, 317, 347, 348, 350, 351, 352, 357, 373, 374, 375, 376, 381, 410, 411, 413, 418, 437, 439, 446, 447, 452, 479, 480, 482, 486, 488, 493, 494, 495, 503], "excluded_lines": [], "functions": {"get_db": {"executed_lines": [], "summary": {"covered_lines": 0, "num_statements": 4, "percent_covered": 0.0, "percent_covered_display": "0.00", "missing_lines": 4, "excluded_lines": 0}, "missing_lines": [39, 40, 41, 43], "excluded_lines": []}, "get_client_info": {"executed_lines": [], "summary": {"covered_lines": 0, "num_statements": 3, "percent_covered": 0.0, "percent_covered_display": "0.00", "missing_lines": 3, "excluded_lines": 0}, "missing_lines": [55, 56, 57], "excluded_lines": []}, "create_token": {"executed_lines": [], "summary": {"covered_lines": 0, "num_statements": 10, "percent_covered": 0.0, "percent_covered_display": "0.00", "missing_lines": 10, "excluded_lines": 0}, "missing_lines": [87, 88, 89, 92, 102, 104, 112, 113, 114, 115], "excluded_lines": []}, "validate_token": {"executed_lines": [], "summary": {"covered_lines": 0, "num_statements": 9, "percent_covered": 0.0, "percent_covered_display": "0.00", "missing_lines": 9, "excluded_lines": 0}, "missing_lines": [141, 142, 145, 150, 151, 160, 169, 170, 175], "excluded_lines": []}, "revoke_tokens": {"executed_lines": [], "summary": {"covered_lines": 0, "num_statements": 18, "percent_covered": 0.0, "percent_covered_display": "0.00", "missing_lines": 18, "excluded_lines": 0}, "missing_lines": [209, 211, 212, 217, 218, 220, 222, 226, 227, 229, 235, 237, 242, 243, 244, 245, 246, 251], "excluded_lines": []}, "rotate_token": {"executed_lines": [], "summary": {"covered_lines": 0, "num_statements": 14, "percent_covered": 0.0, "percent_covered_display": "0.00", "missing_lines": 14, "excluded_lines": 0}, "missing_lines": [281, 282, 285, 287, 288, 294, 299, 301, 308, 309, 310, 311, 312, 317], "excluded_lines": []}, "get_token_info": {"executed_lines": [], "summary": {"covered_lines": 0, "num_statements": 11, "percent_covered": 0.0, "percent_covered_display": "0.00", "missing_lines": 11, "excluded_lines": 0}, "missing_lines": [347, 348, 350, 351, 352, 357, 373, 374, 375, 376, 381], "excluded_lines": []}, "get_user_tokens": {"executed_lines": [], "summary": {"covered_lines": 0, "num_statements": 9, "percent_covered": 0.0, "percent_covered_display": "0.00", "missing_lines": 9, "excluded_lines": 0}, "missing_lines": [410, 411, 413, 418, 437, 439, 446, 447, 452], "excluded_lines": []}, "cleanup_tokens": {"executed_lines": [], "summary": {"covered_lines": 0, "num_statements": 9, "percent_covered": 0.0, "percent_covered_display": "0.00", "missing_lines": 9, "excluded_lines": 0}, "missing_lines": [479, 480, 482, 486, 488, 493, 494, 495, 503], "excluded_lines": []}, "login": {"executed_lines": [532, 542], "summary": {"covered_lines": 2, "num_statements": 2, "percent_covered": 100.0, "percent_covered_display": "100.00", "missing_lines": 0, "excluded_lines": 0}, "missing_lines": [], "excluded_lines": []}, "get_current_user": {"executed_lines": [554, 561], "summary": {"covered_lines": 2, "num_statements": 2, "percent_covered": 100.0, "percent_covered_display": "100.00", "missing_lines": 0, "excluded_lines": 0}, "missing_lines": [], "excluded_lines": []}, "": {"executed_lines": [1, 3, 4, 5, 6, 8, 9, 10, 12, 13, 14, 15, 28, 31, 33, 34, 37, 46, 60, 67, 120, 126, 185, 191, 257, 263, 323, 329, 387, 393, 458, 464, 510, 511, 513, 514, 517, 518, 520, 521, 522, 525, 526, 548, 549], "summary": {"covered_lines": 42, "num_statements": 42, "percent_covered": 100.0, "percent_covered_display": "100.00", "missing_lines": 0, "excluded_lines": 0}, "missing_lines": [], "excluded_lines": []}}, "classes": {"LoginRequest": {"executed_lines": [], "summary": {"covered_lines": 0, "num_statements": 0, "percent_covered": 100.0, "percent_covered_display": "100.00", "missing_lines": 0, "excluded_lines": 0}, "missing_lines": [], "excluded_lines": []}, "UserResponse": {"executed_lines": [], "summary": {"covered_lines": 0, "num_statements": 0, "percent_covered": 100.0, "percent_covered_display": "100.00", "missing_lines": 0, "excluded_lines": 0}, "missing_lines": [], "excluded_lines": []}, "": {"executed_lines": [1, 3, 4, 5, 6, 8, 9, 10, 12, 13, 14, 15, 28, 31, 33, 34, 37, 46, 60, 67, 120, 126, 185, 191, 257, 263, 323, 329, 387, 393, 458, 464, 510, 511, 513, 514, 517, 518, 520, 521, 522, 525, 526, 532, 542, 548, 549, 554, 561], "summary": {"covered_lines": 46, "num_statements": 133, "percent_covered": 34.58646616541353, "percent_covered_display": "34.59", "missing_lines": 87, "excluded_lines": 0}, "missing_lines": [39, 40, 41, 43, 55, 56, 57, 87, 88, 89, 92, 102, 104, 112, 113, 114, 115, 141, 142, 145, 150, 151, 160, 169, 170, 175, 209, 211, 212, 217, 218, 220, 222, 226, 227, 229, 235, 237, 242, 243, 244, 245, 246, 251, 281, 282, 285, 287, 288, 294, 299, 301, 308, 309, 310, 311, 312, 317, 347, 348, 350, 351, 352, 357, 373, 374, 375, 376, 381, 410, 411, 413, 418, 437, 439, 446, 447, 452, 479, 480, 482, 486, 488, 493, 494, 495, 503], "excluded_lines": []}}}, "api/clients.py": {"executed_lines": [1, 3, 4, 5, 7, 8, 10, 11, 16, 17, 19, 20, 23, 28, 40, 42, 43, 50, 67, 72, 83, 85, 86, 95, 112, 117, 154, 159, 198, 203, 207, 209, 210, 215], "summary": {"covered_lines": 33, "num_statements": 56, "percent_covered": 58.92857142857143, "percent_covered_display": "58.93", "missing_lines": 23, "excluded_lines": 0}, "missing_lines": [57, 58, 59, 102, 103, 104, 124, 126, 127, 133, 144, 145, 146, 167, 169, 170, 176, 188, 189, 190, 222, 223, 224], "excluded_lines": [], "functions": {"list_clients": {"executed_lines": [40, 42, 43, 50], "summary": {"covered_lines": 4, "num_statements": 7, "percent_covered": 57.142857142857146, "percent_covered_display": "57.14", "missing_lines": 3, "excluded_lines": 0}, "missing_lines": [57, 58, 59], "excluded_lines": []}, "get_client": {"executed_lines": [83, 85, 86, 95], "summary": {"covered_lines": 4, "num_statements": 7, "percent_covered": 57.142857142857146, "percent_covered_display": "57.14", "missing_lines": 3, "excluded_lines": 0}, "missing_lines": [102, 103, 104], "excluded_lines": []}, "get_client_financial_summary": {"executed_lines": [], "summary": {"covered_lines": 0, "num_statements": 7, "percent_covered": 0.0, "percent_covered_display": "0.00", "missing_lines": 7, "excluded_lines": 0}, "missing_lines": [124, 126, 127, 133, 144, 145, 146], "excluded_lines": []}, "get_financial_dashboard": {"executed_lines": [], "summary": {"covered_lines": 0, "num_statements": 7, "percent_covered": 0.0, "percent_covered_display": "0.00", "missing_lines": 7, "excluded_lines": 0}, "missing_lines": [167, 169, 170, 176, 188, 189, 190], "excluded_lines": []}, "get_performance_stats": {"executed_lines": [207, 209, 210, 215], "summary": {"covered_lines": 4, "num_statements": 7, "percent_covered": 57.142857142857146, "percent_covered_display": "57.14", "missing_lines": 3, "excluded_lines": 0}, "missing_lines": [222, 223, 224], "excluded_lines": []}, "": {"executed_lines": [1, 3, 4, 5, 7, 8, 10, 11, 16, 17, 19, 20, 23, 28, 67, 72, 112, 117, 154, 159, 198, 203], "summary": {"covered_lines": 21, "num_statements": 21, "percent_covered": 100.0, "percent_covered_display": "100.00", "missing_lines": 0, "excluded_lines": 0}, "missing_lines": [], "excluded_lines": []}}, "classes": {"": {"executed_lines": [1, 3, 4, 5, 7, 8, 10, 11, 16, 17, 19, 20, 23, 28, 40, 42, 43, 50, 67, 72, 83, 85, 86, 95, 112, 117, 154, 159, 198, 203, 207, 209, 210, 215], "summary": {"covered_lines": 33, "num_statements": 56, "percent_covered": 58.92857142857143, "percent_covered_display": "58.93", "missing_lines": 23, "excluded_lines": 0}, "missing_lines": [57, 58, 59, 102, 103, 104, 124, 126, 127, 133, 144, 145, 146, 167, 169, 170, 176, 188, 189, 190, 222, 223, 224], "excluded_lines": []}}}, "api/events.py": {"executed_lines": [1, 3, 4, 6, 7, 9, 10, 19, 20, 22, 23, 27, 28, 30, 31, 32, 35, 38, 41, 46, 49, 52, 55, 58, 59, 60, 63, 66, 69, 72, 75, 80, 81, 83, 84, 85, 88, 89, 91, 92, 93, 94, 97, 98, 100, 101, 102, 103, 104, 105, 106, 110, 118, 127, 128, 229, 230, 249, 250, 270, 271, 287, 288, 304, 305], "summary": {"covered_lines": 60, "num_statements": 120, "percent_covered": 50.0, "percent_covered_display": "50.00", "missing_lines": 60, "excluded_lines": 0}, "missing_lines": [112, 113, 114, 115, 120, 121, 122, 123, 138, 140, 151, 153, 159, 160, 162, 164, 172, 173, 175, 177, 184, 185, 187, 189, 196, 197, 201, 204, 206, 215, 217, 218, 226, 234, 235, 237, 244, 245, 246, 252, 253, 255, 265, 266, 267, 275, 276, 278, 280, 282, 283, 284, 292, 293, 295, 297, 299, 300, 301, 307], "excluded_lines": [], "functions": {"get_event_bus_service": {"executed_lines": [], "summary": {"covered_lines": 0, "num_statements": 4, "percent_covered": 0.0, "percent_covered_display": "0.00", "missing_lines": 4, "excluded_lines": 0}, "missing_lines": [112, 113, 114, 115], "excluded_lines": []}, "get_etl_service": {"executed_lines": [], "summary": {"covered_lines": 0, "num_statements": 4, "percent_covered": 0.0, "percent_covered_display": "0.00", "missing_lines": 4, "excluded_lines": 0}, "missing_lines": [120, 121, 122, 123], "excluded_lines": []}, "publish_event": {"executed_lines": [], "summary": {"covered_lines": 0, "num_statements": 25, "percent_covered": 0.0, "percent_covered_display": "0.00", "missing_lines": 25, "excluded_lines": 0}, "missing_lines": [138, 140, 151, 153, 159, 160, 162, 164, 172, 173, 175, 177, 184, 185, 187, 189, 196, 197, 201, 204, 206, 215, 217, 218, 226], "excluded_lines": []}, "get_event_bus_status": {"executed_lines": [], "summary": {"covered_lines": 0, "num_statements": 6, "percent_covered": 0.0, "percent_covered_display": "0.00", "missing_lines": 6, "excluded_lines": 0}, "missing_lines": [234, 235, 237, 244, 245, 246], "excluded_lines": []}, "get_etl_status": {"executed_lines": [], "summary": {"covered_lines": 0, "num_statements": 6, "percent_covered": 0.0, "percent_covered_display": "0.00", "missing_lines": 6, "excluded_lines": 0}, "missing_lines": [252, 253, 255, 265, 266, 267], "excluded_lines": []}, "start_etl_pipeline": {"executed_lines": [], "summary": {"covered_lines": 0, "num_statements": 7, "percent_covered": 0.0, "percent_covered_display": "0.00", "missing_lines": 7, "excluded_lines": 0}, "missing_lines": [275, 276, 278, 280, 282, 283, 284], "excluded_lines": []}, "stop_etl_pipeline": {"executed_lines": [], "summary": {"covered_lines": 0, "num_statements": 7, "percent_covered": 0.0, "percent_covered_display": "0.00", "missing_lines": 7, "excluded_lines": 0}, "missing_lines": [292, 293, 295, 297, 299, 300, 301], "excluded_lines": []}, "get_event_types": {"executed_lines": [], "summary": {"covered_lines": 0, "num_statements": 1, "percent_covered": 0.0, "percent_covered_display": "0.00", "missing_lines": 1, "excluded_lines": 0}, "missing_lines": [307], "excluded_lines": []}, "": {"executed_lines": [1, 3, 4, 6, 7, 9, 10, 19, 20, 22, 23, 27, 28, 30, 31, 32, 35, 38, 41, 46, 49, 52, 55, 58, 59, 60, 63, 66, 69, 72, 75, 80, 81, 83, 84, 85, 88, 89, 91, 92, 93, 94, 97, 98, 100, 101, 102, 103, 104, 105, 106, 110, 118, 127, 128, 229, 230, 249, 250, 270, 271, 287, 288, 304, 305], "summary": {"covered_lines": 60, "num_statements": 60, "percent_covered": 100.0, "percent_covered_display": "100.00", "missing_lines": 0, "excluded_lines": 0}, "missing_lines": [], "excluded_lines": []}}, "classes": {"PublishEventRequest": {"executed_lines": [], "summary": {"covered_lines": 0, "num_statements": 0, "percent_covered": 100.0, "percent_covered_display": "100.00", "missing_lines": 0, "excluded_lines": 0}, "missing_lines": [], "excluded_lines": []}, "PublishEventResponse": {"executed_lines": [], "summary": {"covered_lines": 0, "num_statements": 0, "percent_covered": 100.0, "percent_covered_display": "100.00", "missing_lines": 0, "excluded_lines": 0}, "missing_lines": [], "excluded_lines": []}, "EventBusStatusResponse": {"executed_lines": [], "summary": {"covered_lines": 0, "num_statements": 0, "percent_covered": 100.0, "percent_covered_display": "100.00", "missing_lines": 0, "excluded_lines": 0}, "missing_lines": [], "excluded_lines": []}, "ETLStatusResponse": {"executed_lines": [], "summary": {"covered_lines": 0, "num_statements": 0, "percent_covered": 100.0, "percent_covered_display": "100.00", "missing_lines": 0, "excluded_lines": 0}, "missing_lines": [], "excluded_lines": []}, "": {"executed_lines": [1, 3, 4, 6, 7, 9, 10, 19, 20, 22, 23, 27, 28, 30, 31, 32, 35, 38, 41, 46, 49, 52, 55, 58, 59, 60, 63, 66, 69, 72, 75, 80, 81, 83, 84, 85, 88, 89, 91, 92, 93, 94, 97, 98, 100, 101, 102, 103, 104, 105, 106, 110, 118, 127, 128, 229, 230, 249, 250, 270, 271, 287, 288, 304, 305], "summary": {"covered_lines": 60, "num_statements": 120, "percent_covered": 50.0, "percent_covered_display": "50.00", "missing_lines": 60, "excluded_lines": 0}, "missing_lines": [112, 113, 114, 115, 120, 121, 122, 123, 138, 140, 151, 153, 159, 160, 162, 164, 172, 173, 175, 177, 184, 185, 187, 189, 196, 197, 201, 204, 206, 215, 217, 218, 226, 234, 235, 237, 244, 245, 246, 252, 253, 255, 265, 266, 267, 275, 276, 278, 280, 282, 283, 284, 292, 293, 295, 297, 299, 300, 301, 307], "excluded_lines": []}}}, "api/ledger.py": {"executed_lines": [1, 3, 4, 5, 6, 8, 9, 10, 12, 13, 14, 16, 19, 20, 22, 23, 24, 25, 26, 27, 28, 29, 30, 31, 32, 33, 34, 35, 38, 39, 41, 42, 43, 44, 45, 46, 47, 48, 49, 50, 51, 52, 53, 56, 57, 59, 60, 61, 62, 63, 64, 65, 66, 67, 68, 69, 70, 71, 72, 73, 74, 75, 76, 77, 79, 80, 82, 85, 86, 88, 91, 92, 116, 117, 129, 130, 156, 157, 177, 178, 192, 193, 217, 218], "summary": {"covered_lines": 78, "num_statements": 111, "percent_covered": 70.27027027027027, "percent_covered_display": "70.27", "missing_lines": 33, "excluded_lines": 0}, "missing_lines": [113, 122, 123, 124, 125, 126, 135, 136, 152, 153, 163, 165, 166, 167, 170, 174, 183, 185, 186, 187, 189, 199, 201, 202, 203, 205, 206, 209, 213, 214, 223, 224, 225], "excluded_lines": [], "functions": {"get_ledger_entries": {"executed_lines": [], "summary": {"covered_lines": 0, "num_statements": 1, "percent_covered": 0.0, "percent_covered_display": "0.00", "missing_lines": 1, "excluded_lines": 0}, "missing_lines": [113], "excluded_lines": []}, "get_ledger_entry": {"executed_lines": [], "summary": {"covered_lines": 0, "num_statements": 5, "percent_covered": 0.0, "percent_covered_display": "0.00", "missing_lines": 5, "excluded_lines": 0}, "missing_lines": [122, 123, 124, 125, 126], "excluded_lines": []}, "create_ledger_entry": {"executed_lines": [], "summary": {"covered_lines": 0, "num_statements": 4, "percent_covered": 0.0, "percent_covered_display": "0.00", "missing_lines": 4, "excluded_lines": 0}, "missing_lines": [135, 136, 152, 153], "excluded_lines": []}, "update_ledger_entry": {"executed_lines": [], "summary": {"covered_lines": 0, "num_statements": 6, "percent_covered": 0.0, "percent_covered_display": "0.00", "missing_lines": 6, "excluded_lines": 0}, "missing_lines": [163, 165, 166, 167, 170, 174], "excluded_lines": []}, "delete_ledger_entry": {"executed_lines": [], "summary": {"covered_lines": 0, "num_statements": 5, "percent_covered": 0.0, "percent_covered_display": "0.00", "missing_lines": 5, "excluded_lines": 0}, "missing_lines": [183, 185, 186, 187, 189], "excluded_lines": []}, "reconcile_ledger_entry": {"executed_lines": [], "summary": {"covered_lines": 0, "num_statements": 9, "percent_covered": 0.0, "percent_covered_display": "0.00", "missing_lines": 9, "excluded_lines": 0}, "missing_lines": [199, 201, 202, 203, 205, 206, 209, 213, 214], "excluded_lines": []}, "get_client_balance": {"executed_lines": [], "summary": {"covered_lines": 0, "num_statements": 3, "percent_covered": 0.0, "percent_covered_display": "0.00", "missing_lines": 3, "excluded_lines": 0}, "missing_lines": [223, 224, 225], "excluded_lines": []}, "": {"executed_lines": [1, 3, 4, 5, 6, 8, 9, 10, 12, 13, 14, 16, 19, 20, 22, 23, 24, 25, 26, 27, 28, 29, 30, 31, 32, 33, 34, 35, 38, 39, 41, 42, 43, 44, 45, 46, 47, 48, 49, 50, 51, 52, 53, 56, 57, 59, 60, 61, 62, 63, 64, 65, 66, 67, 68, 69, 70, 71, 72, 73, 74, 75, 76, 77, 79, 80, 82, 85, 86, 88, 91, 92, 116, 117, 129, 130, 156, 157, 177, 178, 192, 193, 217, 218], "summary": {"covered_lines": 78, "num_statements": 78, "percent_covered": 100.0, "percent_covered_display": "100.00", "missing_lines": 0, "excluded_lines": 0}, "missing_lines": [], "excluded_lines": []}}, "classes": {"LedgerEntryCreateRequest": {"executed_lines": [], "summary": {"covered_lines": 0, "num_statements": 0, "percent_covered": 100.0, "percent_covered_display": "100.00", "missing_lines": 0, "excluded_lines": 0}, "missing_lines": [], "excluded_lines": []}, "LedgerEntryUpdateRequest": {"executed_lines": [], "summary": {"covered_lines": 0, "num_statements": 0, "percent_covered": 100.0, "percent_covered_display": "100.00", "missing_lines": 0, "excluded_lines": 0}, "missing_lines": [], "excluded_lines": []}, "LedgerEntryResponse": {"executed_lines": [], "summary": {"covered_lines": 0, "num_statements": 0, "percent_covered": 100.0, "percent_covered_display": "100.00", "missing_lines": 0, "excluded_lines": 0}, "missing_lines": [], "excluded_lines": []}, "LedgerEntryResponse.Config": {"executed_lines": [], "summary": {"covered_lines": 0, "num_statements": 0, "percent_covered": 100.0, "percent_covered_display": "100.00", "missing_lines": 0, "excluded_lines": 0}, "missing_lines": [], "excluded_lines": []}, "ReconcileRequest": {"executed_lines": [], "summary": {"covered_lines": 0, "num_statements": 0, "percent_covered": 100.0, "percent_covered_display": "100.00", "missing_lines": 0, "excluded_lines": 0}, "missing_lines": [], "excluded_lines": []}, "": {"executed_lines": [1, 3, 4, 5, 6, 8, 9, 10, 12, 13, 14, 16, 19, 20, 22, 23, 24, 25, 26, 27, 28, 29, 30, 31, 32, 33, 34, 35, 38, 39, 41, 42, 43, 44, 45, 46, 47, 48, 49, 50, 51, 52, 53, 56, 57, 59, 60, 61, 62, 63, 64, 65, 66, 67, 68, 69, 70, 71, 72, 73, 74, 75, 76, 77, 79, 80, 82, 85, 86, 88, 91, 92, 116, 117, 129, 130, 156, 157, 177, 178, 192, 193, 217, 218], "summary": {"covered_lines": 78, "num_statements": 111, "percent_covered": 70.27027027027027, "percent_covered_display": "70.27", "missing_lines": 33, "excluded_lines": 0}, "missing_lines": [113, 122, 123, 124, 125, 126, 135, 136, 152, 153, 163, 165, 166, 167, 170, 174, 183, 185, 186, 187, 189, 199, 201, 202, 203, 205, 206, 209, 213, 214, 223, 224, 225], "excluded_lines": []}}}, "api/mock_services.py": {"executed_lines": [1, 3, 4, 6, 7, 8, 9, 10, 12, 13, 16, 17, 18, 22, 23, 24, 25, 28, 29, 30, 33, 34, 35, 40, 41, 44, 45, 46, 47, 50, 51, 52, 53, 56, 57, 60, 63, 64, 67, 68, 69, 70, 74, 75, 79, 82, 83, 92, 94, 100, 107, 108, 112, 115, 117, 119, 120, 125, 132, 134, 141, 142, 143, 145, 146, 156, 157, 159, 160, 162, 166, 167, 171, 176, 177, 184, 191, 198, 199, 203, 208, 209, 211, 216, 229, 230, 236, 241, 242, 246, 252, 263, 264, 268, 273, 274, 278, 282, 289, 290, 320, 321, 325, 326, 330, 334, 335, 339, 342, 343, 350, 356, 363, 364, 370, 373, 374, 381, 388, 397, 398, 428, 429, 433, 436, 437, 439, 444, 455, 456, 460, 463, 464, 465, 472, 473, 499, 500, 502, 503, 505, 509, 510, 514, 516, 517, 519, 520, 522, 523, 525], "summary": {"covered_lines": 151, "num_statements": 227, "percent_covered": 66.51982378854626, "percent_covered_display": "66.52", "missing_lines": 76, "excluded_lines": 0}, "missing_lines": [80, 102, 103, 104, 113, 147, 148, 153, 172, 193, 194, 195, 204, 212, 218, 219, 220, 221, 226, 237, 254, 255, 260, 269, 284, 285, 286, 294, 295, 299, 300, 306, 313, 315, 316, 317, 340, 358, 359, 360, 371, 390, 391, 394, 402, 403, 405, 406, 410, 416, 418, 419, 425, 434, 440, 446, 447, 448, 449, 452, 461, 467, 468, 469, 477, 478, 480, 481, 483, 484, 488, 490, 491, 492, 493, 496], "excluded_lines": [], "functions": {"submit_edi_claim": {"executed_lines": [79, 82, 83, 92, 94, 100], "summary": {"covered_lines": 6, "num_statements": 10, "percent_covered": 60.0, "percent_covered_display": "60.00", "missing_lines": 4, "excluded_lines": 0}, "missing_lines": [80, 102, 103, 104], "excluded_lines": []}, "get_edi_remittance": {"executed_lines": [112, 115, 117, 119, 120, 125, 132, 134, 141, 142, 143, 145, 146], "summary": {"covered_lines": 13, "num_statements": 17, "percent_covered": 76.47058823529412, "percent_covered_display": "76.47", "missing_lines": 4, "excluded_lines": 0}, "missing_lines": [113, 147, 148, 153], "excluded_lines": []}, "get_edi_health": {"executed_lines": [159, 160, 162], "summary": {"covered_lines": 3, "num_statements": 3, "percent_covered": 100.0, "percent_covered_display": "100.00", "missing_lines": 0, "excluded_lines": 0}, "missing_lines": [], "excluded_lines": []}, "create_payment_intent": {"executed_lines": [171, 176, 177, 184, 191], "summary": {"covered_lines": 5, "num_statements": 9, "percent_covered": 55.55555555555556, "percent_covered_display": "55.56", "missing_lines": 4, "excluded_lines": 0}, "missing_lines": [172, 193, 194, 195], "excluded_lines": []}, "get_payment_intent": {"executed_lines": [203, 208, 209, 211, 216], "summary": {"covered_lines": 5, "num_statements": 12, "percent_covered": 41.666666666666664, "percent_covered_display": "41.67", "missing_lines": 7, "excluded_lines": 0}, "missing_lines": [204, 212, 218, 219, 220, 221, 226], "excluded_lines": []}, "confirm_payment_intent": {"executed_lines": [236, 241, 242, 246, 252], "summary": {"covered_lines": 5, "num_statements": 9, "percent_covered": 55.55555555555556, "percent_covered_display": "55.56", "missing_lines": 4, "excluded_lines": 0}, "missing_lines": [237, 254, 255, 260], "excluded_lines": []}, "create_customer": {"executed_lines": [268, 273, 274, 278, 282], "summary": {"covered_lines": 5, "num_statements": 9, "percent_covered": 55.55555555555556, "percent_covered_display": "55.56", "missing_lines": 4, "excluded_lines": 0}, "missing_lines": [269, 284, 285, 286], "excluded_lines": []}, "create_subscription": {"executed_lines": [], "summary": {"covered_lines": 0, "num_statements": 9, "percent_covered": 0.0, "percent_covered_display": "0.00", "missing_lines": 9, "excluded_lines": 0}, "missing_lines": [294, 295, 299, 300, 306, 313, 315, 316, 317], "excluded_lines": []}, "get_payments_health": {"executed_lines": [325, 326, 330], "summary": {"covered_lines": 3, "num_statements": 3, "percent_covered": 100.0, "percent_covered_display": "100.00", "missing_lines": 0, "excluded_lines": 0}, "missing_lines": [], "excluded_lines": []}, "create_video_session": {"executed_lines": [339, 342, 343, 350, 356], "summary": {"covered_lines": 5, "num_statements": 9, "percent_covered": 55.55555555555556, "percent_covered_display": "55.56", "missing_lines": 4, "excluded_lines": 0}, "missing_lines": [340, 358, 359, 360], "excluded_lines": []}, "join_video_session": {"executed_lines": [370, 373, 374, 381, 388], "summary": {"covered_lines": 5, "num_statements": 9, "percent_covered": 55.55555555555556, "percent_covered_display": "55.56", "missing_lines": 4, "excluded_lines": 0}, "missing_lines": [371, 390, 391, 394], "excluded_lines": []}, "leave_video_session": {"executed_lines": [], "summary": {"covered_lines": 0, "num_statements": 9, "percent_covered": 0.0, "percent_covered_display": "0.00", "missing_lines": 9, "excluded_lines": 0}, "missing_lines": [402, 403, 405, 406, 410, 416, 418, 419, 425], "excluded_lines": []}, "get_video_session": {"executed_lines": [433, 436, 437, 439, 444], "summary": {"covered_lines": 5, "num_statements": 12, "percent_covered": 41.666666666666664, "percent_covered_display": "41.67", "missing_lines": 7, "excluded_lines": 0}, "missing_lines": [434, 440, 446, 447, 448, 449, 452], "excluded_lines": []}, "list_video_recordings": {"executed_lines": [460, 463, 464, 465], "summary": {"covered_lines": 4, "num_statements": 8, "percent_covered": 50.0, "percent_covered_display": "50.00", "missing_lines": 4, "excluded_lines": 0}, "missing_lines": [461, 467, 468, 469], "excluded_lines": []}, "get_video_recording": {"executed_lines": [], "summary": {"covered_lines": 0, "num_statements": 12, "percent_covered": 0.0, "percent_covered_display": "0.00", "missing_lines": 12, "excluded_lines": 0}, "missing_lines": [477, 478, 480, 481, 483, 484, 488, 490, 491, 492, 493, 496], "excluded_lines": []}, "get_video_health": {"executed_lines": [502, 503, 505], "summary": {"covered_lines": 3, "num_statements": 3, "percent_covered": 100.0, "percent_covered_display": "100.00", "missing_lines": 0, "excluded_lines": 0}, "missing_lines": [], "excluded_lines": []}, "get_mock_services_health": {"executed_lines": [514, 516, 517, 519, 520, 522, 523, 525], "summary": {"covered_lines": 8, "num_statements": 8, "percent_covered": 100.0, "percent_covered_display": "100.00", "missing_lines": 0, "excluded_lines": 0}, "missing_lines": [], "excluded_lines": []}, "": {"executed_lines": [1, 3, 4, 6, 7, 8, 9, 10, 12, 13, 16, 17, 18, 22, 23, 24, 25, 28, 29, 30, 33, 34, 35, 40, 41, 44, 45, 46, 47, 50, 51, 52, 53, 56, 57, 60, 63, 64, 67, 68, 69, 70, 74, 75, 107, 108, 156, 157, 166, 167, 198, 199, 229, 230, 263, 264, 289, 290, 320, 321, 334, 335, 363, 364, 397, 398, 428, 429, 455, 456, 472, 473, 499, 500, 509, 510], "summary": {"covered_lines": 76, "num_statements": 76, "percent_covered": 100.0, "percent_covered_display": "100.00", "missing_lines": 0, "excluded_lines": 0}, "missing_lines": [], "excluded_lines": []}}, "classes": {"ClaimSubmissionRequest": {"executed_lines": [], "summary": {"covered_lines": 0, "num_statements": 0, "percent_covered": 100.0, "percent_covered_display": "100.00", "missing_lines": 0, "excluded_lines": 0}, "missing_lines": [], "excluded_lines": []}, "PaymentIntentRequest": {"executed_lines": [], "summary": {"covered_lines": 0, "num_statements": 0, "percent_covered": 100.0, "percent_covered_display": "100.00", "missing_lines": 0, "excluded_lines": 0}, "missing_lines": [], "excluded_lines": []}, "CustomerRequest": {"executed_lines": [], "summary": {"covered_lines": 0, "num_statements": 0, "percent_covered": 100.0, "percent_covered_display": "100.00", "missing_lines": 0, "excluded_lines": 0}, "missing_lines": [], "excluded_lines": []}, "SubscriptionRequest": {"executed_lines": [], "summary": {"covered_lines": 0, "num_statements": 0, "percent_covered": 100.0, "percent_covered_display": "100.00", "missing_lines": 0, "excluded_lines": 0}, "missing_lines": [], "excluded_lines": []}, "VideoSessionRequest": {"executed_lines": [], "summary": {"covered_lines": 0, "num_statements": 0, "percent_covered": 100.0, "percent_covered_display": "100.00", "missing_lines": 0, "excluded_lines": 0}, "missing_lines": [], "excluded_lines": []}, "JoinSessionRequest": {"executed_lines": [], "summary": {"covered_lines": 0, "num_statements": 0, "percent_covered": 100.0, "percent_covered_display": "100.00", "missing_lines": 0, "excluded_lines": 0}, "missing_lines": [], "excluded_lines": []}, "": {"executed_lines": [1, 3, 4, 6, 7, 8, 9, 10, 12, 13, 16, 17, 18, 22, 23, 24, 25, 28, 29, 30, 33, 34, 35, 40, 41, 44, 45, 46, 47, 50, 51, 52, 53, 56, 57, 60, 63, 64, 67, 68, 69, 70, 74, 75, 79, 82, 83, 92, 94, 100, 107, 108, 112, 115, 117, 119, 120, 125, 132, 134, 141, 142, 143, 145, 146, 156, 157, 159, 160, 162, 166, 167, 171, 176, 177, 184, 191, 198, 199, 203, 208, 209, 211, 216, 229, 230, 236, 241, 242, 246, 252, 263, 264, 268, 273, 274, 278, 282, 289, 290, 320, 321, 325, 326, 330, 334, 335, 339, 342, 343, 350, 356, 363, 364, 370, 373, 374, 381, 388, 397, 398, 428, 429, 433, 436, 437, 439, 444, 455, 456, 460, 463, 464, 465, 472, 473, 499, 500, 502, 503, 505, 509, 510, 514, 516, 517, 519, 520, 522, 523, 525], "summary": {"covered_lines": 151, "num_statements": 227, "percent_covered": 66.51982378854626, "percent_covered_display": "66.52", "missing_lines": 76, "excluded_lines": 0}, "missing_lines": [80, 102, 103, 104, 113, 147, 148, 153, 172, 193, 194, 195, 204, 212, 218, 219, 220, 221, 226, 237, 254, 255, 260, 269, 284, 285, 286, 294, 295, 299, 300, 306, 313, 315, 316, 317, 340, 358, 359, 360, 371, 390, 391, 394, 402, 403, 405, 406, 410, 416, 418, 419, 425, 434, 440, 446, 447, 448, 449, 452, 461, 467, 468, 469, 477, 478, 480, 481, 483, 484, 488, 490, 491, 492, 493, 496], "excluded_lines": []}}}, "api/notes.py": {"executed_lines": [1, 3, 4, 5, 7, 8, 9, 11, 12, 13, 14, 15, 16, 18, 19, 23, 24, 26, 27, 28, 29, 30, 31, 32, 33, 34, 35, 36, 37, 38, 41, 42, 44, 45, 46, 47, 48, 49, 50, 51, 52, 53, 54, 55, 56, 57, 58, 59, 60, 61, 62, 64, 65, 68, 74, 122, 128, 168, 175, 230, 236, 277, 283, 323, 329], "summary": {"covered_lines": 62, "num_statements": 109, "percent_covered": 56.88073394495413, "percent_covered_display": "56.88", "missing_lines": 47, "excluded_lines": 0}, "missing_lines": [86, 87, 104, 111, 112, 116, 135, 136, 146, 151, 152, 153, 154, 162, 182, 183, 194, 195, 210, 212, 219, 220, 224, 244, 245, 255, 260, 261, 262, 263, 271, 290, 291, 301, 306, 307, 308, 309, 317, 336, 337, 347, 352, 353, 354, 355, 363], "excluded_lines": [], "functions": {"get_notes": {"executed_lines": [], "summary": {"covered_lines": 0, "num_statements": 6, "percent_covered": 0.0, "percent_covered_display": "0.00", "missing_lines": 6, "excluded_lines": 0}, "missing_lines": [86, 87, 104, 111, 112, 116], "excluded_lines": []}, "get_note": {"executed_lines": [], "summary": {"covered_lines": 0, "num_statements": 8, "percent_covered": 0.0, "percent_covered_display": "0.00", "missing_lines": 8, "excluded_lines": 0}, "missing_lines": [135, 136, 146, 151, 152, 153, 154, 162], "excluded_lines": []}, "create_note": {"executed_lines": [], "summary": {"covered_lines": 0, "num_statements": 9, "percent_covered": 0.0, "percent_covered_display": "0.00", "missing_lines": 9, "excluded_lines": 0}, "missing_lines": [182, 183, 194, 195, 210, 212, 219, 220, 224], "excluded_lines": []}, "update_note": {"executed_lines": [], "summary": {"covered_lines": 0, "num_statements": 8, "percent_covered": 0.0, "percent_covered_display": "0.00", "missing_lines": 8, "excluded_lines": 0}, "missing_lines": [244, 245, 255, 260, 261, 262, 263, 271], "excluded_lines": []}, "delete_note": {"executed_lines": [], "summary": {"covered_lines": 0, "num_statements": 8, "percent_covered": 0.0, "percent_covered_display": "0.00", "missing_lines": 8, "excluded_lines": 0}, "missing_lines": [290, 291, 301, 306, 307, 308, 309, 317], "excluded_lines": []}, "sign_note": {"executed_lines": [], "summary": {"covered_lines": 0, "num_statements": 8, "percent_covered": 0.0, "percent_covered_display": "0.00", "missing_lines": 8, "excluded_lines": 0}, "missing_lines": [336, 337, 347, 352, 353, 354, 355, 363], "excluded_lines": []}, "": {"executed_lines": [1, 3, 4, 5, 7, 8, 9, 11, 12, 13, 14, 15, 16, 18, 19, 23, 24, 26, 27, 28, 29, 30, 31, 32, 33, 34, 35, 36, 37, 38, 41, 42, 44, 45, 46, 47, 48, 49, 50, 51, 52, 53, 54, 55, 56, 57, 58, 59, 60, 61, 62, 64, 65, 68, 74, 122, 128, 168, 175, 230, 236, 277, 283, 323, 329], "summary": {"covered_lines": 62, "num_statements": 62, "percent_covered": 100.0, "percent_covered_display": "100.00", "missing_lines": 0, "excluded_lines": 0}, "missing_lines": [], "excluded_lines": []}}, "classes": {"NoteCreateRequest": {"executed_lines": [], "summary": {"covered_lines": 0, "num_statements": 0, "percent_covered": 100.0, "percent_covered_display": "100.00", "missing_lines": 0, "excluded_lines": 0}, "missing_lines": [], "excluded_lines": []}, "NoteResponse": {"executed_lines": [], "summary": {"covered_lines": 0, "num_statements": 0, "percent_covered": 100.0, "percent_covered_display": "100.00", "missing_lines": 0, "excluded_lines": 0}, "missing_lines": [], "excluded_lines": []}, "NoteResponse.Config": {"executed_lines": [], "summary": {"covered_lines": 0, "num_statements": 0, "percent_covered": 100.0, "percent_covered_display": "100.00", "missing_lines": 0, "excluded_lines": 0}, "missing_lines": [], "excluded_lines": []}, "": {"executed_lines": [1, 3, 4, 5, 7, 8, 9, 11, 12, 13, 14, 15, 16, 18, 19, 23, 24, 26, 27, 28, 29, 30, 31, 32, 33, 34, 35, 36, 37, 38, 41, 42, 44, 45, 46, 47, 48, 49, 50, 51, 52, 53, 54, 55, 56, 57, 58, 59, 60, 61, 62, 64, 65, 68, 74, 122, 128, 168, 175, 230, 236, 277, 283, 323, 329], "summary": {"covered_lines": 62, "num_statements": 109, "percent_covered": 56.88073394495413, "percent_covered_display": "56.88", "missing_lines": 47, "excluded_lines": 0}, "missing_lines": [86, 87, 104, 111, 112, 116, 135, 136, 146, 151, 152, 153, 154, 162, 182, 183, 194, 195, 210, 212, 219, 220, 224, 244, 245, 255, 260, 261, 262, 263, 271, 290, 291, 301, 306, 307, 308, 309, 317, 336, 337, 347, 352, 353, 354, 355, 363], "excluded_lines": []}}}, "api/patients.py": {"executed_lines": [1, 3, 4, 5, 7, 8, 9, 11, 12, 13, 14, 16, 17, 21, 22, 24, 25, 26, 27, 28, 29, 30, 31, 34, 35, 37, 38, 39, 40, 41, 42, 43, 44, 45, 46, 47, 49, 50, 53, 59, 101, 107, 149, 156, 193, 199, 240, 246], "summary": {"covered_lines": 45, "num_statements": 83, "percent_covered": 54.21686746987952, "percent_covered_display": "54.22", "missing_lines": 38, "excluded_lines": 0}, "missing_lines": [67, 71, 81, 90, 91, 95, 114, 115, 127, 132, 133, 134, 135, 143, 163, 164, 175, 180, 181, 182, 183, 187, 207, 208, 218, 223, 224, 225, 226, 234, 253, 254, 264, 269, 270, 271, 272, 280], "excluded_lines": [], "functions": {"get_patients": {"executed_lines": [], "summary": {"covered_lines": 0, "num_statements": 6, "percent_covered": 0.0, "percent_covered_display": "0.00", "missing_lines": 6, "excluded_lines": 0}, "missing_lines": [67, 71, 81, 90, 91, 95], "excluded_lines": []}, "get_patient": {"executed_lines": [], "summary": {"covered_lines": 0, "num_statements": 8, "percent_covered": 0.0, "percent_covered_display": "0.00", "missing_lines": 8, "excluded_lines": 0}, "missing_lines": [114, 115, 127, 132, 133, 134, 135, 143], "excluded_lines": []}, "create_patient": {"executed_lines": [], "summary": {"covered_lines": 0, "num_statements": 8, "percent_covered": 0.0, "percent_covered_display": "0.00", "missing_lines": 8, "excluded_lines": 0}, "missing_lines": [163, 164, 175, 180, 181, 182, 183, 187], "excluded_lines": []}, "update_patient": {"executed_lines": [], "summary": {"covered_lines": 0, "num_statements": 8, "percent_covered": 0.0, "percent_covered_display": "0.00", "missing_lines": 8, "excluded_lines": 0}, "missing_lines": [207, 208, 218, 223, 224, 225, 226, 234], "excluded_lines": []}, "delete_patient": {"executed_lines": [], "summary": {"covered_lines": 0, "num_statements": 8, "percent_covered": 0.0, "percent_covered_display": "0.00", "missing_lines": 8, "excluded_lines": 0}, "missing_lines": [253, 254, 264, 269, 270, 271, 272, 280], "excluded_lines": []}, "": {"executed_lines": [1, 3, 4, 5, 7, 8, 9, 11, 12, 13, 14, 16, 17, 21, 22, 24, 25, 26, 27, 28, 29, 30, 31, 34, 35, 37, 38, 39, 40, 41, 42, 43, 44, 45, 46, 47, 49, 50, 53, 59, 101, 107, 149, 156, 193, 199, 240, 246], "summary": {"covered_lines": 45, "num_statements": 45, "percent_covered": 100.0, "percent_covered_display": "100.00", "missing_lines": 0, "excluded_lines": 0}, "missing_lines": [], "excluded_lines": []}}, "classes": {"PatientCreateRequest": {"executed_lines": [], "summary": {"covered_lines": 0, "num_statements": 0, "percent_covered": 100.0, "percent_covered_display": "100.00", "missing_lines": 0, "excluded_lines": 0}, "missing_lines": [], "excluded_lines": []}, "PatientResponse": {"executed_lines": [], "summary": {"covered_lines": 0, "num_statements": 0, "percent_covered": 100.0, "percent_covered_display": "100.00", "missing_lines": 0, "excluded_lines": 0}, "missing_lines": [], "excluded_lines": []}, "PatientResponse.Config": {"executed_lines": [], "summary": {"covered_lines": 0, "num_statements": 0, "percent_covered": 100.0, "percent_covered_display": "100.00", "missing_lines": 0, "excluded_lines": 0}, "missing_lines": [], "excluded_lines": []}, "": {"executed_lines": [1, 3, 4, 5, 7, 8, 9, 11, 12, 13, 14, 16, 17, 21, 22, 24, 25, 26, 27, 28, 29, 30, 31, 34, 35, 37, 38, 39, 40, 41, 42, 43, 44, 45, 46, 47, 49, 50, 53, 59, 101, 107, 149, 156, 193, 199, 240, 246], "summary": {"covered_lines": 45, "num_statements": 83, "percent_covered": 54.21686746987952, "percent_covered_display": "54.22", "missing_lines": 38, "excluded_lines": 0}, "missing_lines": [67, 71, 81, 90, 91, 95, 114, 115, 127, 132, 133, 134, 135, 143, 163, 164, 175, 180, 181, 182, 183, 187, 207, 208, 218, 223, 224, 225, 226, 234, 253, 254, 264, 269, 270, 271, 272, 280], "excluded_lines": []}}}, "api/providers.py": {"executed_lines": [1, 3, 4, 5, 7, 8, 9, 11, 12, 13, 14, 15, 17, 18, 22, 23, 25, 26, 27, 28, 29, 30, 31, 32, 33, 34, 35, 36, 37, 38, 39, 40, 41, 42, 43, 44, 45, 46, 49, 50, 52, 53, 54, 55, 56, 57, 58, 59, 60, 61, 62, 63, 64, 65, 66, 67, 68, 69, 70, 71, 72, 73, 74, 75, 76, 77, 79, 80, 83, 89, 139, 145, 194, 201, 261, 267, 320, 326], "summary": {"covered_lines": 75, "num_statements": 127, "percent_covered": 59.05511811023622, "percent_covered_display": "59.06", "missing_lines": 52, "excluded_lines": 0}, "missing_lines": [102, 103, 116, 117, 119, 128, 129, 133, 152, 153, 162, 163, 165, 166, 171, 177, 178, 179, 180, 188, 208, 209, 218, 219, 244, 250, 251, 255, 275, 276, 285, 288, 289, 290, 297, 303, 304, 305, 306, 314, 333, 334, 343, 346, 347, 348, 355, 361, 362, 363, 364, 372], "excluded_lines": [], "functions": {"get_providers": {"executed_lines": [], "summary": {"covered_lines": 0, "num_statements": 8, "percent_covered": 0.0, "percent_covered_display": "0.00", "missing_lines": 8, "excluded_lines": 0}, "missing_lines": [102, 103, 116, 117, 119, 128, 129, 133], "excluded_lines": []}, "get_provider": {"executed_lines": [], "summary": {"covered_lines": 0, "num_statements": 12, "percent_covered": 0.0, "percent_covered_display": "0.00", "missing_lines": 12, "excluded_lines": 0}, "missing_lines": [152, 153, 162, 163, 165, 166, 171, 177, 178, 179, 180, 188], "excluded_lines": []}, "create_provider": {"executed_lines": [], "summary": {"covered_lines": 0, "num_statements": 8, "percent_covered": 0.0, "percent_covered_display": "0.00", "missing_lines": 8, "excluded_lines": 0}, "missing_lines": [208, 209, 218, 219, 244, 250, 251, 255], "excluded_lines": []}, "update_provider": {"executed_lines": [], "summary": {"covered_lines": 0, "num_statements": 12, "percent_covered": 0.0, "percent_covered_display": "0.00", "missing_lines": 12, "excluded_lines": 0}, "missing_lines": [275, 276, 285, 288, 289, 290, 297, 303, 304, 305, 306, 314], "excluded_lines": []}, "delete_provider": {"executed_lines": [], "summary": {"covered_lines": 0, "num_statements": 12, "percent_covered": 0.0, "percent_covered_display": "0.00", "missing_lines": 12, "excluded_lines": 0}, "missing_lines": [333, 334, 343, 346, 347, 348, 355, 361, 362, 363, 364, 372], "excluded_lines": []}, "": {"executed_lines": [1, 3, 4, 5, 7, 8, 9, 11, 12, 13, 14, 15, 17, 18, 22, 23, 25, 26, 27, 28, 29, 30, 31, 32, 33, 34, 35, 36, 37, 38, 39, 40, 41, 42, 43, 44, 45, 46, 49, 50, 52, 53, 54, 55, 56, 57, 58, 59, 60, 61, 62, 63, 64, 65, 66, 67, 68, 69, 70, 71, 72, 73, 74, 75, 76, 77, 79, 80, 83, 89, 139, 145, 194, 201, 261, 267, 320, 326], "summary": {"covered_lines": 75, "num_statements": 75, "percent_covered": 100.0, "percent_covered_display": "100.00", "missing_lines": 0, "excluded_lines": 0}, "missing_lines": [], "excluded_lines": []}}, "classes": {"ProviderCreateRequest": {"executed_lines": [], "summary": {"covered_lines": 0, "num_statements": 0, "percent_covered": 100.0, "percent_covered_display": "100.00", "missing_lines": 0, "excluded_lines": 0}, "missing_lines": [], "excluded_lines": []}, "ProviderResponse": {"executed_lines": [], "summary": {"covered_lines": 0, "num_statements": 0, "percent_covered": 100.0, "percent_covered_display": "100.00", "missing_lines": 0, "excluded_lines": 0}, "missing_lines": [], "excluded_lines": []}, "ProviderResponse.Config": {"executed_lines": [], "summary": {"covered_lines": 0, "num_statements": 0, "percent_covered": 100.0, "percent_covered_display": "100.00", "missing_lines": 0, "excluded_lines": 0}, "missing_lines": [], "excluded_lines": []}, "": {"executed_lines": [1, 3, 4, 5, 7, 8, 9, 11, 12, 13, 14, 15, 17, 18, 22, 23, 25, 26, 27, 28, 29, 30, 31, 32, 33, 34, 35, 36, 37, 38, 39, 40, 41, 42, 43, 44, 45, 46, 49, 50, 52, 53, 54, 55, 56, 57, 58, 59, 60, 61, 62, 63, 64, 65, 66, 67, 68, 69, 70, 71, 72, 73, 74, 75, 76, 77, 79, 80, 83, 89, 139, 145, 194, 201, 261, 267, 320, 326], "summary": {"covered_lines": 75, "num_statements": 127, "percent_covered": 59.05511811023622, "percent_covered_display": "59.06", "missing_lines": 52, "excluded_lines": 0}, "missing_lines": [102, 103, 116, 117, 119, 128, 129, 133, 152, 153, 162, 163, 165, 166, 171, 177, 178, 179, 180, 188, 208, 209, 218, 219, 244, 250, 251, 255, 275, 276, 285, 288, 289, 290, 297, 303, 304, 305, 306, 314, 333, 334, 343, 346, 347, 348, 355, 361, 362, 363, 364, 372], "excluded_lines": []}}}, "config/__init__.py": {"executed_lines": [1], "summary": {"covered_lines": 0, "num_statements": 0, "percent_covered": 100.0, "percent_covered_display": "100.00", "missing_lines": 0, "excluded_lines": 0}, "missing_lines": [], "excluded_lines": [], "functions": {"": {"executed_lines": [1], "summary": {"covered_lines": 0, "num_statements": 0, "percent_covered": 100.0, "percent_covered_display": "100.00", "missing_lines": 0, "excluded_lines": 0}, "missing_lines": [], "excluded_lines": []}}, "classes": {"": {"executed_lines": [1], "summary": {"covered_lines": 0, "num_statements": 0, "percent_covered": 100.0, "percent_covered_display": "100.00", "missing_lines": 0, "excluded_lines": 0}, "missing_lines": [], "excluded_lines": []}}}, "config/auth_config.py": {"executed_lines": [1, 3, 4, 7, 8, 10, 61, 67, 73, 79, 85, 91, 92, 96, 97, 101, 108, 121, 124], "summary": {"covered_lines": 17, "num_statements": 65, "percent_covered": 26.153846153846153, "percent_covered_display": "26.15", "missing_lines": 48, "excluded_lines": 0}, "missing_lines": [13, 14, 15, 16, 19, 20, 21, 22, 23, 26, 29, 30, 33, 38, 41, 42, 45, 48, 51, 54, 59, 63, 64, 65, 69, 70, 71, 75, 76, 77, 81, 82, 83, 87, 88, 89, 94, 99, 103, 110, 111, 113, 114, 116, 117, 127, 128, 129], "excluded_lines": [], "functions": {"AuthConfig.__init__": {"executed_lines": [], "summary": {"covered_lines": 0, "num_statements": 21, "percent_covered": 0.0, "percent_covered_display": "0.00", "missing_lines": 21, "excluded_lines": 0}, "missing_lines": [13, 14, 15, 16, 19, 20, 21, 22, 23, 26, 29, 30, 33, 38, 41, 42, 45, 48, 51, 54, 59], "excluded_lines": []}, "AuthConfig._get_oidc_issuer": {"executed_lines": [], "summary": {"covered_lines": 0, "num_statements": 3, "percent_covered": 0.0, "percent_covered_display": "0.00", "missing_lines": 3, "excluded_lines": 0}, "missing_lines": [63, 64, 65], "excluded_lines": []}, "AuthConfig._get_auth_endpoint": {"executed_lines": [], "summary": {"covered_lines": 0, "num_statements": 3, "percent_covered": 0.0, "percent_covered_display": "0.00", "missing_lines": 3, "excluded_lines": 0}, "missing_lines": [69, 70, 71], "excluded_lines": []}, "AuthConfig._get_token_endpoint": {"executed_lines": [], "summary": {"covered_lines": 0, "num_statements": 3, "percent_covered": 0.0, "percent_covered_display": "0.00", "missing_lines": 3, "excluded_lines": 0}, "missing_lines": [75, 76, 77], "excluded_lines": []}, "AuthConfig._get_userinfo_endpoint": {"executed_lines": [], "summary": {"covered_lines": 0, "num_statements": 3, "percent_covered": 0.0, "percent_covered_display": "0.00", "missing_lines": 3, "excluded_lines": 0}, "missing_lines": [81, 82, 83], "excluded_lines": []}, "AuthConfig._get_jwks_uri": {"executed_lines": [], "summary": {"covered_lines": 0, "num_statements": 3, "percent_covered": 0.0, "percent_covered_display": "0.00", "missing_lines": 3, "excluded_lines": 0}, "missing_lines": [87, 88, 89], "excluded_lines": []}, "AuthConfig.callback_url": {"executed_lines": [], "summary": {"covered_lines": 0, "num_statements": 1, "percent_covered": 0.0, "percent_covered_display": "0.00", "missing_lines": 1, "excluded_lines": 0}, "missing_lines": [94], "excluded_lines": []}, "AuthConfig.logout_url": {"executed_lines": [], "summary": {"covered_lines": 0, "num_statements": 1, "percent_covered": 0.0, "percent_covered_display": "0.00", "missing_lines": 1, "excluded_lines": 0}, "missing_lines": [99], "excluded_lines": []}, "AuthConfig.get_auth0_logout_url": {"executed_lines": [], "summary": {"covered_lines": 0, "num_statements": 1, "percent_covered": 0.0, "percent_covered_display": "0.00", "missing_lines": 1, "excluded_lines": 0}, "missing_lines": [103], "excluded_lines": []}, "AuthConfig._validate_required_settings": {"executed_lines": [], "summary": {"covered_lines": 0, "num_statements": 6, "percent_covered": 0.0, "percent_covered_display": "0.00", "missing_lines": 6, "excluded_lines": 0}, "missing_lines": [110, 111, 113, 114, 116, 117], "excluded_lines": []}, "get_auth_config": {"executed_lines": [], "summary": {"covered_lines": 0, "num_statements": 3, "percent_covered": 0.0, "percent_covered_display": "0.00", "missing_lines": 3, "excluded_lines": 0}, "missing_lines": [127, 128, 129], "excluded_lines": []}, "": {"executed_lines": [1, 3, 4, 7, 8, 10, 61, 67, 73, 79, 85, 91, 92, 96, 97, 101, 108, 121, 124], "summary": {"covered_lines": 17, "num_statements": 17, "percent_covered": 100.0, "percent_covered_display": "100.00", "missing_lines": 0, "excluded_lines": 0}, "missing_lines": [], "excluded_lines": []}}, "classes": {"AuthConfig": {"executed_lines": [], "summary": {"covered_lines": 0, "num_statements": 45, "percent_covered": 0.0, "percent_covered_display": "0.00", "missing_lines": 45, "excluded_lines": 0}, "missing_lines": [13, 14, 15, 16, 19, 20, 21, 22, 23, 26, 29, 30, 33, 38, 41, 42, 45, 48, 51, 54, 59, 63, 64, 65, 69, 70, 71, 75, 76, 77, 81, 82, 83, 87, 88, 89, 94, 99, 103, 110, 111, 113, 114, 116, 117], "excluded_lines": []}, "": {"executed_lines": [1, 3, 4, 7, 8, 10, 61, 67, 73, 79, 85, 91, 92, 96, 97, 101, 108, 121, 124], "summary": {"covered_lines": 17, "num_statements": 20, "percent_covered": 85.0, "percent_covered_display": "85.00", "missing_lines": 3, "excluded_lines": 0}, "missing_lines": [127, 128, 129], "excluded_lines": []}}}, "config/phi_config.py": {"executed_lines": [1, 3, 4, 5, 6, 9, 10, 12, 13, 14, 15, 16, 17, 20, 21, 22, 24, 25, 26, 27, 28, 29, 30, 33, 34, 36, 42, 43, 45, 52, 126, 127, 129, 131, 137, 138, 156, 175, 187, 189, 200, 201, 202, 204, 206, 207, 209, 220, 235, 250, 275, 284, 290, 296, 298, 300, 301, 302, 306, 308, 314, 325, 326, 327, 329, 333, 336, 343, 344, 345, 348, 358, 359], "summary": {"covered_lines": 69, "num_statements": 87, "percent_covered": 79.3103448275862, "percent_covered_display": "79.31", "missing_lines": 18, "excluded_lines": 0}, "missing_lines": [157, 176, 203, 205, 218, 229, 230, 231, 232, 233, 244, 245, 246, 247, 248, 267, 303, 304], "excluded_lines": [], "functions": {"PHIConfig.__init__": {"executed_lines": [42, 43], "summary": {"covered_lines": 2, "num_statements": 2, "percent_covered": 100.0, "percent_covered_display": "100.00", "missing_lines": 0, "excluded_lines": 0}, "missing_lines": [], "excluded_lines": []}, "PHIConfig._load_patterns": {"executed_lines": [52, 126, 127, 129], "summary": {"covered_lines": 4, "num_statements": 4, "percent_covered": 100.0, "percent_covered_display": "100.00", "missing_lines": 0, "excluded_lines": 0}, "missing_lines": [], "excluded_lines": []}, "PHIConfig._get_environment_patterns": {"executed_lines": [137, 138, 156, 175, 187], "summary": {"covered_lines": 5, "num_statements": 7, "percent_covered": 71.42857142857143, "percent_covered_display": "71.43", "missing_lines": 2, "excluded_lines": 0}, "missing_lines": [157, 176], "excluded_lines": []}, "PHIConfig.get_active_patterns": {"executed_lines": [200, 201, 202, 204, 206, 207], "summary": {"covered_lines": 6, "num_statements": 8, "percent_covered": 75.0, "percent_covered_display": "75.00", "missing_lines": 2, "excluded_lines": 0}, "missing_lines": [203, 205], "excluded_lines": []}, "PHIConfig.get_pattern": {"executed_lines": [], "summary": {"covered_lines": 0, "num_statements": 1, "percent_covered": 0.0, "percent_covered_display": "0.00", "missing_lines": 1, "excluded_lines": 0}, "missing_lines": [218], "excluded_lines": []}, "PHIConfig.enable_pattern": {"executed_lines": [], "summary": {"covered_lines": 0, "num_statements": 5, "percent_covered": 0.0, "percent_covered_display": "0.00", "missing_lines": 5, "excluded_lines": 0}, "missing_lines": [229, 230, 231, 232, 233], "excluded_lines": []}, "PHIConfig.disable_pattern": {"executed_lines": [], "summary": {"covered_lines": 0, "num_statements": 5, "percent_covered": 0.0, "percent_covered_display": "0.00", "missing_lines": 5, "excluded_lines": 0}, "missing_lines": [244, 245, 246, 247, 248], "excluded_lines": []}, "PHIConfig.add_custom_pattern": {"executed_lines": [], "summary": {"covered_lines": 0, "num_statements": 1, "percent_covered": 0.0, "percent_covered_display": "0.00", "missing_lines": 1, "excluded_lines": 0}, "missing_lines": [267], "excluded_lines": []}, "PHIConfig.get_patterns_by_category": {"executed_lines": [284], "summary": {"covered_lines": 1, "num_statements": 1, "percent_covered": 100.0, "percent_covered_display": "100.00", "missing_lines": 0, "excluded_lines": 0}, "missing_lines": [], "excluded_lines": []}, "PHIConfig.validate_patterns": {"executed_lines": [296, 298, 300, 301, 302, 306], "summary": {"covered_lines": 6, "num_statements": 8, "percent_covered": 75.0, "percent_covered_display": "75.00", "missing_lines": 2, "excluded_lines": 0}, "missing_lines": [303, 304], "excluded_lines": []}, "PHIConfig.get_configuration_summary": {"executed_lines": [314, 325, 326, 327, 329], "summary": {"covered_lines": 5, "num_statements": 5, "percent_covered": 100.0, "percent_covered_display": "100.00", "missing_lines": 0, "excluded_lines": 0}, "missing_lines": [], "excluded_lines": []}, "get_phi_config": {"executed_lines": [343, 344, 345], "summary": {"covered_lines": 3, "num_statements": 3, "percent_covered": 100.0, "percent_covered_display": "100.00", "missing_lines": 0, "excluded_lines": 0}, "missing_lines": [], "excluded_lines": []}, "initialize_phi_config": {"executed_lines": [358, 359], "summary": {"covered_lines": 2, "num_statements": 2, "percent_covered": 100.0, "percent_covered_display": "100.00", "missing_lines": 0, "excluded_lines": 0}, "missing_lines": [], "excluded_lines": []}, "": {"executed_lines": [1, 3, 4, 5, 6, 9, 10, 12, 13, 14, 15, 16, 17, 20, 21, 22, 24, 25, 26, 27, 28, 29, 30, 33, 34, 36, 45, 131, 189, 209, 220, 235, 250, 275, 290, 308, 333, 336, 348], "summary": {"covered_lines": 35, "num_statements": 35, "percent_covered": 100.0, "percent_covered_display": "100.00", "missing_lines": 0, "excluded_lines": 0}, "missing_lines": [], "excluded_lines": []}}, "classes": {"PHICategory": {"executed_lines": [], "summary": {"covered_lines": 0, "num_statements": 0, "percent_covered": 100.0, "percent_covered_display": "100.00", "missing_lines": 0, "excluded_lines": 0}, "missing_lines": [], "excluded_lines": []}, "PHIPattern": {"executed_lines": [], "summary": {"covered_lines": 0, "num_statements": 0, "percent_covered": 100.0, "percent_covered_display": "100.00", "missing_lines": 0, "excluded_lines": 0}, "missing_lines": [], "excluded_lines": []}, "PHIConfig": {"executed_lines": [42, 43, 52, 126, 127, 129, 137, 138, 156, 175, 187, 200, 201, 202, 204, 206, 207, 284, 296, 298, 300, 301, 302, 306, 314, 325, 326, 327, 329], "summary": {"covered_lines": 29, "num_statements": 47, "percent_covered": 61.702127659574465, "percent_covered_display": "61.70", "missing_lines": 18, "excluded_lines": 0}, "missing_lines": [157, 176, 203, 205, 218, 229, 230, 231, 232, 233, 244, 245, 246, 247, 248, 267, 303, 304], "excluded_lines": []}, "": {"executed_lines": [1, 3, 4, 5, 6, 9, 10, 12, 13, 14, 15, 16, 17, 20, 21, 22, 24, 25, 26, 27, 28, 29, 30, 33, 34, 36, 45, 131, 189, 209, 220, 235, 250, 275, 290, 308, 333, 336, 343, 344, 345, 348, 358, 359], "summary": {"covered_lines": 40, "num_statements": 40, "percent_covered": 100.0, "percent_covered_display": "100.00", "missing_lines": 0, "excluded_lines": 0}, "missing_lines": [], "excluded_lines": []}}}, "core/__init__.py": {"executed_lines": [1], "summary": {"covered_lines": 0, "num_statements": 0, "percent_covered": 100.0, "percent_covered_display": "100.00", "missing_lines": 0, "excluded_lines": 0}, "missing_lines": [], "excluded_lines": [], "functions": {"": {"executed_lines": [1], "summary": {"covered_lines": 0, "num_statements": 0, "percent_covered": 100.0, "percent_covered_display": "100.00", "missing_lines": 0, "excluded_lines": 0}, "missing_lines": [], "excluded_lines": []}}, "classes": {"": {"executed_lines": [1], "summary": {"covered_lines": 0, "num_statements": 0, "percent_covered": 100.0, "percent_covered_display": "100.00", "missing_lines": 0, "excluded_lines": 0}, "missing_lines": [], "excluded_lines": []}}}, "core/config.py": {"executed_lines": [1, 7, 9, 10, 12, 15, 16, 18, 22, 25, 26, 29, 30, 31, 34, 35, 36, 37, 40, 41, 42, 43, 44, 45, 46, 47, 50, 53, 54, 55, 58, 61, 64, 67, 70, 71, 76, 77, 78, 79, 80, 81, 84, 85, 88, 91, 94, 100, 101, 104, 105, 106, 109, 112, 113, 114, 117, 120, 121, 122, 123, 125, 126, 127, 129, 131, 133, 142, 145, 148, 149, 150], "summary": {"covered_lines": 70, "num_statements": 75, "percent_covered": 93.33333333333333, "percent_covered_display": "93.33", "missing_lines": 5, "excluded_lines": 0}, "missing_lines": [130, 135, 136, 137, 138], "excluded_lines": [], "functions": {"Settings.__init__": {"executed_lines": [25, 26], "summary": {"covered_lines": 2, "num_statements": 2, "percent_covered": 100.0, "percent_covered_display": "100.00", "missing_lines": 0, "excluded_lines": 0}, "missing_lines": [], "excluded_lines": []}, "Settings.parse_cors_origins": {"executed_lines": [129, 131], "summary": {"covered_lines": 2, "num_statements": 3, "percent_covered": 66.66666666666667, "percent_covered_display": "66.67", "missing_lines": 1, "excluded_lines": 0}, "missing_lines": [130], "excluded_lines": []}, "Settings.get_cors_origins_list": {"executed_lines": [], "summary": {"covered_lines": 0, "num_statements": 4, "percent_covered": 0.0, "percent_covered_display": "0.00", "missing_lines": 4, "excluded_lines": 0}, "missing_lines": [135, 136, 137, 138], "excluded_lines": []}, "get_settings": {"executed_lines": [148, 149, 150], "summary": {"covered_lines": 3, "num_statements": 3, "percent_covered": 100.0, "percent_covered_display": "100.00", "missing_lines": 0, "excluded_lines": 0}, "missing_lines": [], "excluded_lines": []}, "": {"executed_lines": [1, 7, 9, 10, 12, 15, 16, 18, 22, 29, 30, 31, 34, 35, 36, 37, 40, 41, 42, 43, 44, 45, 46, 47, 50, 53, 54, 55, 58, 61, 64, 67, 70, 71, 76, 77, 78, 79, 80, 81, 84, 85, 88, 91, 94, 100, 101, 104, 105, 106, 109, 112, 113, 114, 117, 120, 121, 122, 123, 125, 126, 127, 133, 142, 145], "summary": {"covered_lines": 63, "num_statements": 63, "percent_covered": 100.0, "percent_covered_display": "100.00", "missing_lines": 0, "excluded_lines": 0}, "missing_lines": [], "excluded_lines": []}}, "classes": {"Settings": {"executed_lines": [25, 26, 129, 131], "summary": {"covered_lines": 4, "num_statements": 9, "percent_covered": 44.44444444444444, "percent_covered_display": "44.44", "missing_lines": 5, "excluded_lines": 0}, "missing_lines": [130, 135, 136, 137, 138], "excluded_lines": []}, "": {"executed_lines": [1, 7, 9, 10, 12, 15, 16, 18, 22, 29, 30, 31, 34, 35, 36, 37, 40, 41, 42, 43, 44, 45, 46, 47, 50, 53, 54, 55, 58, 61, 64, 67, 70, 71, 76, 77, 78, 79, 80, 81, 84, 85, 88, 91, 94, 100, 101, 104, 105, 106, 109, 112, 113, 114, 117, 120, 121, 122, 123, 125, 126, 127, 133, 142, 145, 148, 149, 150], "summary": {"covered_lines": 66, "num_statements": 66, "percent_covered": 100.0, "percent_covered_display": "100.00", "missing_lines": 0, "excluded_lines": 0}, "missing_lines": [], "excluded_lines": []}}}, "core/env_loader.py": {"executed_lines": [1, 7, 8, 9, 11, 13, 16, 28, 29, 32, 35, 37, 38, 45, 48, 49, 50, 56, 57, 65, 106, 123], "summary": {"covered_lines": 21, "num_statements": 57, "percent_covered": 36.8421052631579, "percent_covered_display": "36.84", "missing_lines": 36, "excluded_lines": 0}, "missing_lines": [39, 40, 41, 42, 51, 52, 53, 54, 59, 71, 72, 73, 74, 77, 78, 81, 82, 83, 84, 87, 88, 89, 90, 94, 95, 97, 101, 102, 103, 112, 129, 131, 132, 133, 134, 136], "excluded_lines": [], "functions": {"load_environment_config": {"executed_lines": [28, 29, 32, 35, 37, 38, 45, 48, 49, 50, 56, 57], "summary": {"covered_lines": 12, "num_statements": 21, "percent_covered": 57.142857142857146, "percent_covered_display": "57.14", "missing_lines": 9, "excluded_lines": 0}, "missing_lines": [39, 40, 41, 42, 51, 52, 53, 54, 59], "excluded_lines": []}, "_load_env_file": {"executed_lines": [], "summary": {"covered_lines": 0, "num_statements": 20, "percent_covered": 0.0, "percent_covered_display": "0.00", "missing_lines": 20, "excluded_lines": 0}, "missing_lines": [71, 72, 73, 74, 77, 78, 81, 82, 83, 84, 87, 88, 89, 90, 94, 95, 97, 101, 102, 103], "excluded_lines": []}, "get_environment_info": {"executed_lines": [], "summary": {"covered_lines": 0, "num_statements": 1, "percent_covered": 0.0, "percent_covered_display": "0.00", "missing_lines": 1, "excluded_lines": 0}, "missing_lines": [112], "excluded_lines": []}, "validate_required_env_vars": {"executed_lines": [], "summary": {"covered_lines": 0, "num_statements": 6, "percent_covered": 0.0, "percent_covered_display": "0.00", "missing_lines": 6, "excluded_lines": 0}, "missing_lines": [129, 131, 132, 133, 134, 136], "excluded_lines": []}, "": {"executed_lines": [1, 7, 8, 9, 11, 13, 16, 65, 106, 123], "summary": {"covered_lines": 9, "num_statements": 9, "percent_covered": 100.0, "percent_covered_display": "100.00", "missing_lines": 0, "excluded_lines": 0}, "missing_lines": [], "excluded_lines": []}}, "classes": {"": {"executed_lines": [1, 7, 8, 9, 11, 13, 16, 28, 29, 32, 35, 37, 38, 45, 48, 49, 50, 56, 57, 65, 106, 123], "summary": {"covered_lines": 21, "num_statements": 57, "percent_covered": 36.8421052631579, "percent_covered_display": "36.84", "missing_lines": 36, "excluded_lines": 0}, "missing_lines": [39, 40, 41, 42, 51, 52, 53, 54, 59, 71, 72, 73, 74, 77, 78, 81, 82, 83, 84, 87, 88, 89, 90, 94, 95, 97, 101, 102, 103, 112, 129, 131, 132, 133, 134, 136], "excluded_lines": []}}}, "core/exceptions.py": {"executed_lines": [1, 7, 8, 10, 13, 14, 16, 22, 23, 24, 25, 28, 34, 35, 37, 43, 46, 47, 49, 58, 59, 61, 70, 71, 73, 82, 83, 85, 94, 95, 97, 106, 107, 109, 118, 119, 121, 130, 131, 133, 142, 143, 145], "summary": {"covered_lines": 31, "num_statements": 41, "percent_covered": 75.60975609756098, "percent_covered_display": "75.61", "missing_lines": 10, "excluded_lines": 0}, "missing_lines": [55, 67, 79, 91, 103, 115, 127, 139, 151, 154], "excluded_lines": [], "functions": {"PMSException.__init__": {"executed_lines": [22, 23, 24, 25, 28], "summary": {"covered_lines": 5, "num_statements": 5, "percent_covered": 100.0, "percent_covered_display": "100.00", "missing_lines": 0, "excluded_lines": 0}, "missing_lines": [], "excluded_lines": []}, "AuthenticationError.__init__": {"executed_lines": [43], "summary": {"covered_lines": 1, "num_statements": 1, "percent_covered": 100.0, "percent_covered_display": "100.00", "missing_lines": 0, "excluded_lines": 0}, "missing_lines": [], "excluded_lines": []}, "AuthorizationError.__init__": {"executed_lines": [], "summary": {"covered_lines": 0, "num_statements": 1, "percent_covered": 0.0, "percent_covered_display": "0.00", "missing_lines": 1, "excluded_lines": 0}, "missing_lines": [55], "excluded_lines": []}, "ValidationError.__init__": {"executed_lines": [], "summary": {"covered_lines": 0, "num_statements": 1, "percent_covered": 0.0, "percent_covered_display": "0.00", "missing_lines": 1, "excluded_lines": 0}, "missing_lines": [67], "excluded_lines": []}, "TokenError.__init__": {"executed_lines": [], "summary": {"covered_lines": 0, "num_statements": 1, "percent_covered": 0.0, "percent_covered_display": "0.00", "missing_lines": 1, "excluded_lines": 0}, "missing_lines": [79], "excluded_lines": []}, "SessionError.__init__": {"executed_lines": [], "summary": {"covered_lines": 0, "num_statements": 1, "percent_covered": 0.0, "percent_covered_display": "0.00", "missing_lines": 1, "excluded_lines": 0}, "missing_lines": [91], "excluded_lines": []}, "ConfigurationError.__init__": {"executed_lines": [], "summary": {"covered_lines": 0, "num_statements": 1, "percent_covered": 0.0, "percent_covered_display": "0.00", "missing_lines": 1, "excluded_lines": 0}, "missing_lines": [103], "excluded_lines": []}, "DatabaseError.__init__": {"executed_lines": [], "summary": {"covered_lines": 0, "num_statements": 1, "percent_covered": 0.0, "percent_covered_display": "0.00", "missing_lines": 1, "excluded_lines": 0}, "missing_lines": [115], "excluded_lines": []}, "ExternalServiceError.__init__": {"executed_lines": [], "summary": {"covered_lines": 0, "num_statements": 1, "percent_covered": 0.0, "percent_covered_display": "0.00", "missing_lines": 1, "excluded_lines": 0}, "missing_lines": [127], "excluded_lines": []}, "RateLimitError.__init__": {"executed_lines": [], "summary": {"covered_lines": 0, "num_statements": 1, "percent_covered": 0.0, "percent_covered_display": "0.00", "missing_lines": 1, "excluded_lines": 0}, "missing_lines": [139], "excluded_lines": []}, "HIPAAComplianceError.__init__": {"executed_lines": [], "summary": {"covered_lines": 0, "num_statements": 2, "percent_covered": 0.0, "percent_covered_display": "0.00", "missing_lines": 2, "excluded_lines": 0}, "missing_lines": [151, 154], "excluded_lines": []}, "": {"executed_lines": [1, 7, 8, 10, 13, 14, 16, 34, 35, 37, 46, 47, 49, 58, 59, 61, 70, 71, 73, 82, 83, 85, 94, 95, 97, 106, 107, 109, 118, 119, 121, 130, 131, 133, 142, 143, 145], "summary": {"covered_lines": 25, "num_statements": 25, "percent_covered": 100.0, "percent_covered_display": "100.00", "missing_lines": 0, "excluded_lines": 0}, "missing_lines": [], "excluded_lines": []}}, "classes": {"PMSException": {"executed_lines": [22, 23, 24, 25, 28], "summary": {"covered_lines": 5, "num_statements": 5, "percent_covered": 100.0, "percent_covered_display": "100.00", "missing_lines": 0, "excluded_lines": 0}, "missing_lines": [], "excluded_lines": []}, "AuthenticationError": {"executed_lines": [43], "summary": {"covered_lines": 1, "num_statements": 1, "percent_covered": 100.0, "percent_covered_display": "100.00", "missing_lines": 0, "excluded_lines": 0}, "missing_lines": [], "excluded_lines": []}, "AuthorizationError": {"executed_lines": [], "summary": {"covered_lines": 0, "num_statements": 1, "percent_covered": 0.0, "percent_covered_display": "0.00", "missing_lines": 1, "excluded_lines": 0}, "missing_lines": [55], "excluded_lines": []}, "ValidationError": {"executed_lines": [], "summary": {"covered_lines": 0, "num_statements": 1, "percent_covered": 0.0, "percent_covered_display": "0.00", "missing_lines": 1, "excluded_lines": 0}, "missing_lines": [67], "excluded_lines": []}, "TokenError": {"executed_lines": [], "summary": {"covered_lines": 0, "num_statements": 1, "percent_covered": 0.0, "percent_covered_display": "0.00", "missing_lines": 1, "excluded_lines": 0}, "missing_lines": [79], "excluded_lines": []}, "SessionError": {"executed_lines": [], "summary": {"covered_lines": 0, "num_statements": 1, "percent_covered": 0.0, "percent_covered_display": "0.00", "missing_lines": 1, "excluded_lines": 0}, "missing_lines": [91], "excluded_lines": []}, "ConfigurationError": {"executed_lines": [], "summary": {"covered_lines": 0, "num_statements": 1, "percent_covered": 0.0, "percent_covered_display": "0.00", "missing_lines": 1, "excluded_lines": 0}, "missing_lines": [103], "excluded_lines": []}, "DatabaseError": {"executed_lines": [], "summary": {"covered_lines": 0, "num_statements": 1, "percent_covered": 0.0, "percent_covered_display": "0.00", "missing_lines": 1, "excluded_lines": 0}, "missing_lines": [115], "excluded_lines": []}, "ExternalServiceError": {"executed_lines": [], "summary": {"covered_lines": 0, "num_statements": 1, "percent_covered": 0.0, "percent_covered_display": "0.00", "missing_lines": 1, "excluded_lines": 0}, "missing_lines": [127], "excluded_lines": []}, "RateLimitError": {"executed_lines": [], "summary": {"covered_lines": 0, "num_statements": 1, "percent_covered": 0.0, "percent_covered_display": "0.00", "missing_lines": 1, "excluded_lines": 0}, "missing_lines": [139], "excluded_lines": []}, "HIPAAComplianceError": {"executed_lines": [], "summary": {"covered_lines": 0, "num_statements": 2, "percent_covered": 0.0, "percent_covered_display": "0.00", "missing_lines": 2, "excluded_lines": 0}, "missing_lines": [151, 154], "excluded_lines": []}, "": {"executed_lines": [1, 7, 8, 10, 13, 14, 16, 34, 35, 37, 46, 47, 49, 58, 59, 61, 70, 71, 73, 82, 83, 85, 94, 95, 97, 106, 107, 109, 118, 119, 121, 130, 131, 133, 142, 143, 145], "summary": {"covered_lines": 25, "num_statements": 25, "percent_covered": 100.0, "percent_covered_display": "100.00", "missing_lines": 0, "excluded_lines": 0}, "missing_lines": [], "excluded_lines": []}}}, "database.py": {"executed_lines": [1, 3, 4, 5, 6, 8, 9, 10, 13, 15, 16, 26, 31, 32, 43, 50, 58, 60, 66, 67, 78, 87, 89, 90, 91, 93, 96, 102, 108, 113, 119, 121, 122, 123, 124, 129, 131, 132, 133, 134, 140], "summary": {"covered_lines": 40, "num_statements": 63, "percent_covered": 63.492063492063494, "percent_covered_display": "63.49", "missing_lines": 23, "excluded_lines": 0}, "missing_lines": [17, 19, 20, 22, 23, 37, 72, 73, 75, 80, 81, 82, 84, 98, 99, 104, 105, 110, 115, 125, 126, 135, 136], "excluded_lines": [], "functions": {"receive_before_cursor_execute": {"executed_lines": [], "summary": {"covered_lines": 0, "num_statements": 3, "percent_covered": 0.0, "percent_covered_display": "0.00", "missing_lines": 3, "excluded_lines": 0}, "missing_lines": [72, 73, 75], "excluded_lines": []}, "get_db": {"executed_lines": [], "summary": {"covered_lines": 0, "num_statements": 4, "percent_covered": 0.0, "percent_covered_display": "0.00", "missing_lines": 4, "excluded_lines": 0}, "missing_lines": [80, 81, 82, 84], "excluded_lines": []}, "get_async_db": {"executed_lines": [89, 90, 91, 93], "summary": {"covered_lines": 4, "num_statements": 4, "percent_covered": 100.0, "percent_covered_display": "100.00", "missing_lines": 0, "excluded_lines": 0}, "missing_lines": [], "excluded_lines": []}, "create_tables": {"executed_lines": [], "summary": {"covered_lines": 0, "num_statements": 2, "percent_covered": 0.0, "percent_covered_display": "0.00", "missing_lines": 2, "excluded_lines": 0}, "missing_lines": [98, 99], "excluded_lines": []}, "drop_tables": {"executed_lines": [], "summary": {"covered_lines": 0, "num_statements": 2, "percent_covered": 0.0, "percent_covered_display": "0.00", "missing_lines": 2, "excluded_lines": 0}, "missing_lines": [104, 105], "excluded_lines": []}, "create_tables_sync": {"executed_lines": [], "summary": {"covered_lines": 0, "num_statements": 1, "percent_covered": 0.0, "percent_covered_display": "0.00", "missing_lines": 1, "excluded_lines": 0}, "missing_lines": [110], "excluded_lines": []}, "drop_tables_sync": {"executed_lines": [], "summary": {"covered_lines": 0, "num_statements": 1, "percent_covered": 0.0, "percent_covered_display": "0.00", "missing_lines": 1, "excluded_lines": 0}, "missing_lines": [115], "excluded_lines": []}, "check_database_health": {"executed_lines": [121, 122, 123, 124], "summary": {"covered_lines": 4, "num_statements": 6, "percent_covered": 66.66666666666667, "percent_covered_display": "66.67", "missing_lines": 2, "excluded_lines": 0}, "missing_lines": [125, 126], "excluded_lines": []}, "check_database_health_async": {"executed_lines": [131, 132, 133, 134], "summary": {"covered_lines": 4, "num_statements": 6, "percent_covered": 66.66666666666667, "percent_covered_display": "66.67", "missing_lines": 2, "excluded_lines": 0}, "missing_lines": [135, 136], "excluded_lines": []}, "": {"executed_lines": [1, 3, 4, 5, 6, 8, 9, 10, 13, 15, 16, 26, 31, 32, 43, 50, 58, 60, 66, 67, 78, 87, 96, 102, 108, 113, 119, 129, 140], "summary": {"covered_lines": 28, "num_statements": 34, "percent_covered": 82.3529411764706, "percent_covered_display": "82.35", "missing_lines": 6, "excluded_lines": 0}, "missing_lines": [17, 19, 20, 22, 23, 37], "excluded_lines": []}}, "classes": {"": {"executed_lines": [1, 3, 4, 5, 6, 8, 9, 10, 13, 15, 16, 26, 31, 32, 43, 50, 58, 60, 66, 67, 78, 87, 89, 90, 91, 93, 96, 102, 108, 113, 119, 121, 122, 123, 124, 129, 131, 132, 133, 134, 140], "summary": {"covered_lines": 40, "num_statements": 63, "percent_covered": 63.492063492063494, "percent_covered_display": "63.49", "missing_lines": 23, "excluded_lines": 0}, "missing_lines": [17, 19, 20, 22, 23, 37, 72, 73, 75, 80, 81, 82, 84, 98, 99, 104, 105, 110, 115, 125, 126, 135, 136], "excluded_lines": []}}}, "demo_database.py": {"executed_lines": [], "summary": {"covered_lines": 0, "num_statements": 79, "percent_covered": 0.0, "percent_covered_display": "0.00", "missing_lines": 79, "excluded_lines": 20}, "missing_lines": [4, 5, 6, 7, 8, 10, 11, 14, 17, 20, 23, 24, 26, 29, 30, 31, 34, 37, 38, 41, 42, 44, 45, 47, 48, 51, 59, 60, 62, 63, 64, 65, 68, 78, 79, 81, 82, 83, 84, 85, 88, 98, 99, 101, 102, 103, 104, 107, 108, 109, 112, 115, 116, 117, 119, 120, 121, 124, 125, 126, 127, 129, 130, 131, 132, 133, 134, 135, 137, 139, 140, 141, 142, 145, 148, 150, 151, 152, 153], "excluded_lines": [156, 157, 158, 160, 161, 162, 163, 166, 167, 168, 169, 170, 171, 173, 174, 175, 176, 177, 178, 179], "functions": {"create_demo_database": {"executed_lines": [], "summary": {"covered_lines": 0, "num_statements": 57, "percent_covered": 0.0, "percent_covered_display": "0.00", "missing_lines": 57, "excluded_lines": 0}, "missing_lines": [37, 38, 41, 42, 44, 45, 47, 48, 51, 59, 60, 62, 63, 64, 65, 68, 78, 79, 81, 82, 83, 84, 85, 88, 98, 99, 101, 102, 103, 104, 107, 108, 109, 112, 115, 116, 117, 119, 120, 121, 124, 125, 126, 127, 129, 130, 131, 132, 133, 134, 135, 137, 139, 140, 141, 142, 145], "excluded_lines": []}, "cleanup_demo": {"executed_lines": [], "summary": {"covered_lines": 0, "num_statements": 4, "percent_covered": 0.0, "percent_covered_display": "0.00", "missing_lines": 4, "excluded_lines": 0}, "missing_lines": [150, 151, 152, 153], "excluded_lines": []}, "": {"executed_lines": [], "summary": {"covered_lines": 0, "num_statements": 18, "percent_covered": 0.0, "percent_covered_display": "0.00", "missing_lines": 18, "excluded_lines": 20}, "missing_lines": [4, 5, 6, 7, 8, 10, 11, 14, 17, 20, 23, 24, 26, 29, 30, 31, 34, 148], "excluded_lines": [156, 157, 158, 160, 161, 162, 163, 166, 167, 168, 169, 170, 171, 173, 174, 175, 176, 177, 178, 179]}}, "classes": {"": {"executed_lines": [], "summary": {"covered_lines": 0, "num_statements": 79, "pe
[...]
d": 100.0, "percent_covered_display": "100.00", "missing_lines": 0, "excluded_lines": 0}, "missing_lines": [], "excluded_lines": []}, "AuthorizationError": {"executed_lines": [93], "summary": {"covered_lines": 1, "num_statements": 1, "percent_covered": 100.0, "percent_covered_display": "100.00", "missing_lines": 0, "excluded_lines": 0}, "missing_lines": [], "excluded_lines": []}, "NotFoundError": {"executed_lines": [111], "summary": {"covered_lines": 1, "num_statements": 1, "percent_covered": 100.0, "percent_covered_display": "100.00", "missing_lines": 0, "excluded_lines": 0}, "missing_lines": [], "excluded_lines": []}, "DatabaseError": {"executed_lines": [129], "summary": {"covered_lines": 1, "num_statements": 1, "percent_covered": 100.0, "percent_covered_display": "100.00", "missing_lines": 0, "excluded_lines": 0}, "missing_lines": [], "excluded_lines": []}, "": {"executed_lines": [1, 3, 4, 5, 7, 8, 9, 10, 12, 13, 15, 18, 19, 21, 22, 23, 24, 29, 30, 32, 48, 49, 51, 66, 67, 69, 84, 85, 87, 102, 103, 105, 120, 121, 123, 138, 143, 144, 149, 150, 156, 163, 172, 173, 174, 179, 191, 192, 193, 198, 208, 219, 222, 233, 236, 237, 238, 239, 240, 242, 254], "summary": {"covered_lines": 53, "num_statements": 57, "percent_covered": 92.98245614035088, "percent_covered_display": "92.98", "missing_lines": 4, "excluded_lines": 0}, "missing_lines": [175, 176, 205, 206], "excluded_lines": []}}}, "utils/feature_flags.py": {"executed_lines": [1, 3, 5, 8, 9, 11, 13, 15, 17, 19, 21, 23, 25, 27, 36, 37, 42, 43, 49, 50, 57, 59, 61, 69, 72, 75, 76, 77], "summary": {"covered_lines": 26, "num_statements": 26, "percent_covered": 100.0, "percent_covered_display": "100.00", "missing_lines": 0, "excluded_lines": 0}, "missing_lines": [], "excluded_lines": [], "functions": {"FeatureFlags.__init__": {"executed_lines": [13], "summary": {"covered_lines": 1, "num_statements": 1, "percent_covered": 100.0, "percent_covered_display": "100.00", "missing_lines": 0, "excluded_lines": 0}, "missing_lines": [], "excluded_lines": []}, "FeatureFlags.is_mock_edi_enabled": {"executed_lines": [17], "summary": {"covered_lines": 1, "num_statements": 1, "percent_covered": 100.0, "percent_covered_display": "100.00", "missing_lines": 0, "excluded_lines": 0}, "missing_lines": [], "excluded_lines": []}, "FeatureFlags.is_mock_payments_enabled": {"executed_lines": [21], "summary": {"covered_lines": 1, "num_statements": 1, "percent_covered": 100.0, "percent_covered_display": "100.00", "missing_lines": 0, "excluded_lines": 0}, "missing_lines": [], "excluded_lines": []}, "FeatureFlags.is_mock_video_enabled": {"executed_lines": [25], "summary": {"covered_lines": 1, "num_statements": 1, "percent_covered": 100.0, "percent_covered_display": "100.00", "missing_lines": 0, "excluded_lines": 0}, "missing_lines": [], "excluded_lines": []}, "FeatureFlags.get_service_config": {"executed_lines": [36, 37, 42, 43, 49, 50, 57], "summary": {"covered_lines": 7, "num_statements": 7, "percent_covered": 100.0, "percent_covered_display": "100.00", "missing_lines": 0, "excluded_lines": 0}, "missing_lines": [], "excluded_lines": []}, "FeatureFlags.get_all_flags": {"executed_lines": [61], "summary": {"covered_lines": 1, "num_statements": 1, "percent_covered": 100.0, "percent_covered_display": "100.00", "missing_lines": 0, "excluded_lines": 0}, "missing_lines": [], "excluded_lines": []}, "get_feature_flags": {"executed_lines": [75, 76, 77], "summary": {"covered_lines": 3, "num_statements": 3, "percent_covered": 100.0, "percent_covered_display": "100.00", "missing_lines": 0, "excluded_lines": 0}, "missing_lines": [], "excluded_lines": []}, "": {"executed_lines": [1, 3, 5, 8, 9, 11, 15, 19, 23, 27, 59, 69, 72], "summary": {"covered_lines": 11, "num_statements": 11, "percent_covered": 100.0, "percent_covered_display": "100.00", "missing_lines": 0, "excluded_lines": 0}, "missing_lines": [], "excluded_lines": []}}, "classes": {"FeatureFlags": {"executed_lines": [13, 17, 21, 25, 36, 37, 42, 43, 49, 50, 57, 61], "summary": {"covered_lines": 12, "num_statements": 12, "percent_covered": 100.0, "percent_covered_display": "100.00", "missing_lines": 0, "excluded_lines": 0}, "missing_lines": [], "excluded_lines": []}, "": {"executed_lines": [1, 3, 5, 8, 9, 11, 15, 19, 23, 27, 59, 69, 72, 75, 76, 77], "summary": {"covered_lines": 14, "num_statements": 14, "percent_covered": 100.0, "percent_covered_display": "100.00", "missing_lines": 0, "excluded_lines": 0}, "missing_lines": [], "excluded_lines": []}}}, "utils/logging_config.py": {"executed_lines": [1, 3, 4, 6, 8, 11, 25, 26, 27, 29, 32, 45, 47, 48, 50, 51, 53, 55, 58, 72, 73, 74, 76, 79, 92, 98, 112, 113, 115, 118, 127, 136, 139, 140, 142, 148, 149, 151, 161, 169, 184, 193, 210, 221, 236, 245, 262, 263, 276], "summary": {"covered_lines": 47, "num_statements": 47, "percent_covered": 100.0, "percent_covered_display": "100.00", "missing_lines": 0, "excluded_lines": 0}, "missing_lines": [], "excluded_lines": [], "functions": {"phi_scrubbing_processor": {"executed_lines": [25, 26, 27, 29], "summary": {"covered_lines": 4, "num_statements": 4, "percent_covered": 100.0, "percent_covered_display": "100.00", "missing_lines": 0, "excluded_lines": 0}, "missing_lines": [], "excluded_lines": []}, "correlation_id_processor": {"executed_lines": [45, 47, 48, 50, 51, 53, 55], "summary": {"covered_lines": 7, "num_statements": 7, "percent_covered": 100.0, "percent_covered_display": "100.00", "missing_lines": 0, "excluded_lines": 0}, "missing_lines": [], "excluded_lines": []}, "immutable_audit_processor": {"executed_lines": [72, 73, 74, 76], "summary": {"covered_lines": 4, "num_statements": 4, "percent_covered": 100.0, "percent_covered_display": "100.00", "missing_lines": 0, "excluded_lines": 0}, "missing_lines": [], "excluded_lines": []}, "configure_structured_logging": {"executed_lines": [92, 98, 112, 113, 115, 118], "summary": {"covered_lines": 6, "num_statements": 6, "percent_covered": 100.0, "percent_covered_display": "100.00", "missing_lines": 0, "excluded_lines": 0}, "missing_lines": [], "excluded_lines": []}, "get_logger": {"executed_lines": [136], "summary": {"covered_lines": 1, "num_statements": 1, "percent_covered": 100.0, "percent_covered_display": "100.00", "missing_lines": 0, "excluded_lines": 0}, "missing_lines": [], "excluded_lines": []}, "StandardizedLogger.__init__": {"executed_lines": [148, 149], "summary": {"covered_lines": 2, "num_statements": 2, "percent_covered": 100.0, "percent_covered_display": "100.00", "missing_lines": 0, "excluded_lines": 0}, "missing_lines": [], "excluded_lines": []}, "StandardizedLogger.log_operation_start": {"executed_lines": [161], "summary": {"covered_lines": 1, "num_statements": 1, "percent_covered": 100.0, "percent_covered_display": "100.00", "missing_lines": 0, "excluded_lines": 0}, "missing_lines": [], "excluded_lines": []}, "StandardizedLogger.log_operation_success": {"executed_lines": [184], "summary": {"covered_lines": 1, "num_statements": 1, "percent_covered": 100.0, "percent_covered_display": "100.00", "missing_lines": 0, "excluded_lines": 0}, "missing_lines": [], "excluded_lines": []}, "StandardizedLogger.log_operation_error": {"executed_lines": [210], "summary": {"covered_lines": 1, "num_statements": 1, "percent_covered": 100.0, "percent_covered_display": "100.00", "missing_lines": 0, "excluded_lines": 0}, "missing_lines": [], "excluded_lines": []}, "StandardizedLogger.log_user_action": {"executed_lines": [236], "summary": {"covered_lines": 1, "num_statements": 1, "percent_covered": 100.0, "percent_covered_display": "100.00", "missing_lines": 0, "excluded_lines": 0}, "missing_lines": [], "excluded_lines": []}, "StandardizedLogger.log_security_event": {"executed_lines": [262, 263], "summary": {"covered_lines": 2, "num_statements": 2, "percent_covered": 100.0, "percent_covered_display": "100.00", "missing_lines": 0, "excluded_lines": 0}, "missing_lines": [], "excluded_lines": []}, "": {"executed_lines": [1, 3, 4, 6, 8, 11, 32, 58, 79, 127, 139, 140, 142, 151, 169, 193, 221, 245, 276], "summary": {"covered_lines": 17, "num_statements": 17, "percent_covered": 100.0, "percent_covered_display": "100.00", "missing_lines": 0, "excluded_lines": 0}, "missing_lines": [], "excluded_lines": []}}, "classes": {"StandardizedLogger": {"executed_lines": [148, 149, 161, 184, 210, 236, 262, 263], "summary": {"covered_lines": 8, "num_statements": 8, "percent_covered": 100.0, "percent_covered_display": "100.00", "missing_lines": 0, "excluded_lines": 0}, "missing_lines": [], "excluded_lines": []}, "": {"executed_lines": [1, 3, 4, 6, 8, 11, 25, 26, 27, 29, 32, 45, 47, 48, 50, 51, 53, 55, 58, 72, 73, 74, 76, 79, 92, 98, 112, 113, 115, 118, 127, 136, 139, 140, 142, 151, 169, 193, 221, 245, 276], "summary": {"covered_lines": 39, "num_statements": 39, "percent_covered": 100.0, "percent_covered_display": "100.00", "missing_lines": 0, "excluded_lines": 0}, "missing_lines": [], "excluded_lines": []}}}, "utils/metrics.py": {"executed_lines": [1, 3, 4, 6, 14, 17, 28, 35, 36, 43, 51, 54, 61, 62, 65, 72, 78, 102, 103, 105, 106, 107, 108, 110, 111, 113, 114, 116, 118, 120, 123], "summary": {"covered_lines": 29, "num_statements": 36, "percent_covered": 80.55555555555556, "percent_covered_display": "80.56", "missing_lines": 7, "excluded_lines": 0}, "missing_lines": [86, 87, 89, 92, 94, 96, 98], "excluded_lines": [], "functions": {"track_crud_operation": {"executed_lines": [28, 35, 36], "summary": {"covered_lines": 3, "num_statements": 3, "percent_covered": 100.0, "percent_covered_display": "100.00", "missing_lines": 0, "excluded_lines": 0}, "missing_lines": [], "excluded_lines": []}, "track_authentication": {"executed_lines": [51], "summary": {"covered_lines": 1, "num_statements": 1, "percent_covered": 100.0, "percent_covered_display": "100.00", "missing_lines": 0, "excluded_lines": 0}, "missing_lines": [], "excluded_lines": []}, "track_phi_scrubbing": {"executed_lines": [61, 62], "summary": {"covered_lines": 2, "num_statements": 2, "percent_covered": 100.0, "percent_covered_display": "100.00", "missing_lines": 0, "excluded_lines": 0}, "missing_lines": [], "excluded_lines": []}, "track_business_event": {"executed_lines": [72], "summary": {"covered_lines": 1, "num_statements": 1, "percent_covered": 100.0, "percent_covered_display": "100.00", "missing_lines": 0, "excluded_lines": 0}, "missing_lines": [], "excluded_lines": []}, "track_crud": {"executed_lines": [], "summary": {"covered_lines": 0, "num_statements": 2, "percent_covered": 0.0, "percent_covered_display": "0.00", "missing_lines": 2, "excluded_lines": 0}, "missing_lines": [86, 98], "excluded_lines": []}, "track_crud.decorator": {"executed_lines": [], "summary": {"covered_lines": 0, "num_statements": 2, "percent_covered": 0.0, "percent_covered_display": "0.00", "missing_lines": 2, "excluded_lines": 0}, "missing_lines": [87, 96], "excluded_lines": []}, "track_crud.decorator.wrapper": {"executed_lines": [], "summary": {"covered_lines": 0, "num_statements": 3, "percent_covered": 0.0, "percent_covered_display": "0.00", "missing_lines": 3, "excluded_lines": 0}, "missing_lines": [89, 92, 94], "excluded_lines": []}, "MetricsContext.__init__": {"executed_lines": [106, 107, 108], "summary": {"covered_lines": 3, "num_statements": 3, "percent_covered": 100.0, "percent_covered_display": "100.00", "missing_lines": 0, "excluded_lines": 0}, "missing_lines": [], "excluded_lines": []}, "MetricsContext.__enter__": {"executed_lines": [111, 113, 114], "summary": {"covered_lines": 3, "num_statements": 3, "percent_covered": 100.0, "percent_covered_display": "100.00", "missing_lines": 0, "excluded_lines": 0}, "missing_lines": [], "excluded_lines": []}, "MetricsContext.__exit__": {"executed_lines": [118, 120, 123], "summary": {"covered_lines": 3, "num_statements": 3, "percent_covered": 100.0, "percent_covered_display": "100.00", "missing_lines": 0, "excluded_lines": 0}, "missing_lines": [], "excluded_lines": []}, "": {"executed_lines": [1, 3, 4, 6, 14, 17, 43, 54, 65, 78, 102, 103, 105, 110, 116], "summary": {"covered_lines": 13, "num_statements": 13, "percent_covered": 100.0, "percent_covered_display": "100.00", "missing_lines": 0, "excluded_lines": 0}, "missing_lines": [], "excluded_lines": []}}, "classes": {"MetricsContext": {"executed_lines": [106, 107, 108, 111, 113, 114, 118, 120, 123], "summary": {"covered_lines": 9, "num_statements": 9, "percent_covered": 100.0, "percent_covered_display": "100.00", "missing_lines": 0, "excluded_lines": 0}, "missing_lines": [], "excluded_lines": []}, "": {"executed_lines": [1, 3, 4, 6, 14, 17, 28, 35, 36, 43, 51, 54, 61, 62, 65, 72, 78, 102, 103, 105, 110, 116], "summary": {"covered_lines": 20, "num_statements": 27, "percent_covered": 74.07407407407408, "percent_covered_display": "74.07", "missing_lines": 7, "excluded_lines": 0}, "missing_lines": [86, 87, 89, 92, 94, 96, 98], "excluded_lines": []}}}, "utils/phi_scrubber.py": {"executed_lines": [1, 3, 4, 6, 9, 41, 79, 89, 92, 94, 96, 97, 99, 100, 105, 106, 110, 113, 125, 128, 130, 132, 133, 134, 135, 136, 137, 138, 139, 143, 146, 158, 161, 163, 164, 166, 167, 173, 176, 189, 190, 191, 192], "summary": {"covered_lines": 42, "num_statements": 53, "percent_covered": 79.24528301886792, "percent_covered_display": "79.25", "missing_lines": 11, "excluded_lines": 0}, "missing_lines": [90, 126, 141, 159, 165, 168, 169, 171, 193, 194, 196], "excluded_lines": [], "functions": {"scrub_phi_from_string": {"executed_lines": [89, 92, 94, 96, 97, 99, 100, 105, 106, 110], "summary": {"covered_lines": 10, "num_statements": 11, "percent_covered": 90.9090909090909, "percent_covered_display": "90.91", "missing_lines": 1, "excluded_lines": 0}, "missing_lines": [90], "excluded_lines": []}, "scrub_phi_from_dict": {"executed_lines": [125, 128, 130, 132, 133, 134, 135, 136, 137, 138, 139, 143], "summary": {"covered_lines": 12, "num_statements": 14, "percent_covered": 85.71428571428571, "percent_covered_display": "85.71", "missing_lines": 2, "excluded_lines": 0}, "missing_lines": [126, 141], "excluded_lines": []}, "scrub_phi_from_list": {"executed_lines": [158, 161, 163, 164, 166, 167, 173], "summary": {"covered_lines": 7, "num_statements": 12, "percent_covered": 58.333333333333336, "percent_covered_display": "58.33", "missing_lines": 5, "excluded_lines": 0}, "missing_lines": [159, 165, 168, 169, 171], "excluded_lines": []}, "scrub_phi": {"executed_lines": [189, 190, 191, 192], "summary": {"covered_lines": 4, "num_statements": 7, "percent_covered": 57.142857142857146, "percent_covered_display": "57.14", "missing_lines": 3, "excluded_lines": 0}, "missing_lines": [193, 194, 196], "excluded_lines": []}, "": {"executed_lines": [1, 3, 4, 6, 9, 41, 79, 113, 146, 176], "summary": {"covered_lines": 9, "num_statements": 9, "percent_covered": 100.0, "percent_covered_display": "100.00", "missing_lines": 0, "excluded_lines": 0}, "missing_lines": [], "excluded_lines": []}}, "classes": {"": {"executed_lines": [1, 3, 4, 6, 9, 41, 79, 89, 92, 94, 96, 97, 99, 100, 105, 106, 110, 113, 125, 128, 130, 132, 133, 134, 135, 136, 137, 138, 139, 143, 146, 158, 161, 163, 164, 166, 167, 173, 176, 189, 190, 191, 192], "summary": {"covered_lines": 42, "num_statements": 53, "percent_covered": 79.24528301886792, "percent_covered_display": "79.25", "missing_lines": 11, "excluded_lines": 0}, "missing_lines": [90, 126, 141, 159, 165, 168, 169, 171, 193, 194, 196], "excluded_lines": []}}}, "utils/response_models.py": {"executed_lines": [1, 3, 4, 5, 7, 10, 13, 14, 16, 17, 18, 19, 20, 21, 24, 25, 27, 28, 29, 30, 31, 35, 36, 39, 40, 42, 43, 44, 45, 46, 47, 51, 52, 55, 56, 58, 59, 60, 61, 64, 65, 69, 70, 73, 74, 76, 77, 80, 81, 82, 86, 87, 90, 94, 102, 111, 113, 122, 131, 138], "summary": {"covered_lines": 54, "num_statements": 54, "percent_covered": 100.0, "percent_covered_display": "100.00", "missing_lines": 0, "excluded_lines": 0}, "missing_lines": [], "excluded_lines": [], "functions": {"create_success_response": {"executed_lines": [94], "summary": {"covered_lines": 1, "num_statements": 1, "percent_covered": 100.0, "percent_covered_display": "100.00", "missing_lines": 0, "excluded_lines": 0}, "missing_lines": [], "excluded_lines": []}, "create_list_response": {"executed_lines": [111, 113, 122], "summary": {"covered_lines": 3, "num_statements": 3, "percent_covered": 100.0, "percent_covered_display": "100.00", "missing_lines": 0, "excluded_lines": 0}, "missing_lines": [], "excluded_lines": []}, "create_error_response": {"executed_lines": [138], "summary": {"covered_lines": 1, "num_statements": 1, "percent_covered": 100.0, "percent_covered_display": "100.00", "missing_lines": 0, "excluded_lines": 0}, "missing_lines": [], "excluded_lines": []}, "": {"executed_lines": [1, 3, 4, 5, 7, 10, 13, 14, 16, 17, 18, 19, 20, 21, 24, 25, 27, 28, 29, 30, 31, 35, 36, 39, 40, 42, 43, 44, 45, 46, 47, 51, 52, 55, 56, 58, 59, 60, 61, 64, 65, 69, 70, 73, 74, 76, 77, 80, 81, 82, 86, 87, 90, 102, 131], "summary": {"covered_lines": 49, "num_statements": 49, "percent_covered": 100.0, "percent_covered_display": "100.00", "missing_lines": 0, "excluded_lines": 0}, "missing_lines": [], "excluded_lines": []}}, "classes": {"PaginationMeta": {"executed_lines": [], "summary": {"covered_lines": 0, "num_statements": 0, "percent_covered": 100.0, "percent_covered_display": "100.00", "missing_lines": 0, "excluded_lines": 0}, "missing_lines": [], "excluded_lines": []}, "APIResponse": {"executed_lines": [], "summary": {"covered_lines": 0, "num_statements": 0, "percent_covered": 100.0, "percent_covered_display": "100.00", "missing_lines": 0, "excluded_lines": 0}, "missing_lines": [], "excluded_lines": []}, "APIResponse.Config": {"executed_lines": [], "summary": {"covered_lines": 0, "num_statements": 0, "percent_covered": 100.0, "percent_covered_display": "100.00", "missing_lines": 0, "excluded_lines": 0}, "missing_lines": [], "excluded_lines": []}, "ListResponse": {"executed_lines": [], "summary": {"covered_lines": 0, "num_statements": 0, "percent_covered": 100.0, "percent_covered_display": "100.00", "missing_lines": 0, "excluded_lines": 0}, "missing_lines": [], "excluded_lines": []}, "ListResponse.Config": {"executed_lines": [], "summary": {"covered_lines": 0, "num_statements": 0, "percent_covered": 100.0, "percent_covered_display": "100.00", "missing_lines": 0, "excluded_lines": 0}, "missing_lines": [], "excluded_lines": []}, "ErrorResponse": {"executed_lines": [], "summary": {"covered_lines": 0, "num_statements": 0, "percent_covered": 100.0, "percent_covered_display": "100.00", "missing_lines": 0, "excluded_lines": 0}, "missing_lines": [], "excluded_lines": []}, "ErrorResponse.Config": {"executed_lines": [], "summary": {"covered_lines": 0, "num_statements": 0, "percent_covered": 100.0, "percent_covered_display": "100.00", "missing_lines": 0, "excluded_lines": 0}, "missing_lines": [], "excluded_lines": []}, "HealthCheckResponse": {"executed_lines": [], "summary": {"covered_lines": 0, "num_statements": 0, "percent_covered": 100.0, "percent_covered_display": "100.00", "missing_lines": 0, "excluded_lines": 0}, "missing_lines": [], "excluded_lines": []}, "HealthCheckResponse.Config": {"executed_lines": [], "summary": {"covered_lines": 0, "num_statements": 0, "percent_covered": 100.0, "percent_covered_display": "100.00", "missing_lines": 0, "excluded_lines": 0}, "missing_lines": [], "excluded_lines": []}, "": {"executed_lines": [1, 3, 4, 5, 7, 10, 13, 14, 16, 17, 18, 19, 20, 21, 24, 25, 27, 28, 29, 30, 31, 35, 36, 39, 40, 42, 43, 44, 45, 46, 47, 51, 52, 55, 56, 58, 59, 60, 61, 64, 65, 69, 70, 73, 74, 76, 77, 80, 81, 82, 86, 87, 90, 94, 102, 111, 113, 122, 131, 138], "summary": {"covered_lines": 54, "num_statements": 54, "percent_covered": 100.0, "percent_covered_display": "100.00", "missing_lines": 0, "excluded_lines": 0}, "missing_lines": [], "excluded_lines": []}}}}, "totals": {"covered_lines": 3958, "num_statements": 6005, "percent_covered": 65.91174021648627, "percent_covered_display": "65.91", "missing_lines": 2047, "excluded_lines": 118}}
