{"meta": {"format": 3, "version": "7.8.2", "timestamp": "2025-08-04T16:32:19.818150", "branch_coverage": false, "show_contexts": false}, "files": {"api/__init__.py": {"executed_lines": [1], "summary": {"covered_lines": 0, "num_statements": 0, "percent_covered": 100.0, "percent_covered_display": "100.00", "missing_lines": 0, "excluded_lines": 0}, "missing_lines": [], "excluded_lines": [], "functions": {"": {"executed_lines": [1], "summary": {"covered_lines": 0, "num_statements": 0, "percent_covered": 100.0, "percent_covered_display": "100.00", "missing_lines": 0, "excluded_lines": 0}, "missing_lines": [], "excluded_lines": []}}, "classes": {"": {"executed_lines": [1], "summary": {"covered_lines": 0, "num_statements": 0, "percent_covered": 100.0, "percent_covered_display": "100.00", "missing_lines": 0, "excluded_lines": 0}, "missing_lines": [], "excluded_lines": []}}}, "api/admin.py": {"executed_lines": [1, 7, 8, 9, 10, 12, 16, 17, 18, 19, 20, 23, 26, 27, 28, 29, 31, 32, 40, 41, 42, 43, 44, 45, 46, 47, 48, 49, 50, 52, 53, 56, 61, 108, 113, 148, 153, 224, 229], "summary": {"covered_lines": 36, "num_statements": 88, "percent_covered": 40.90909090909091, "percent_covered_display": "40.91", "missing_lines": 52, "excluded_lines": 0}, "missing_lines": [76, 78, 79, 82, 84, 85, 86, 87, 88, 89, 91, 95, 101, 102, 122, 123, 124, 125, 126, 131, 133, 139, 140, 141, 142, 164, 166, 167, 168, 169, 176, 177, 178, 179, 185, 186, 191, 192, 193, 201, 202, 204, 205, 206, 207, 209, 215, 216, 217, 218, 236, 268], "excluded_lines": [], "functions": {"list_users": {"executed_lines": [], "summary": {"covered_lines": 0, "num_statements": 14, "percent_covered": 0.0, "percent_covered_display": "0.00", "missing_lines": 14, "excluded_lines": 0}, "missing_lines": [76, 78, 79, 82, 84, 85, 86, 87, 88, 89, 91, 95, 101, 102], "excluded_lines": []}, "get_user": {"executed_lines": [], "summary": {"covered_lines": 0, "num_statements": 11, "percent_covered": 0.0, "percent_covered_display": "0.00", "missing_lines": 11, "excluded_lines": 0}, "missing_lines": [122, 123, 124, 125, 126, 131, 133, 139, 140, 141, 142], "excluded_lines": []}, "update_user_roles": {"executed_lines": [], "summary": {"covered_lines": 0, "num_statements": 25, "percent_covered": 0.0, "percent_covered_display": "0.00", "missing_lines": 25, "excluded_lines": 0}, "missing_lines": [164, 166, 167, 168, 169, 176, 177, 178, 179, 185, 186, 191, 192, 193, 201, 202, 204, 205, 206, 207, 209, 215, 216, 217, 218], "excluded_lines": []}, "get_roles_info": {"executed_lines": [], "summary": {"covered_lines": 0, "num_statements": 2, "percent_covered": 0.0, "percent_covered_display": "0.00", "missing_lines": 2, "excluded_lines": 0}, "missing_lines": [236, 268], "excluded_lines": []}, "": {"executed_lines": [1, 7, 8, 9, 10, 12, 16, 17, 18, 19, 20, 23, 26, 27, 28, 29, 31, 32, 40, 41, 42, 43, 44, 45, 46, 47, 48, 49, 50, 52, 53, 56, 61, 108, 113, 148, 153, 224, 229], "summary": {"covered_lines": 36, "num_statements": 36, "percent_covered": 100.0, "percent_covered_display": "100.00", "missing_lines": 0, "excluded_lines": 0}, "missing_lines": [], "excluded_lines": []}}, "classes": {"UserRoleUpdate": {"executed_lines": [], "summary": {"covered_lines": 0, "num_statements": 0, "percent_covered": 100.0, "percent_covered_display": "100.00", "missing_lines": 0, "excluded_lines": 0}, "missing_lines": [], "excluded_lines": []}, "UserRoleUpdate.Config": {"executed_lines": [], "summary": {"covered_lines": 0, "num_statements": 0, "percent_covered": 100.0, "percent_covered_display": "100.00", "missing_lines": 0, "excluded_lines": 0}, "missing_lines": [], "excluded_lines": []}, "UserResponse": {"executed_lines": [], "summary": {"covered_lines": 0, "num_statements": 0, "percent_covered": 100.0, "percent_covered_display": "100.00", "missing_lines": 0, "excluded_lines": 0}, "missing_lines": [], "excluded_lines": []}, "UserResponse.Config": {"executed_lines": [], "summary": {"covered_lines": 0, "num_statements": 0, "percent_covered": 100.0, "percent_covered_display": "100.00", "missing_lines": 0, "excluded_lines": 0}, "missing_lines": [], "excluded_lines": []}, "": {"executed_lines": [1, 7, 8, 9, 10, 12, 16, 17, 18, 19, 20, 23, 26, 27, 28, 29, 31, 32, 40, 41, 42, 43, 44, 45, 46, 47, 48, 49, 50, 52, 53, 56, 61, 108, 113, 148, 153, 224, 229], "summary": {"covered_lines": 36, "num_statements": 88, "percent_covered": 40.90909090909091, "percent_covered_display": "40.91", "missing_lines": 52, "excluded_lines": 0}, "missing_lines": [76, 78, 79, 82, 84, 85, 86, 87, 88, 89, 91, 95, 101, 102, 122, 123, 124, 125, 126, 131, 133, 139, 140, 141, 142, 164, 166, 167, 168, 169, 176, 177, 178, 179, 185, 186, 191, 192, 193, 201, 202, 204, 205, 206, 207, 209, 215, 216, 217, 218, 236, 268], "excluded_lines": []}}}, "api/auth.py": {"executed_lines": [1, 3, 4, 5, 6, 8, 9, 11, 12, 13, 14, 27, 29, 34, 35, 38, 47, 61, 68, 126, 132, 193, 199, 265, 271, 333, 339, 399, 405, 472, 478], "summary": {"covered_lines": 30, "num_statements": 117, "percent_covered": 25.641025641025642, "percent_covered_display": "25.64", "missing_lines": 87, "excluded_lines": 0}, "missing_lines": [40, 41, 42, 44, 56, 57, 58, 88, 89, 90, 93, 103, 105, 113, 114, 115, 118, 147, 148, 151, 156, 157, 168, 177, 178, 183, 217, 219, 220, 225, 226, 228, 230, 234, 235, 237, 243, 245, 250, 251, 252, 253, 254, 259, 289, 290, 293, 297, 298, 304, 309, 311, 318, 319, 320, 321, 322, 327, 357, 358, 360, 361, 362, 367, 385, 386, 387, 388, 393, 422, 423, 425, 430, 451, 453, 460, 461, 466, 493, 494, 496, 500, 502, 507, 508, 509, 514], "excluded_lines": [], "functions": {"get_db": {"executed_lines": [], "summary": {"covered_lines": 0, "num_statements": 4, "percent_covered": 0.0, "percent_covered_display": "0.00", "missing_lines": 4, "excluded_lines": 0}, "missing_lines": [40, 41, 42, 44], "excluded_lines": []}, "get_client_info": {"executed_lines": [], "summary": {"covered_lines": 0, "num_statements": 3, "percent_covered": 0.0, "percent_covered_display": "0.00", "missing_lines": 3, "excluded_lines": 0}, "missing_lines": [56, 57, 58], "excluded_lines": []}, "create_token": {"executed_lines": [], "summary": {"covered_lines": 0, "num_statements": 10, "percent_covered": 0.0, "percent_covered_display": "0.00", "missing_lines": 10, "excluded_lines": 0}, "missing_lines": [88, 89, 90, 93, 103, 105, 113, 114, 115, 118], "excluded_lines": []}, "validate_token": {"executed_lines": [], "summary": {"covered_lines": 0, "num_statements": 9, "percent_covered": 0.0, "percent_covered_display": "0.00", "missing_lines": 9, "excluded_lines": 0}, "missing_lines": [147, 148, 151, 156, 157, 168, 177, 178, 183], "excluded_lines": []}, "revoke_tokens": {"executed_lines": [], "summary": {"covered_lines": 0, "num_statements": 18, "percent_covered": 0.0, "percent_covered_display": "0.00", "missing_lines": 18, "excluded_lines": 0}, "missing_lines": [217, 219, 220, 225, 226, 228, 230, 234, 235, 237, 243, 245, 250, 251, 252, 253, 254, 259], "excluded_lines": []}, "rotate_token": {"executed_lines": [], "summary": {"covered_lines": 0, "num_statements": 14, "percent_covered": 0.0, "percent_covered_display": "0.00", "missing_lines": 14, "excluded_lines": 0}, "missing_lines": [289, 290, 293, 297, 298, 304, 309, 311, 318, 319, 320, 321, 322, 327], "excluded_lines": []}, "get_token_info": {"executed_lines": [], "summary": {"covered_lines": 0, "num_statements": 11, "percent_covered": 0.0, "percent_covered_display": "0.00", "missing_lines": 11, "excluded_lines": 0}, "missing_lines": [357, 358, 360, 361, 362, 367, 385, 386, 387, 388, 393], "excluded_lines": []}, "get_user_tokens": {"executed_lines": [], "summary": {"covered_lines": 0, "num_statements": 9, "percent_covered": 0.0, "percent_covered_display": "0.00", "missing_lines": 9, "excluded_lines": 0}, "missing_lines": [422, 423, 425, 430, 451, 453, 460, 461, 466], "excluded_lines": []}, "cleanup_tokens": {"executed_lines": [], "summary": {"covered_lines": 0, "num_statements": 9, "percent_covered": 0.0, "percent_covered_display": "0.00", "missing_lines": 9, "excluded_lines": 0}, "missing_lines": [493, 494, 496, 500, 502, 507, 508, 509, 514], "excluded_lines": []}, "": {"executed_lines": [1, 3, 4, 5, 6, 8, 9, 11, 12, 13, 14, 27, 29, 34, 35, 38, 47, 61, 68, 126, 132, 193, 199, 265, 271, 333, 339, 399, 405, 472, 478], "summary": {"covered_lines": 30, "num_statements": 30, "percent_covered": 100.0, "percent_covered_display": "100.00", "missing_lines": 0, "excluded_lines": 0}, "missing_lines": [], "excluded_lines": []}}, "classes": {"": {"executed_lines": [1, 3, 4, 5, 6, 8, 9, 11, 12, 13, 14, 27, 29, 34, 35, 38, 47, 61, 68, 126, 132, 193, 199, 265, 271, 333, 339, 399, 405, 472, 478], "summary": {"covered_lines": 30, "num_statements": 117, "percent_covered": 25.641025641025642, "percent_covered_display": "25.64", "missing_lines": 87, "excluded_lines": 0}, "missing_lines": [40, 41, 42, 44, 56, 57, 58, 88, 89, 90, 93, 103, 105, 113, 114, 115, 118, 147, 148, 151, 156, 157, 168, 177, 178, 183, 217, 219, 220, 225, 226, 228, 230, 234, 235, 237, 243, 245, 250, 251, 252, 253, 254, 259, 289, 290, 293, 297, 298, 304, 309, 311, 318, 319, 320, 321, 322, 327, 357, 358, 360, 361, 362, 367, 385, 386, 387, 388, 393, 422, 423, 425, 430, 451, 453, 460, 461, 466, 493, 494, 496, 500, 502, 507, 508, 509, 514], "excluded_lines": []}}}, "api/clients.py": {"executed_lines": [1, 3, 4, 5, 7, 8, 10, 11, 12, 17, 19, 20, 26, 31, 70, 75, 115, 120, 151, 156, 192, 197], "summary": {"covered_lines": 21, "num_statements": 56, "percent_covered": 37.5, "percent_covered_display": "37.50", "missing_lines": 35, "excluded_lines": 0}, "missing_lines": [45, 47, 48, 55, 61, 62, 63, 90, 92, 93, 100, 106, 107, 108, 127, 129, 130, 136, 142, 143, 144, 168, 170, 171, 177, 183, 184, 185, 202, 204, 205, 210, 216, 217, 218], "excluded_lines": [], "functions": {"list_clients": {"executed_lines": [], "summary": {"covered_lines": 0, "num_statements": 7, "percent_covered": 0.0, "percent_covered_display": "0.00", "missing_lines": 7, "excluded_lines": 0}, "missing_lines": [45, 47, 48, 55, 61, 62, 63], "excluded_lines": []}, "get_client": {"executed_lines": [], "summary": {"covered_lines": 0, "num_statements": 7, "percent_covered": 0.0, "percent_covered_display": "0.00", "missing_lines": 7, "excluded_lines": 0}, "missing_lines": [90, 92, 93, 100, 106, 107, 108], "excluded_lines": []}, "get_client_financial_summary": {"executed_lines": [], "summary": {"covered_lines": 0, "num_statements": 7, "percent_covered": 0.0, "percent_covered_display": "0.00", "missing_lines": 7, "excluded_lines": 0}, "missing_lines": [127, 129, 130, 136, 142, 143, 144], "excluded_lines": []}, "get_financial_dashboard": {"executed_lines": [], "summary": {"covered_lines": 0, "num_statements": 7, "percent_covered": 0.0, "percent_covered_display": "0.00", "missing_lines": 7, "excluded_lines": 0}, "missing_lines": [168, 170, 171, 177, 183, 184, 185], "excluded_lines": []}, "get_performance_stats": {"executed_lines": [], "summary": {"covered_lines": 0, "num_statements": 7, "percent_covered": 0.0, "percent_covered_display": "0.00", "missing_lines": 7, "excluded_lines": 0}, "missing_lines": [202, 204, 205, 210, 216, 217, 218], "excluded_lines": []}, "": {"executed_lines": [1, 3, 4, 5, 7, 8, 10, 11, 12, 17, 19, 20, 26, 31, 70, 75, 115, 120, 151, 156, 192, 197], "summary": {"covered_lines": 21, "num_statements": 21, "percent_covered": 100.0, "percent_covered_display": "100.00", "missing_lines": 0, "excluded_lines": 0}, "missing_lines": [], "excluded_lines": []}}, "classes": {"": {"executed_lines": [1, 3, 4, 5, 7, 8, 10, 11, 12, 17, 19, 20, 26, 31, 70, 75, 115, 120, 151, 156, 192, 197], "summary": {"covered_lines": 21, "num_statements": 56, "percent_covered": 37.5, "percent_covered_display": "37.50", "missing_lines": 35, "excluded_lines": 0}, "missing_lines": [45, 47, 48, 55, 61, 62, 63, 90, 92, 93, 100, 106, 107, 108, 127, 129, 130, 136, 142, 143, 144, 168, 170, 171, 177, 183, 184, 185, 202, 204, 205, 210, 216, 217, 218], "excluded_lines": []}}}, "api/events.py": {"executed_lines": [1, 3, 4, 6, 7, 9, 10, 19, 20, 22, 23, 27, 28, 30, 31, 32, 35, 38, 41, 46, 49, 52, 55, 58, 59, 60, 63, 66, 69, 72, 75, 80, 81, 83, 84, 85, 88, 89, 91, 92, 93, 94, 97, 98, 100, 101, 102, 103, 104, 105, 106, 110, 118, 127, 128, 229, 230, 249, 250, 270, 271, 287, 288, 304, 305], "summary": {"covered_lines": 60, "num_statements": 120, "percent_covered": 50.0, "percent_covered_display": "50.00", "missing_lines": 60, "excluded_lines": 0}, "missing_lines": [112, 113, 114, 115, 120, 121, 122, 123, 138, 140, 151, 153, 159, 160, 162, 164, 172, 173, 175, 177, 184, 185, 187, 189, 196, 197, 201, 204, 206, 215, 217, 218, 226, 234, 235, 237, 244, 245, 246, 252, 253, 255, 265, 266, 267, 275, 276, 278, 280, 282, 283, 284, 292, 293, 295, 297, 299, 300, 301, 307], "excluded_lines": [], "functions": {"get_event_bus_service": {"executed_lines": [], "summary": {"covered_lines": 0, "num_statements": 4, "percent_covered": 0.0, "percent_covered_display": "0.00", "missing_lines": 4, "excluded_lines": 0}, "missing_lines": [112, 113, 114, 115], "excluded_lines": []}, "get_etl_service": {"executed_lines": [], "summary": {"covered_lines": 0, "num_statements": 4, "percent_covered": 0.0, "percent_covered_display": "0.00", "missing_lines": 4, "excluded_lines": 0}, "missing_lines": [120, 121, 122, 123], "excluded_lines": []}, "publish_event": {"executed_lines": [], "summary": {"covered_lines": 0, "num_statements": 25, "percent_covered": 0.0, "percent_covered_display": "0.00", "missing_lines": 25, "excluded_lines": 0}, "missing_lines": [138, 140, 151, 153, 159, 160, 162, 164, 172, 173, 175, 177, 184, 185, 187, 189, 196, 197, 201, 204, 206, 215, 217, 218, 226], "excluded_lines": []}, "get_event_bus_status": {"executed_lines": [], "summary": {"covered_lines": 0, "num_statements": 6, "percent_covered": 0.0, "percent_covered_display": "0.00", "missing_lines": 6, "excluded_lines": 0}, "missing_lines": [234, 235, 237, 244, 245, 246], "excluded_lines": []}, "get_etl_status": {"executed_lines": [], "summary": {"covered_lines": 0, "num_statements": 6, "percent_covered": 0.0, "percent_covered_display": "0.00", "missing_lines": 6, "excluded_lines": 0}, "missing_lines": [252, 253, 255, 265, 266, 267], "excluded_lines": []}, "start_etl_pipeline": {"executed_lines": [], "summary": {"covered_lines": 0, "num_statements": 7, "percent_covered": 0.0, "percent_covered_display": "0.00", "missing_lines": 7, "excluded_lines": 0}, "missing_lines": [275, 276, 278, 280, 282, 283, 284], "excluded_lines": []}, "stop_etl_pipeline": {"executed_lines": [], "summary": {"covered_lines": 0, "num_statements": 7, "percent_covered": 0.0, "percent_covered_display": "0.00", "missing_lines": 7, "excluded_lines": 0}, "missing_lines": [292, 293, 295, 297, 299, 300, 301], "excluded_lines": []}, "get_event_types": {"executed_lines": [], "summary": {"covered_lines": 0, "num_statements": 1, "percent_covered": 0.0, "percent_covered_display": "0.00", "missing_lines": 1, "excluded_lines": 0}, "missing_lines": [307], "excluded_lines": []}, "": {"executed_lines": [1, 3, 4, 6, 7, 9, 10, 19, 20, 22, 23, 27, 28, 30, 31, 32, 35, 38, 41, 46, 49, 52, 55, 58, 59, 60, 63, 66, 69, 72, 75, 80, 81, 83, 84, 85, 88, 89, 91, 92, 93, 94, 97, 98, 100, 101, 102, 103, 104, 105, 106, 110, 118, 127, 128, 229, 230, 249, 250, 270, 271, 287, 288, 304, 305], "summary": {"covered_lines": 60, "num_statements": 60, "percent_covered": 100.0, "percent_covered_display": "100.00", "missing_lines": 0, "excluded_lines": 0}, "missing_lines": [], "excluded_lines": []}}, "classes": {"PublishEventRequest": {"executed_lines": [], "summary": {"covered_lines": 0, "num_statements": 0, "percent_covered": 100.0, "percent_covered_display": "100.00", "missing_lines": 0, "excluded_lines": 0}, "missing_lines": [], "excluded_lines": []}, "PublishEventResponse": {"executed_lines": [], "summary": {"covered_lines": 0, "num_statements": 0, "percent_covered": 100.0, "percent_covered_display": "100.00", "missing_lines": 0, "excluded_lines": 0}, "missing_lines": [], "excluded_lines": []}, "EventBusStatusResponse": {"executed_lines": [], "summary": {"covered_lines": 0, "num_statements": 0, "percent_covered": 100.0, "percent_covered_display": "100.00", "missing_lines": 0, "excluded_lines": 0}, "missing_lines": [], "excluded_lines": []}, "ETLStatusResponse": {"executed_lines": [], "summary": {"covered_lines": 0, "num_statements": 0, "percent_covered": 100.0, "percent_covered_display": "100.00", "missing_lines": 0, "excluded_lines": 0}, "missing_lines": [], "excluded_lines": []}, "": {"executed_lines": [1, 3, 4, 6, 7, 9, 10, 19, 20, 22, 23, 27, 28, 30, 31, 32, 35, 38, 41, 46, 49, 52, 55, 58, 59, 60, 63, 66, 69, 72, 75, 80, 81, 83, 84, 85, 88, 89, 91, 92, 93, 94, 97, 98, 100, 101, 102, 103, 104, 105, 106, 110, 118, 127, 128, 229, 230, 249, 250, 270, 271, 287, 288, 304, 305], "summary": {"covered_lines": 60, "num_statements": 120, "percent_covered": 50.0, "percent_covered_display": "50.00", "missing_lines": 60, "excluded_lines": 0}, "missing_lines": [112, 113, 114, 115, 120, 121, 122, 123, 138, 140, 151, 153, 159, 160, 162, 164, 172, 173, 175, 177, 184, 185, 187, 189, 196, 197, 201, 204, 206, 215, 217, 218, 226, 234, 235, 237, 244, 245, 246, 252, 253, 255, 265, 266, 267, 275, 276, 278, 280, 282, 283, 284, 292, 293, 295, 297, 299, 300, 301, 307], "excluded_lines": []}}}, "config/auth_config.py": {"executed_lines": [1, 3, 4, 7, 8, 10, 67, 73, 79, 85, 91, 97, 98, 102, 103, 107, 114, 131, 134], "summary": {"covered_lines": 17, "num_statements": 65, "percent_covered": 26.153846153846153, "percent_covered_display": "26.15", "missing_lines": 48, "excluded_lines": 0}, "missing_lines": [13, 14, 15, 16, 19, 20, 21, 22, 23, 26, 29, 30, 33, 38, 42, 43, 48, 52, 57, 60, 65, 69, 70, 71, 75, 76, 77, 81, 82, 83, 87, 88, 89, 93, 94, 95, 100, 105, 109, 116, 117, 119, 120, 124, 125, 137, 138, 139], "excluded_lines": [], "functions": {"AuthConfig.__init__": {"executed_lines": [], "summary": {"covered_lines": 0, "num_statements": 21, "percent_covered": 0.0, "percent_covered_display": "0.00", "missing_lines": 21, "excluded_lines": 0}, "missing_lines": [13, 14, 15, 16, 19, 20, 21, 22, 23, 26, 29, 30, 33, 38, 42, 43, 48, 52, 57, 60, 65], "excluded_lines": []}, "AuthConfig._get_oidc_issuer": {"executed_lines": [], "summary": {"covered_lines": 0, "num_statements": 3, "percent_covered": 0.0, "percent_covered_display": "0.00", "missing_lines": 3, "excluded_lines": 0}, "missing_lines": [69, 70, 71], "excluded_lines": []}, "AuthConfig._get_auth_endpoint": {"executed_lines": [], "summary": {"covered_lines": 0, "num_statements": 3, "percent_covered": 0.0, "percent_covered_display": "0.00", "missing_lines": 3, "excluded_lines": 0}, "missing_lines": [75, 76, 77], "excluded_lines": []}, "AuthConfig._get_token_endpoint": {"executed_lines": [], "summary": {"covered_lines": 0, "num_statements": 3, "percent_covered": 0.0, "percent_covered_display": "0.00", "missing_lines": 3, "excluded_lines": 0}, "missing_lines": [81, 82, 83], "excluded_lines": []}, "AuthConfig._get_userinfo_endpoint": {"executed_lines": [], "summary": {"covered_lines": 0, "num_statements": 3, "percent_covered": 0.0, "percent_covered_display": "0.00", "missing_lines": 3, "excluded_lines": 0}, "missing_lines": [87, 88, 89], "excluded_lines": []}, "AuthConfig._get_jwks_uri": {"executed_lines": [], "summary": {"covered_lines": 0, "num_statements": 3, "percent_covered": 0.0, "percent_covered_display": "0.00", "missing_lines": 3, "excluded_lines": 0}, "missing_lines": [93, 94, 95], "excluded_lines": []}, "AuthConfig.callback_url": {"executed_lines": [], "summary": {"covered_lines": 0, "num_statements": 1, "percent_covered": 0.0, "percent_covered_display": "0.00", "missing_lines": 1, "excluded_lines": 0}, "missing_lines": [100], "excluded_lines": []}, "AuthConfig.logout_url": {"executed_lines": [], "summary": {"covered_lines": 0, "num_statements": 1, "percent_covered": 0.0, "percent_covered_display": "0.00", "missing_lines": 1, "excluded_lines": 0}, "missing_lines": [105], "excluded_lines": []}, "AuthConfig.get_auth0_logout_url": {"executed_lines": [], "summary": {"covered_lines": 0, "num_statements": 1, "percent_covered": 0.0, "percent_covered_display": "0.00", "missing_lines": 1, "excluded_lines": 0}, "missing_lines": [109], "excluded_lines": []}, "AuthConfig._validate_required_settings": {"executed_lines": [], "summary": {"covered_lines": 0, "num_statements": 6, "percent_covered": 0.0, "percent_covered_display": "0.00", "missing_lines": 6, "excluded_lines": 0}, "missing_lines": [116, 117, 119, 120, 124, 125], "excluded_lines": []}, "get_auth_config": {"executed_lines": [], "summary": {"covered_lines": 0, "num_statements": 3, "percent_covered": 0.0, "percent_covered_display": "0.00", "missing_lines": 3, "excluded_lines": 0}, "missing_lines": [137, 138, 139], "excluded_lines": []}, "": {"executed_lines": [1, 3, 4, 7, 8, 10, 67, 73, 79, 85, 91, 97, 98, 102, 103, 107, 114, 131, 134], "summary": {"covered_lines": 17, "num_statements": 17, "percent_covered": 100.0, "percent_covered_display": "100.00", "missing_lines": 0, "excluded_lines": 0}, "missing_lines": [], "excluded_lines": []}}, "classes": {"AuthConfig": {"executed_lines": [], "summary": {"covered_lines": 0, "num_statements": 45, "percent_covered": 0.0, "percent_covered_display": "0.00", "missing_lines": 45, "excluded_lines": 0}, "missing_lines": [13, 14, 15, 16, 19, 20, 21, 22, 23, 26, 29, 30, 33, 38, 42, 43, 48, 52, 57, 60, 65, 69, 70, 71, 75, 76, 77, 81, 82, 83, 87, 88, 89, 93, 94, 95, 100, 105, 109, 116, 117, 119, 120, 124, 125], "excluded_lines": []}, "": {"executed_lines": [1, 3, 4, 7, 8, 10, 67, 73, 79, 85, 91, 97, 98, 102, 103, 107, 114, 131, 134], "summary": {"covered_lines": 17, "num_statements": 20, "percent_covered": 85.0, "percent_covered_display": "85.00", "missing_lines": 3, "excluded_lines": 0}, "missing_lines": [137, 138, 139], "excluded_lines": []}}}, "config/phi_config.py": {"executed_lines": [1, 3, 4, 5, 6, 9, 10, 11, 12, 13, 14, 15, 16, 19, 20, 21, 22, 23, 24, 25, 26, 27, 28, 31, 32, 34, 40, 41, 43, 50, 124, 125, 127, 129, 135, 136, 154, 173, 185, 187, 198, 199, 200, 202, 204, 205, 207, 218, 233, 248, 273, 284, 290, 296, 297, 299, 300, 301, 305, 307, 313, 326, 327, 328, 330, 334, 337, 344, 345, 346, 349, 359, 360], "summary": {"covered_lines": 69, "num_statements": 87, "percent_covered": 79.3103448275862, "percent_covered_display": "79.31", "missing_lines": 18, "excluded_lines": 0}, "missing_lines": [155, 174, 201, 203, 216, 227, 228, 229, 230, 231, 242, 243, 244, 245, 246, 265, 302, 303], "excluded_lines": [], "functions": {"PHIConfig.__init__": {"executed_lines": [40, 41], "summary": {"covered_lines": 2, "num_statements": 2, "percent_covered": 100.0, "percent_covered_display": "100.00", "missing_lines": 0, "excluded_lines": 0}, "missing_lines": [], "excluded_lines": []}, "PHIConfig._load_patterns": {"executed_lines": [50, 124, 125, 127], "summary": {"covered_lines": 4, "num_statements": 4, "percent_covered": 100.0, "percent_covered_display": "100.00", "missing_lines": 0, "excluded_lines": 0}, "missing_lines": [], "excluded_lines": []}, "PHIConfig._get_environment_patterns": {"executed_lines": [135, 136, 154, 173, 185], "summary": {"covered_lines": 5, "num_statements": 7, "percent_covered": 71.42857142857143, "percent_covered_display": "71.43", "missing_lines": 2, "excluded_lines": 0}, "missing_lines": [155, 174], "excluded_lines": []}, "PHIConfig.get_active_patterns": {"executed_lines": [198, 199, 200, 202, 204, 205], "summary": {"covered_lines": 6, "num_statements": 8, "percent_covered": 75.0, "percent_covered_display": "75.00", "missing_lines": 2, "excluded_lines": 0}, "missing_lines": [201, 203], "excluded_lines": []}, "PHIConfig.get_pattern": {"executed_lines": [], "summary": {"covered_lines": 0, "num_statements": 1, "percent_covered": 0.0, "percent_covered_display": "0.00", "missing_lines": 1, "excluded_lines": 0}, "missing_lines": [216], "excluded_lines": []}, "PHIConfig.enable_pattern": {"executed_lines": [], "summary": {"covered_lines": 0, "num_statements": 5, "percent_covered": 0.0, "percent_covered_display": "0.00", "missing_lines": 5, "excluded_lines": 0}, "missing_lines": [227, 228, 229, 230, 231], "excluded_lines": []}, "PHIConfig.disable_pattern": {"executed_lines": [], "summary": {"covered_lines": 0, "num_statements": 5, "percent_covered": 0.0, "percent_covered_display": "0.00", "missing_lines": 5, "excluded_lines": 0}, "missing_lines": [242, 243, 244, 245, 246], "excluded_lines": []}, "PHIConfig.add_custom_pattern": {"executed_lines": [], "summary": {"covered_lines": 0, "num_statements": 1, "percent_covered": 0.0, "percent_covered_display": "0.00", "missing_lines": 1, "excluded_lines": 0}, "missing_lines": [265], "excluded_lines": []}, "PHIConfig.get_patterns_by_category": {"executed_lines": [284], "summary": {"covered_lines": 1, "num_statements": 1, "percent_covered": 100.0, "percent_covered_display": "100.00", "missing_lines": 0, "excluded_lines": 0}, "missing_lines": [], "excluded_lines": []}, "PHIConfig.validate_patterns": {"executed_lines": [296, 297, 299, 300, 301, 305], "summary": {"covered_lines": 6, "num_statements": 8, "percent_covered": 75.0, "percent_covered_display": "75.00", "missing_lines": 2, "excluded_lines": 0}, "missing_lines": [302, 303], "excluded_lines": []}, "PHIConfig.get_configuration_summary": {"executed_lines": [313, 326, 327, 328, 330], "summary": {"covered_lines": 5, "num_statements": 5, "percent_covered": 100.0, "percent_covered_display": "100.00", "missing_lines": 0, "excluded_lines": 0}, "missing_lines": [], "excluded_lines": []}, "get_phi_config": {"executed_lines": [344, 345, 346], "summary": {"covered_lines": 3, "num_statements": 3, "percent_covered": 100.0, "percent_covered_display": "100.00", "missing_lines": 0, "excluded_lines": 0}, "missing_lines": [], "excluded_lines": []}, "initialize_phi_config": {"executed_lines": [359, 360], "summary": {"covered_lines": 2, "num_statements": 2, "percent_covered": 100.0, "percent_covered_display": "100.00", "missing_lines": 0, "excluded_lines": 0}, "missing_lines": [], "excluded_lines": []}, "": {"executed_lines": [1, 3, 4, 5, 6, 9, 10, 11, 12, 13, 14, 15, 16, 19, 20, 21, 22, 23, 24, 25, 26, 27, 28, 31, 32, 34, 43, 129, 187, 207, 218, 233, 248, 273, 290, 307, 334, 337, 349], "summary": {"covered_lines": 35, "num_statements": 35, "percent_covered": 100.0, "percent_covered_display": "100.00", "missing_lines": 0, "excluded_lines": 0}, "missing_lines": [], "excluded_lines": []}}, "classes": {"PHICategory": {"executed_lines": [], "summary": {"covered_lines": 0, "num_statements": 0, "percent_covered": 100.0, "percent_covered_display": "100.00", "missing_lines": 0, "excluded_lines": 0}, "missing_lines": [], "excluded_lines": []}, "PHIPattern": {"executed_lines": [], "summary": {"covered_lines": 0, "num_statements": 0, "percent_covered": 100.0, "percent_covered_display": "100.00", "missing_lines": 0, "excluded_lines": 0}, "missing_lines": [], "excluded_lines": []}, "PHIConfig": {"executed_lines": [40, 41, 50, 124, 125, 127, 135, 136, 154, 173, 185, 198, 199, 200, 202, 204, 205, 284, 296, 297, 299, 300, 301, 305, 313, 326, 327, 328, 330], "summary": {"covered_lines": 29, "num_statements": 47, "percent_covered": 61.702127659574465, "percent_covered_display": "61.70", "missing_lines": 18, "excluded_lines": 0}, "missing_lines": [155, 174, 201, 203, 216, 227, 228, 229, 230, 231, 242, 243, 244, 245, 246, 265, 302, 303], "excluded_lines": []}, "": {"executed_lines": [1, 3, 4, 5, 6, 9, 10, 11, 12, 13, 14, 15, 16, 19, 20, 21, 22, 23, 24, 25, 26, 27, 28, 31, 32, 34, 43, 129, 187, 207, 218, 233, 248, 273, 290, 307, 334, 337, 344, 345, 346, 349, 359, 360], "summary": {"covered_lines": 40, "num_statements": 40, "percent_covered": 100.0, "percent_covered_display": "100.00", "missing_lines": 0, "excluded_lines": 0}, "missing_lines": [], "excluded_lines": []}}}, "core/config.py": {"executed_lines": [1, 7, 8, 9, 12, 13, 15, 22, 23, 24, 27, 28, 29, 30, 33, 36, 39, 45, 48, 51, 54, 57, 63, 65, 66, 67, 69, 71, 73, 74, 82, 85, 88, 89, 90], "summary": {"covered_lines": 33, "num_statements": 37, "percent_covered": 89.1891891891892, "percent_covered_display": "89.19", "missing_lines": 4, "excluded_lines": 0}, "missing_lines": [70, 76, 77, 78], "excluded_lines": [], "functions": {"Settings.parse_cors_origins": {"executed_lines": [69, 71], "summary": {"covered_lines": 2, "num_statements": 3, "percent_covered": 66.66666666666667, "percent_covered_display": "66.67", "missing_lines": 1, "excluded_lines": 0}, "missing_lines": [70], "excluded_lines": []}, "Settings.cors_origins_list": {"executed_lines": [], "summary": {"covered_lines": 0, "num_statements": 3, "percent_covered": 0.0, "percent_covered_display": "0.00", "missing_lines": 3, "excluded_lines": 0}, "missing_lines": [76, 77, 78], "excluded_lines": []}, "get_settings": {"executed_lines": [88, 89, 90], "summary": {"covered_lines": 3, "num_statements": 3, "percent_covered": 100.0, "percent_covered_display": "100.00", "missing_lines": 0, "excluded_lines": 0}, "missing_lines": [], "excluded_lines": []}, "": {"executed_lines": [1, 7, 8, 9, 12, 13, 15, 22, 23, 24, 27, 28, 29, 30, 33, 36, 39, 45, 48, 51, 54, 57, 63, 65, 66, 67, 73, 74, 82, 85], "summary": {"covered_lines": 28, "num_statements": 28, "percent_covered": 100.0, "percent_covered_display": "100.00", "missing_lines": 0, "excluded_lines": 0}, "missing_lines": [], "excluded_lines": []}}, "classes": {"Settings": {"executed_lines": [69, 71], "summary": {"covered_lines": 2, "num_statements": 6, "percent_covered": 33.333333333333336, "percent_covered_display": "33.33", "missing_lines": 4, "excluded_lines": 0}, "missing_lines": [70, 76, 77, 78], "excluded_lines": []}, "": {"executed_lines": [1, 7, 8, 9, 12, 13, 15, 22, 23, 24, 27, 28, 29, 30, 33, 36, 39, 45, 48, 51, 54, 57, 63, 65, 66, 67, 73, 74, 82, 85, 88, 89, 90], "summary": {"covered_lines": 31, "num_statements": 31, "percent_covered": 100.0, "percent_covered_display": "100.00", "missing_lines": 0, "excluded_lines": 0}, "missing_lines": [], "excluded_lines": []}}}, "core/exceptions.py": {"executed_lines": [1, 7, 8, 10, 13, 14, 16, 37, 38, 40, 49, 50, 52, 61, 62, 64, 73, 74, 76, 85, 86, 88, 97, 98, 100, 109, 110, 112, 121, 122, 124, 133, 134, 136, 145, 146, 148], "summary": {"covered_lines": 25, "num_statements": 41, "percent_covered": 60.97560975609756, "percent_covered_display": "60.98", "missing_lines": 16, "excluded_lines": 0}, "missing_lines": [22, 23, 24, 25, 28, 46, 58, 70, 82, 94, 106, 118, 130, 142, 154, 157], "excluded_lines": [], "functions": {"PMSException.__init__": {"executed_lines": [], "summary": {"covered_lines": 0, "num_statements": 5, "percent_covered": 0.0, "percent_covered_display": "0.00", "missing_lines": 5, "excluded_lines": 0}, "missing_lines": [22, 23, 24, 25, 28], "excluded_lines": []}, "AuthenticationError.__init__": {"executed_lines": [], "summary": {"covered_lines": 0, "num_statements": 1, "percent_covered": 0.0, "percent_covered_display": "0.00", "missing_lines": 1, "excluded_lines": 0}, "missing_lines": [46], "excluded_lines": []}, "AuthorizationError.__init__": {"executed_lines": [], "summary": {"covered_lines": 0, "num_statements": 1, "percent_covered": 0.0, "percent_covered_display": "0.00", "missing_lines": 1, "excluded_lines": 0}, "missing_lines": [58], "excluded_lines": []}, "ValidationError.__init__": {"executed_lines": [], "summary": {"covered_lines": 0, "num_statements": 1, "percent_covered": 0.0, "percent_covered_display": "0.00", "missing_lines": 1, "excluded_lines": 0}, "missing_lines": [70], "excluded_lines": []}, "TokenError.__init__": {"executed_lines": [], "summary": {"covered_lines": 0, "num_statements": 1, "percent_covered": 0.0, "percent_covered_display": "0.00", "missing_lines": 1, "excluded_lines": 0}, "missing_lines": [82], "excluded_lines": []}, "SessionError.__init__": {"executed_lines": [], "summary": {"covered_lines": 0, "num_statements": 1, "percent_covered": 0.0, "percent_covered_display": "0.00", "missing_lines": 1, "excluded_lines": 0}, "missing_lines": [94], "excluded_lines": []}, "ConfigurationError.__init__": {"executed_lines": [], "summary": {"covered_lines": 0, "num_statements": 1, "percent_covered": 0.0, "percent_covered_display": "0.00", "missing_lines": 1, "excluded_lines": 0}, "missing_lines": [106], "excluded_lines": []}, "DatabaseError.__init__": {"executed_lines": [], "summary": {"covered_lines": 0, "num_statements": 1, "percent_covered": 0.0, "percent_covered_display": "0.00", "missing_lines": 1, "excluded_lines": 0}, "missing_lines": [118], "excluded_lines": []}, "ExternalServiceError.__init__": {"executed_lines": [], "summary": {"covered_lines": 0, "num_statements": 1, "percent_covered": 0.0, "percent_covered_display": "0.00", "missing_lines": 1, "excluded_lines": 0}, "missing_lines": [130], "excluded_lines": []}, "RateLimitError.__init__": {"executed_lines": [], "summary": {"covered_lines": 0, "num_statements": 1, "percent_covered": 0.0, "percent_covered_display": "0.00", "missing_lines": 1, "excluded_lines": 0}, "missing_lines": [142], "excluded_lines": []}, "HIPAAComplianceError.__init__": {"executed_lines": [], "summary": {"covered_lines": 0, "num_statements": 2, "percent_covered": 0.0, "percent_covered_display": "0.00", "missing_lines": 2, "excluded_lines": 0}, "missing_lines": [154, 157], "excluded_lines": []}, "": {"executed_lines": [1, 7, 8, 10, 13, 14, 16, 37, 38, 40, 49, 50, 52, 61, 62, 64, 73, 74, 76, 85, 86, 88, 97, 98, 100, 109, 110, 112, 121, 122, 124, 133, 134, 136, 145, 146, 148], "summary": {"covered_lines": 25, "num_statements": 25, "percent_covered": 100.0, "percent_covered_display": "100.00", "missing_lines": 0, "excluded_lines": 0}, "missing_lines": [], "excluded_lines": []}}, "classes": {"PMSException": {"executed_lines": [], "summary": {"covered_lines": 0, "num_statements": 5, "percent_covered": 0.0, "percent_covered_display": "0.00", "missing_lines": 5, "excluded_lines": 0}, "missing_lines": [22, 23, 24, 25, 28], "excluded_lines": []}, "AuthenticationError": {"executed_lines": [], "summary": {"covered_lines": 0, "num_statements": 1, "percent_covered": 0.0, "percent_covered_display": "0.00", "missing_lines": 1, "excluded_lines": 0}, "missing_lines": [46], "excluded_lines": []}, "AuthorizationError": {"executed_lines": [], "summary": {"covered_lines": 0, "num_statements": 1, "percent_covered": 0.0, "percent_covered_display": "0.00", "missing_lines": 1, "excluded_lines": 0}, "missing_lines": [58], "excluded_lines": []}, "ValidationError": {"executed_lines": [], "summary": {"covered_lines": 0, "num_statements": 1, "percent_covered": 0.0, "percent_covered_display": "0.00", "missing_lines": 1, "excluded_lines": 0}, "missing_lines": [70], "excluded_lines": []}, "TokenError": {"executed_lines": [], "summary": {"covered_lines": 0, "num_statements": 1, "percent_covered": 0.0, "percent_covered_display": "0.00", "missing_lines": 1, "excluded_lines": 0}, "missing_lines": [82], "excluded_lines": []}, "SessionError": {"executed_lines": [], "summary": {"covered_lines": 0, "num_statements": 1, "percent_covered": 0.0, "percent_covered_display": "0.00", "missing_lines": 1, "excluded_lines": 0}, "missing_lines": [94], "excluded_lines": []}, "ConfigurationError": {"executed_lines": [], "summary": {"covered_lines": 0, "num_statements": 1, "percent_covered": 0.0, "percent_covered_display": "0.00", "missing_lines": 1, "excluded_lines": 0}, "missing_lines": [106], "excluded_lines": []}, "DatabaseError": {"executed_lines": [], "summary": {"covered_lines": 0, "num_statements": 1, "percent_covered": 0.0, "percent_covered_display": "0.00", "missing_lines": 1, "excluded_lines": 0}, "missing_lines": [118], "excluded_lines": []}, "ExternalServiceError": {"executed_lines": [], "summary": {"covered_lines": 0, "num_statements": 1, "percent_covered": 0.0, "percent_covered_display": "0.00", "missing_lines": 1, "excluded_lines": 0}, "missing_lines": [130], "excluded_lines": []}, "RateLimitError": {"executed_lines": [], "summary": {"covered_lines": 0, "num_statements": 1, "percent_covered": 0.0, "percent_covered_display": "0.00", "missing_lines": 1, "excluded_lines": 0}, "missing_lines": [142], "excluded_lines": []}, "HIPAAComplianceError": {"executed_lines": [], "summary": {"covered_lines": 0, "num_statements": 2, "percent_covered": 0.0, "percent_covered_display": "0.00", "missing_lines": 2, "excluded_lines": 0}, "missing_lines": [154, 157], "excluded_lines": []}, "": {"executed_lines": [1, 7, 8, 10, 13, 14, 16, 37, 38, 40, 49, 50, 52, 61, 62, 64, 73, 74, 76, 85, 86, 88, 97, 98, 100, 109, 110, 112, 121, 122, 124, 133, 134, 136, 145, 146, 148], "summary": {"covered_lines": 25, "num_statements": 25, "percent_covered": 100.0, "percent_covered_display": "100.00", "missing_lines": 0, "excluded_lines": 0}, "missing_lines": [], "excluded_lines": []}}}, "database.py": {"executed_lines": [1, 3, 4, 5, 6, 8, 9, 14, 17, 19, 20, 29, 35, 36, 47, 54, 62, 64, 70, 71, 82, 91, 100, 106, 112, 117, 123, 125, 126, 127, 128, 133, 135, 136, 137, 138, 144], "summary": {"covered_lines": 36, "num_statements": 63, "percent_covered": 57.142857142857146, "percent_covered_display": "57.14", "missing_lines": 27, "excluded_lines": 0}, "missing_lines": [21, 23, 24, 25, 26, 41, 76, 77, 79, 84, 85, 86, 88, 93, 94, 95, 97, 102, 103, 108, 109, 114, 119, 129, 130, 139, 140], "excluded_lines": [], "functions": {"receive_before_cursor_execute": {"executed_lines": [], "summary": {"covered_lines": 0, "num_statements": 3, "percent_covered": 0.0, "percent_covered_display": "0.00", "missing_lines": 3, "excluded_lines": 0}, "missing_lines": [76, 77, 79], "excluded_lines": []}, "get_db": {"executed_lines": [], "summary": {"covered_lines": 0, "num_statements": 4, "percent_covered": 0.0, "percent_covered_display": "0.00", "missing_lines": 4, "excluded_lines": 0}, "missing_lines": [84, 85, 86, 88], "excluded_lines": []}, "get_async_db": {"executed_lines": [], "summary": {"covered_lines": 0, "num_statements": 4, "percent_covered": 0.0, "percent_covered_display": "0.00", "missing_lines": 4, "excluded_lines": 0}, "missing_lines": [93, 94, 95, 97], "excluded_lines": []}, "create_tables": {"executed_lines": [], "summary": {"covered_lines": 0, "num_statements": 2, "percent_covered": 0.0, "percent_covered_display": "0.00", "missing_lines": 2, "excluded_lines": 0}, "missing_lines": [102, 103], "excluded_lines": []}, "drop_tables": {"executed_lines": [], "summary": {"covered_lines": 0, "num_statements": 2, "percent_covered": 0.0, "percent_covered_display": "0.00", "missing_lines": 2, "excluded_lines": 0}, "missing_lines": [108, 109], "excluded_lines": []}, "create_tables_sync": {"executed_lines": [], "summary": {"covered_lines": 0, "num_statements": 1, "percent_covered": 0.0, "percent_covered_display": "0.00", "missing_lines": 1, "excluded_lines": 0}, "missing_lines": [114], "excluded_lines": []}, "drop_tables_sync": {"executed_lines": [], "summary": {"covered_lines": 0, "num_statements": 1, "percent_covered": 0.0, "percent_covered_display": "0.00", "missing_lines": 1, "excluded_lines": 0}, "missing_lines": [119], "excluded_lines": []}, "check_database_health": {"executed_lines": [125, 126, 127, 128], "summary": {"covered_lines": 4, "num_statements": 6, "percent_covered": 66.66666666666667, "percent_covered_display": "66.67", "missing_lines": 2, "excluded_lines": 0}, "missing_lines": [129, 130], "excluded_lines": []}, "check_database_health_async": {"executed_lines": [135, 136, 137, 138], "summary": {"covered_lines": 4, "num_statements": 6, "percent_covered": 66.66666666666667, "percent_covered_display": "66.67", "missing_lines": 2, "excluded_lines": 0}, "missing_lines": [139, 140], "excluded_lines": []}, "": {"executed_lines": [1, 3, 4, 5, 6, 8, 9, 14, 17, 19, 20, 29, 35, 36, 47, 54, 62, 64, 70, 71, 82, 91, 100, 106, 112, 117, 123, 133, 144], "summary": {"covered_lines": 28, "num_statements": 34, "percent_covered": 82.3529411764706, "percent_covered_display": "82.35", "missing_lines": 6, "excluded_lines": 0}, "missing_lines": [21, 23, 24, 25, 26, 41], "excluded_lines": []}}, "classes": {"": {"executed_lines": [1, 3, 4, 5, 6, 8, 9, 14, 17, 19, 20, 29, 35, 36, 47, 54, 62, 64, 70, 71, 82, 91, 100, 106, 112, 117, 123, 125, 126, 127, 128, 133, 135, 136, 137, 138, 144], "summary": {"covered_lines": 36, "num_statements": 63, "percent_covered": 57.142857142857146, "percent_covered_display": "57.14", "missing_lines": 27, "excluded_lines": 0}, "missing_lines": [21, 23, 24, 25, 26, 41, 76, 77, 79, 84, 85, 86, 88, 93, 94, 95, 97, 102, 103, 108, 109, 114, 119, 129, 130, 139, 140], "excluded_lines": []}}}, "demo_database.py": {"executed_lines": [], "summary": {"covered_lines": 0, "num_statements": 79, "percent_covered": 0.0, "percent_covered_display": "0.00", "missing_lines": 79, "excluded_lines": 20}, "missing_lines": [4, 5, 6, 7, 8, 10, 11, 14, 18, 21, 24, 25, 27, 30, 31, 32, 35, 38, 39, 42, 43, 45, 46, 48, 49, 52, 60, 61, 63, 64, 65, 66, 69, 79, 80, 82, 83, 84, 85, 86, 89, 99, 100, 102, 103, 104, 105, 108, 109, 110, 113, 116, 117, 118, 120, 121, 122, 125, 126, 127, 128, 132, 133, 134, 135, 136, 137, 138, 140, 142, 143, 144, 145, 148, 151, 153, 154, 155, 156], "excluded_lines": [159, 160, 161, 163, 164, 165, 166, 169, 170, 171, 172, 173, 174, 176, 177, 178, 179, 180, 181, 182], "functions": {"create_demo_database": {"executed_lines": [], "summary": {"covered_lines": 0, "num_statements": 57, "percent_covered": 0.0, "percent_covered_display": "0.00", "missing_lines": 57, "excluded_lines": 0}, "missing_lines": [38, 39, 42, 43, 45, 46, 48, 49, 52, 60, 61, 63, 64, 65, 66, 69, 79, 80, 82, 83, 84, 85, 86, 89, 99, 100, 102, 103, 104, 105, 108, 109, 110, 113, 116, 117, 118, 120, 121, 122, 125, 126, 127, 128, 132, 133, 134, 135, 136, 137, 138, 140, 142, 143, 144, 145, 148], "excluded_lines": []}, "cleanup_demo": {"executed_lines": [], "summary": {"covered_lines": 0, "num_statements": 4, "percent_covered": 0.0, "percent_covered_display": "0.00", "missing_lines": 4, "excluded_lines": 0}, "missing_lines": [153, 154, 155, 156], "excluded_lines": []}, "": {"executed_lines": [], "summary": {"covered_lines": 0, "num_statements": 18, "percent_covered": 0.0, "percent_covered_display": "0.00", "missing_lines": 18, "excluded_lines": 20}, "missing_lines": [4, 5, 6, 7, 8, 10, 11, 14, 18, 21, 24, 25, 27, 30, 31, 32, 35, 151], "excluded_lines": [159, 160, 161, 163, 164, 165, 166, 169, 170, 171, 172, 173, 174, 176, 177, 178, 179, 180, 181, 182]}}, "classes": {"": {"executed_lines": [], "summary": {"covered_lines": 0, "num_statements": 79, "percent_covered": 0.0, "percent_covered_display": "0.00", "missing_lines": 79, "excluded_lines": 20}, "missing_lines": [4, 5, 6, 7, 8, 10, 11, 14, 18, 21, 24, 25, 27, 30, 31, 32, 35, 38, 39, 42, 43, 45, 46, 48, 49, 52, 60, 61, 63, 64, 65, 66, 69, 79, 80, 82, 83, 84, 85, 86, 89, 99, 100, 102, 103, 104, 105, 108, 109, 110, 113, 116, 117, 118, 120, 121, 122, 125, 126, 127, 128, 132, 133, 134, 135, 136, 137, 138, 140, 142, 143, 144, 145, 148, 151, 153, 154, 155, 156], "excluded_lines": [159, 160, 161, 163, 164, 165, 166, 169, 170, 171, 172, 173, 174, 176, 177, 178, 179, 180, 181, 182]}}}, "factories/__init__.py": {"executed_lines": [1, 3, 4, 5, 6, 7, 11, 16, 17, 18, 19, 20, 22], "summary": {"covered_lines": 12, "num_statements": 12, "percent_covered": 100.0, "percent_covered_display": "100.00", "missing_lines": 0, "excluded_lines": 0}, "missing_lines": [], "excluded_lines": [], "functions": {"": {"executed_lines": [1, 3, 4, 5, 6, 7, 11, 16, 17, 18, 19, 20, 22], "summary": {"covered_lines": 12, "num_statements": 12, "percent_covered": 100.0, "percent_covered_display": "100.00", "missing_lines": 0, "excluded_lines": 0}, "missing_lines": [], "excluded_lines": []}}, "classes": {"": {"executed_lines": [1, 3, 4, 5, 6, 7, 11, 16, 17, 18, 19, 20, 22], "summary": {"covered_lines": 12, "num_statements": 12, "percent_covered": 100.0, "percent_covered_display": "100.00", "missing_lines": 0, "excluded_lines": 0}, "missing_lines": [], "excluded_lines": []}}}, "factories/appointment.py": {"executed_lines": [1, 3, 4, 5, 7, 8, 9, 10, 12, 15, 16, 18, 19, 22, 23, 26, 40, 52, 60, 66, 76, 86, 93, 104, 109, 129, 138, 145, 153, 171, 175, 183, 184, 186, 187, 190, 191], "summary": {"covered_lines": 35, "num_statements": 37, "percent_covered": 94.5945945945946, "percent_covered_display": "94.59", "missing_lines": 2, "excluded_lines": 0}, "missing_lines": [188, 192], "excluded_lines": [], "functions": {"AppointmentFactory.ensure_logical_times": {"executed_lines": [186, 187, 190, 191], "summary": {"covered_lines": 4, "num_statements": 6, "percent_covered": 66.66666666666667, "percent_covered_display": "66.67", "missing_lines": 2, "excluded_lines": 0}, "missing_lines": [188, 192], "excluded_lines": []}, "": {"executed_lines": [1, 3, 4, 5, 7, 8, 9, 10, 12, 15, 16, 18, 19, 22, 23, 26, 40, 52, 60, 66, 76, 86, 93, 104, 109, 129, 138, 145, 153, 171, 175, 183, 184], "summary": {"covered_lines": 31, "num_statements": 31, "percent_covered": 100.0, "percent_covered_display": "100.00", "missing_lines": 0, "excluded_lines": 0}, "missing_lines": [], "excluded_lines": []}}, "classes": {"AppointmentFactory": {"executed_lines": [186, 187, 190, 191], "summary": {"covered_lines": 4, "num_statements": 6, "percent_covered": 66.66666666666667, "percent_covered_display": "66.67", "missing_lines": 2, "excluded_lines": 0}, "missing_lines": [188, 192], "excluded_lines": []}, "AppointmentFactory.Meta": {"executed_lines": [], "summary": {"covered_lines": 0, "num_statements": 0, "percent_covered": 100.0, "percent_covered_display": "100.00", "missing_lines": 0, "excluded_lines": 0}, "missing_lines": [], "excluded_lines": []}, "": {"executed_lines": [1, 3, 4, 5, 7, 8, 9, 10, 12, 15, 16, 18, 19, 22, 23, 26, 40, 52, 60, 66, 76, 86, 93, 104, 109, 129, 138, 145, 153, 171, 175, 183, 184], "summary": {"covered_lines": 31, "num_statements": 31, "percent_covered": 100.0, "percent_covered_display": "100.00", "missing_lines": 0, "excluded_lines": 0}, "missing_lines": [], "excluded_lines": []}}}, "factories/auth_token.py": {"executed_lines": [1, 3, 4, 5, 6, 8, 9, 10, 12, 15, 16, 18, 19, 20, 21, 22, 25, 26, 27, 28, 31, 34, 35, 38, 41, 42, 45, 46, 49, 50, 51, 54, 57, 62, 63, 66, 69, 70, 72, 73, 76, 79, 80, 82, 83, 86, 89, 90, 92, 93, 96, 99, 100, 102, 103, 106, 111, 112, 114, 115, 116, 121, 122, 124, 125, 126, 131, 132, 134, 135, 138, 141, 142, 144, 145, 148, 151, 152, 154, 155, 156, 157, 162, 178, 179, 182, 190, 197, 200], "summary": {"covered_lines": 77, "num_statements": 84, "percent_covered": 91.66666666666667, "percent_covered_display": "91.67", "missing_lines": 7, "excluded_lines": 0}, "missing_lines": [209, 210, 212, 213, 218, 219, 221], "excluded_lines": [], "functions": {"create_token_with_plaintext": {"executed_lines": [178, 179, 182, 190, 197], "summary": {"covered_lines": 5, "num_statements": 5, "percent_covered": 100.0, "percent_covered_display": "100.00", "missing_lines": 0, "excluded_lines": 0}, "missing_lines": [], "excluded_lines": []}, "create_token_chain": {"executed_lines": [], "summary": {"covered_lines": 0, "num_statements": 7, "percent_covered": 0.0, "percent_covered_display": "0.00", "missing_lines": 7, "excluded_lines": 0}, "missing_lines": [209, 210, 212, 213, 218, 219, 221], "excluded_lines": []}, "": {"executed_lines": [1, 3, 4, 5, 6, 8, 9, 10, 12, 15, 16, 18, 19, 20, 21, 22, 25, 26, 27, 28, 31, 34, 35, 38, 41, 42, 45, 46, 49, 50, 51, 54, 57, 62, 63, 66, 69, 70, 72, 73, 76, 79, 80, 82, 83, 86, 89, 90, 92, 93, 96, 99, 100, 102, 103, 106, 111, 112, 114, 115, 116, 121, 122, 124, 125, 126, 131, 132, 134, 135, 138, 141, 142, 144, 145, 148, 151, 152, 154, 155, 156, 157, 162, 200], "summary": {"covered_lines": 72, "num_statements": 72, "percent_covered": 100.0, "percent_covered_display": "100.00", "missing_lines": 0, "excluded_lines": 0}, "missing_lines": [], "excluded_lines": []}}, "classes": {"AuthTokenFactory": {"executed_lines": [], "summary": {"covered_lines": 0, "num_statements": 0, "percent_covered": 100.0, "percent_covered_display": "100.00", "missing_lines": 0, "excluded_lines": 0}, "missing_lines": [], "excluded_lines": []}, "AuthTokenFactory.Meta": {"executed_lines": [], "summary": {"covered_lines": 0, "num_statements": 0, "percent_covered": 100.0, "percent_covered_display": "100.00", "missing_lines": 0, "excluded_lines": 0}, "missing_lines": [], "excluded_lines": []}, "AccessTokenFactory": {"executed_lines": [], "summary": {"covered_lines": 0, "num_statements": 0, "percent_covered": 100.0, "percent_covered_display": "100.00", "missing_lines": 0, "excluded_lines": 0}, "missing_lines": [], "excluded_lines": []}, "RefreshTokenFactory": {"executed_lines": [], "summary": {"covered_lines": 0, "num_statements": 0, "percent_covered": 100.0, "percent_covered_display": "100.00", "missing_lines": 0, "excluded_lines": 0}, "missing_lines": [], "excluded_lines": []}, "ApiKeyFactory": {"executed_lines": [], "summary": {"covered_lines": 0, "num_statements": 0, "percent_covered": 100.0, "percent_covered_display": "100.00", "missing_lines": 0, "excluded_lines": 0}, "missing_lines": [], "excluded_lines": []}, "ExpiredTokenFactory": {"executed_lines": [], "summary": {"covered_lines": 0, "num_statements": 0, "percent_covered": 100.0, "percent_covered_display": "100.00", "missing_lines": 0, "excluded_lines": 0}, "missing_lines": [], "excluded_lines": []}, "RevokedTokenFactory": {"executed_lines": [], "summary": {"covered_lines": 0, "num_statements": 0, "percent_covered": 100.0, "percent_covered_display": "100.00", "missing_lines": 0, "excluded_lines": 0}, "missing_lines": [], "excluded_lines": []}, "RotatedTokenFactory": {"executed_lines": [], "summary": {"covered_lines": 0, "num_statements": 0, "percent_covered": 100.0, "percent_covered_display": "100.00", "missing_lines": 0, "excluded_lines": 0}, "missing_lines": [], "excluded_lines": []}, "ResetPasswordTokenFactory": {"executed_lines": [], "summary": {"covered_lines": 0, "num_statements": 0, "percent_covered": 100.0, "percent_covered_display": "100.00", "missing_lines": 0, "excluded_lines": 0}, "missing_lines": [], "excluded_lines": []}, "EmailVerificationTokenFactory": {"executed_lines": [], "summary": {"covered_lines": 0, "num_statements": 0, "percent_covered": 100.0, "percent_covered_display": "100.00", "missing_lines": 0, "excluded_lines": 0}, "missing_lines": [], "excluded_lines": []}, "SystemTokenFactory": {"executed_lines": [], "summary": {"covered_lines": 0, "num_statements": 0, "percent_covered": 100.0, "percent_covered_display": "100.00", "missing_lines": 0, "excluded_lines": 0}, "missing_lines": [], "excluded_lines": []}, "": {"executed_lines": [1, 3, 4, 5, 6, 8, 9, 10, 12, 15, 16, 18, 19, 20, 21, 22, 25, 26, 27, 28, 31, 34, 35, 38, 41, 42, 45, 46, 49, 50, 51, 54, 57, 62, 63, 66, 69, 70, 72, 73, 76, 79, 80, 82, 83, 86, 89, 90, 92, 93, 96, 99, 100, 102, 103, 106, 111, 112, 114, 115, 116, 121, 122, 124, 125, 126, 131, 132, 134, 135, 138, 141, 142, 144, 145, 148, 151, 152, 154, 155, 156, 157, 162, 178, 179, 182, 190, 197, 200], "summary": {"covered_lines": 77, "num_statements": 84, "percent_covered": 91.66666666666667, "percent_covered_display": "91.67", "missing_lines": 7, "excluded_lines": 0}, "missing_lines": [209, 210, 212, 213, 218, 219, 221], "excluded_lines": []}}}, "factories/base.py": {"executed_lines": [1, 3, 4, 6, 7, 9, 12, 13, 16, 17, 26, 27, 29, 30, 33, 34, 39, 40, 41, 43, 44, 47, 50, 51, 52, 56, 58, 59, 61, 62, 64, 65, 68, 70, 71, 74, 76, 77], "summary": {"covered_lines": 36, "num_statements": 37, "percent_covered": 97.29729729729729, "percent_covered_display": "97.30", "missing_lines": 1, "excluded_lines": 0}, "missing_lines": [79], "excluded_lines": [], "functions": {"BaseFactory._create": {"executed_lines": [47, 50, 51, 52, 56], "summary": {"covered_lines": 5, "num_statements": 5, "percent_covered": 100.0, "percent_covered_display": "100.00", "missing_lines": 0, "excluded_lines": 0}, "missing_lines": [], "excluded_lines": []}, "BaseFactory.generate_safe_email": {"executed_lines": [61, 62], "summary": {"covered_lines": 2, "num_statements": 2, "percent_covered": 100.0, "percent_covered_display": "100.00", "missing_lines": 0, "excluded_lines": 0}, "missing_lines": [], "excluded_lines": []}, "BaseFactory.generate_safe_phone": {"executed_lines": [68], "summary": {"covered_lines": 1, "num_statements": 1, "percent_covered": 100.0, "percent_covered_display": "100.00", "missing_lines": 0, "excluded_lines": 0}, "missing_lines": [], "excluded_lines": []}, "BaseFactory.generate_safe_name": {"executed_lines": [74], "summary": {"covered_lines": 1, "num_statements": 1, "percent_covered": 100.0, "percent_covered_display": "100.00", "missing_lines": 0, "excluded_lines": 0}, "missing_lines": [], "excluded_lines": []}, "BaseFactory.generate_tenant_id": {"executed_lines": [], "summary": {"covered_lines": 0, "num_statements": 1, "percent_covered": 0.0, "percent_covered_display": "0.00", "missing_lines": 1, "excluded_lines": 0}, "missing_lines": [79], "excluded_lines": []}, "": {"executed_lines": [1, 3, 4, 6, 7, 9, 12, 13, 16, 17, 26, 27, 29, 30, 33, 34, 39, 40, 41, 43, 44, 58, 59, 64, 65, 70, 71, 76, 77], "summary": {"covered_lines": 27, "num_statements": 27, "percent_covered": 100.0, "percent_covered_display": "100.00", "missing_lines": 0, "excluded_lines": 0}, "missing_lines": [], "excluded_lines": []}}, "classes": {"BaseFactory": {"executed_lines": [47, 50, 51, 52, 56, 61, 62, 68, 74], "summary": {"covered_lines": 9, "num_statements": 10, "percent_covered": 90.0, "percent_covered_display": "90.00", "missing_lines": 1, "excluded_lines": 0}, "missing_lines": [79], "excluded_lines": []}, "BaseFactory.Meta": {"executed_lines": [], "summary": {"covered_lines": 0, "num_statements": 0, "percent_covered": 100.0, "percent_covered_display": "100.00", "missing_lines": 0, "excluded_lines": 0}, "missing_lines": [], "excluded_lines": []}, "": {"executed_lines": [1, 3, 4, 6, 7, 9, 12, 13, 16, 17, 26, 27, 29, 30, 33, 34, 39, 40, 41, 43, 44, 58, 59, 64, 65, 70, 71, 76, 77], "summary": {"covered_lines": 27, "num_statements": 27, "percent_covered": 100.0, "percent_covered_display": "100.00", "missing_lines": 0, "excluded_lines": 0}, "missing_lines": [], "excluded_lines": []}}}, "factories/client.py": {"executed_lines": [1, 3, 4, 5, 7, 8, 10, 13, 14, 16, 17, 20, 21, 23, 29, 36, 39, 42, 45, 51, 52, 53, 56, 59, 62, 69, 75, 80, 91, 101, 108, 114, 121, 125, 132, 136, 137, 139, 140, 141, 144], "summary": {"covered_lines": 39, "num_statements": 40, "percent_covered": 97.5, "percent_covered_display": "97.50", "missing_lines": 1, "excluded_lines": 0}, "missing_lines": [145], "excluded_lines": [], "functions": {"ClientFactory.ensure_adult_age": {"executed_lines": [139, 140, 141, 144], "summary": {"covered_lines": 4, "num_statements": 5, "percent_covered": 80.0, "percent_covered_display": "80.00", "missing_lines": 1, "excluded_lines": 0}, "missing_lines": [145], "excluded_lines": []}, "": {"executed_lines": [1, 3, 4, 5, 7, 8, 10, 13, 14, 16, 17, 20, 21, 23, 29, 36, 39, 42, 45, 51, 52, 53, 56, 59, 62, 69, 75, 80, 91, 101, 108, 114, 121, 125, 132, 136, 137], "summary": {"covered_lines": 35, "num_statements": 35, "percent_covered": 100.0, "percent_covered_display": "100.00", "missing_lines": 0, "excluded_lines": 0}, "missing_lines": [], "excluded_lines": []}}, "classes": {"ClientFactory": {"executed_lines": [139, 140, 141, 144], "summary": {"covered_lines": 4, "num_statements": 5, "percent_covered": 80.0, "percent_covered_display": "80.00", "missing_lines": 1, "excluded_lines": 0}, "missing_lines": [145], "excluded_lines": []}, "ClientFactory.Meta": {"executed_lines": [], "summary": {"covered_lines": 0, "num_statements": 0, "percent_covered": 100.0, "percent_covered_display": "100.00", "missing_lines": 0, "excluded_lines": 0}, "missing_lines": [], "excluded_lines": []}, "": {"executed_lines": [1, 3, 4, 5, 7, 8, 10, 13, 14, 16, 17, 20, 21, 23, 29, 36, 39, 42, 45, 51, 52, 53, 56, 59, 62, 69, 75, 80, 91, 101, 108, 114, 121, 125, 132, 136, 137], "summary": {"covered_lines": 35, "num_statements": 35, "percent_covered": 100.0, "percent_covered_display": "100.00", "missing_lines": 0, "excluded_lines": 0}, "missing_lines": [], "excluded_lines": []}}}, "factories/encryption_key.py": {"executed_lines": [1, 3, 4, 5, 6, 8, 11, 13, 16, 17, 19, 20, 23, 33, 43, 53, 57, 66, 74, 82, 86, 95, 101, 111, 120, 122, 128, 138, 142, 149, 159, 169, 178, 183, 184, 185, 188, 189, 191, 192, 199, 200, 202, 203, 206, 207, 208, 213, 214, 216, 217, 220, 221, 226, 227, 229, 230, 235], "summary": {"covered_lines": 52, "num_statements": 52, "percent_covered": 100.0, "percent_covered_display": "100.00", "missing_lines": 0, "excluded_lines": 0}, "missing_lines": [], "excluded_lines": [], "functions": {"": {"executed_lines": [1, 3, 4, 5, 6, 8, 11, 13, 16, 17, 19, 20, 23, 33, 43, 53, 57, 66, 74, 82, 86, 95, 101, 111, 120, 122, 128, 138, 142, 149, 159, 169, 178, 183, 184, 185, 188, 189, 191, 192, 199, 200, 202, 203, 206, 207, 208, 213, 214, 216, 217, 220, 221, 226, 227, 229, 230, 235], "summary": {"covered_lines": 52, "num_statements": 52, "percent_covered": 100.0, "percent_covered_display": "100.00", "missing_lines": 0, "excluded_lines": 0}, "missing_lines": [], "excluded_lines": []}}, "classes": {"EncryptionKeyFactory": {"executed_lines": [], "summary": {"covered_lines": 0, "num_statements": 0, "percent_covered": 100.0, "percent_covered_display": "100.00", "missing_lines": 0, "excluded_lines": 0}, "missing_lines": [], "excluded_lines": []}, "EncryptionKeyFactory.Meta": {"executed_lines": [], "summary": {"covered_lines": 0, "num_statements": 0, "percent_covered": 100.0, "percent_covered_display": "100.00", "missing_lines": 0, "excluded_lines": 0}, "missing_lines": [], "excluded_lines": []}, "ActiveEncryptionKeyFactory": {"executed_lines": [], "summary": {"covered_lines": 0, "num_statements": 0, "percent_covered": 100.0, "percent_covered_display": "100.00", "missing_lines": 0, "excluded_lines": 0}, "missing_lines": [], "excluded_lines": []}, "PHIKeyFactory": {"executed_lines": [], "summary": {"covered_lines": 0, "num_statements": 0, "percent_covered": 100.0, "percent_covered_display": "100.00", "missing_lines": 0, "excluded_lines": 0}, "missing_lines": [], "excluded_lines": []}, "ClinicalKeyFactory": {"executed_lines": [], "summary": {"covered_lines": 0, "num_statements": 0, "percent_covered": 100.0, "percent_covered_display": "100.00", "missing_lines": 0, "excluded_lines": 0}, "missing_lines": [], "excluded_lines": []}, "ExpiredKeyFactory": {"executed_lines": [], "summary": {"covered_lines": 0, "num_statements": 0, "percent_covered": 100.0, "percent_covered_display": "100.00", "missing_lines": 0, "excluded_lines": 0}, "missing_lines": [], "excluded_lines": []}, "": {"executed_lines": [1, 3, 4, 5, 6, 8, 11, 13, 16, 17, 19, 20, 23, 33, 43, 53, 57, 66, 74, 82, 86, 95, 101, 111, 120, 122, 128, 138, 142, 149, 159, 169, 178, 183, 184, 185, 188, 189, 191, 192, 199, 200, 202, 203, 206, 207, 208, 213, 214, 216, 217, 220, 221, 226, 227, 229, 230, 235], "summary": {"covered_lines": 52, "num_statements": 52, "percent_covered": 100.0, "percent_covered_display": "100.00", "missing_lines": 0, "excluded_lines": 0}, "missing_lines": [], "excluded_lines": []}}}, "factories/fhir_mapping.py": {"executed_lines": [1, 3, 4, 5, 6, 8, 11, 13, 16, 17, 19, 20, 23, 26, 38, 42, 51, 59, 63, 69, 79, 87, 91, 95, 106, 107, 109, 110, 111, 112, 113, 116, 117, 119, 120, 129, 134, 139, 140, 142, 143, 148, 149, 151, 152, 157, 158, 160, 161], "summary": {"covered_lines": 42, "num_statements": 42, "percent_covered": 100.0, "percent_covered_display": "100.00", "missing_lines": 0, "excluded_lines": 0}, "missing_lines": [], "excluded_lines": [], "functions": {"": {"executed_lines": [1, 3, 4, 5, 6, 8, 11, 13, 16, 17, 19, 20, 23, 26, 38, 42, 51, 59, 63, 69, 79, 87, 91, 95, 106, 107, 109, 110, 111, 112, 113, 116, 117, 119, 120, 129, 134, 139, 140, 142, 143, 148, 149, 151, 152, 157, 158, 160, 161], "summary": {"covered_lines": 42, "num_statements": 42, "percent_covered": 100.0, "percent_covered_display": "100.00", "missing_lines": 0, "excluded_lines": 0}, "missing_lines": [], "excluded_lines": []}}, "classes": {"FHIRMappingFactory": {"executed_lines": [], "summary": {"covered_lines": 0, "num_statements": 0, "percent_covered": 100.0, "percent_covered_display": "100.00", "missing_lines": 0, "excluded_lines": 0}, "missing_lines": [], "excluded_lines": []}, "FHIRMappingFactory.Meta": {"executed_lines": [], "summary": {"covered_lines": 0, "num_statements": 0, "percent_covered": 100.0, "percent_covered_display": "100.00", "missing_lines": 0, "excluded_lines": 0}, "missing_lines": [], "excluded_lines": []}, "ActiveFHIRMappingFactory": {"executed_lines": [], "summary": {"covered_lines": 0, "num_statements": 0, "percent_covered": 100.0, "percent_covered_display": "100.00", "missing_lines": 0, "excluded_lines": 0}, "missing_lines": [], "excluded_lines": []}, "ErrorFHIRMappingFactory": {"executed_lines": [], "summary": {"covered_lines": 0, "num_statements": 0, "percent_covered": 100.0, "percent_covered_display": "100.00", "missing_lines": 0, "excluded_lines": 0}, "missing_lines": [], "excluded_lines": []}, "PatientMappingFactory": {"executed_lines": [], "summary": {"covered_lines": 0, "num_statements": 0, "percent_covered": 100.0, "percent_covered_display": "100.00", "missing_lines": 0, "excluded_lines": 0}, "missing_lines": [], "excluded_lines": []}, "PractitionerMappingFactory": {"executed_lines": [], "summary": {"covered_lines": 0, "num_statements": 0, "percent_covered": 100.0, "percent_covered_display": "100.00", "missing_lines": 0, "excluded_lines": 0}, "missing_lines": [], "excluded_lines": []}, "AppointmentMappingFactory": {"executed_lines": [], "summary": {"covered_lines": 0, "num_statements": 0, "percent_covered": 100.0, "percent_covered_display": "100.00", "missing_lines": 0, "excluded_lines": 0}, "missing_lines": [], "excluded_lines": []}, "": {"executed_lines": [1, 3, 4, 5, 6, 8, 11, 13, 16, 17, 19, 20, 23, 26, 38, 42, 51, 59, 63, 69, 79, 87, 91, 95, 106, 107, 109, 110, 111, 112, 113, 116, 117, 119, 120, 129, 134, 139, 140, 142, 143, 148, 149, 151, 152, 157, 158, 160, 161], "summary": {"covered_lines": 42, "num_statements": 42, "percent_covered": 100.0, "percent_covered_display": "100.00", "missing_lines": 0, "excluded_lines": 0}, "missing_lines": [], "excluded_lines": []}}}, "factories/ledger.py": {"executed_lines": [1, 3, 4, 5, 6, 8, 9, 10, 12, 15, 16, 18, 19, 22, 25, 36, 53, 60, 67, 82, 98, 105, 118, 125, 133, 141, 145, 150, 154, 167, 168, 170, 174], "summary": {"covered_lines": 31, "num_statements": 33, "percent_covered": 93.93939393939394, "percent_covered_display": "93.94", "missing_lines": 2, "excluded_lines": 0}, "missing_lines": [171, 175], "excluded_lines": [], "functions": {"LedgerEntryFactory.ensure_financial_logic": {"executed_lines": [170, 174], "summary": {"covered_lines": 2, "num_statements": 4, "percent_covered": 50.0, "percent_covered_display": "50.00", "missing_lines": 2, "excluded_lines": 0}, "missing_lines": [171, 175], "excluded_lines": []}, "": {"executed_lines": [1, 3, 4, 5, 6, 8, 9, 10, 12, 15, 16, 18, 19, 22, 25, 36, 53, 60, 67, 82, 98, 105, 118, 125, 133, 141, 145, 150, 154, 167, 168], "summary": {"covered_lines": 29, "num_statements": 29, "percent_covered": 100.0, "percent_covered_display": "100.00", "missing_lines": 0, "excluded_lines": 0}, "missing_lines": [], "excluded_lines": []}}, "classes": {"LedgerEntryFactory": {"executed_lines": [170, 174], "summary": {"covered_lines": 2, "num_statements": 4, "percent_covered": 50.0, "percent_covered_display": "50.00", "missing_lines": 2, "excluded_lines": 0}, "missing_lines": [171, 175], "excluded_lines": []}, "LedgerEntryFactory.Meta": {"executed_lines": [], "summary": {"covered_lines": 0, "num_statements": 0, "percent_covered": 100.0, "percent_covered_display": "100.00", "missing_lines": 0, "excluded_lines": 0}, "missing_lines": [], "excluded_lines": []}, "": {"executed_lines": [1, 3, 4, 5, 6, 8, 9, 10, 12, 15, 16, 18, 19, 22, 25, 36, 53, 60, 67, 82, 98, 105, 118, 125, 133, 141, 145, 150, 154, 167, 168], "summary": {"covered_lines": 29, "num_statements": 29, "percent_covered": 100.0, "percent_covered_display": "100.00", "missing_lines": 0, "excluded_lines": 0}, "missing_lines": [], "excluded_lines": []}}}, "factories/location.py": {"executed_lines": [1, 3, 4, 6, 7, 8, 10, 13, 14, 16, 17, 20, 23, 27, 36, 40, 47, 48, 49, 50, 53, 54, 57, 62, 70, 73, 74, 79, 82], "summary": {"covered_lines": 27, "num_statements": 27, "percent_covered": 100.0, "percent_covered_display": "100.00", "missing_lines": 0, "excluded_lines": 0}, "missing_lines": [], "excluded_lines": [], "functions": {"": {"executed_lines": [1, 3, 4, 6, 7, 8, 10, 13, 14, 16, 17, 20, 23, 27, 36, 40, 47, 48, 49, 50, 53, 54, 57, 62, 70, 73, 74, 79, 82], "summary": {"covered_lines": 27, "num_statements": 27, "percent_covered": 100.0, "percent_covered_display": "100.00", "missing_lines": 0, "excluded_lines": 0}, "missing_lines": [], "excluded_lines": []}}, "classes": {"LocationFactory": {"executed_lines": [], "summary": {"covered_lines": 0, "num_statements": 0, "percent_covered": 100.0, "percent_covered_display": "100.00", "missing_lines": 0, "excluded_lines": 0}, "missing_lines": [], "excluded_lines": []}, "LocationFactory.Meta": {"executed_lines": [], "summary": {"covered_lines": 0, "num_statements": 0, "percent_covered": 100.0, "percent_covered_display": "100.00", "missing_lines": 0, "excluded_lines": 0}, "missing_lines": [], "excluded_lines": []}, "": {"executed_lines": [1, 3, 4, 6, 7, 8, 10, 13, 14, 16, 17, 20, 23, 27, 36, 40, 47, 48, 49, 50, 53, 54, 57, 62, 70, 73, 74, 79, 82], "summary": {"covered_lines": 27, "num_statements": 27, "percent_covered": 100.0, "percent_covered_display": "100.00", "missing_lines": 0, "excluded_lines": 0}, "missing_lines": [], "excluded_lines": []}}}, "factories/note.py": {"executed_lines": [1, 3, 4, 6, 7, 8, 9, 11, 14, 15, 17, 18, 21, 22, 23, 26, 39, 47, 52, 63, 67, 71, 75, 87, 91, 95, 100, 104], "summary": {"covered_lines": 26, "num_statements": 26, "percent_covered": 100.0, "percent_covered_display": "100.00", "missing_lines": 0, "excluded_lines": 0}, "missing_lines": [], "excluded_lines": [], "functions": {"": {"executed_lines": [1, 3, 4, 6, 7, 8, 9, 11, 14, 15, 17, 18, 21, 22, 23, 26, 39, 47, 52, 63, 67, 71, 75, 87, 91, 95, 100, 104], "summary": {"covered_lines": 26, "num_statements": 26, "percent_covered": 100.0, "percent_covered_display": "100.00", "missing_lines": 0, "excluded_lines": 0}, "missing_lines": [], "excluded_lines": []}}, "classes": {"NoteFactory": {"executed_lines": [], "summary": {"covered_lines": 0, "num_statements": 0, "percent_covered": 100.0, "percent_covered_display": "100.00", "missing_lines": 0, "excluded_lines": 0}, "missing_lines": [], "excluded_lines": []}, "NoteFactory.Meta": {"executed_lines": [], "summary": {"covered_lines": 0, "num_statements": 0, "percent_covered": 100.0, "percent_covered_display": "100.00", "missing_lines": 0, "excluded_lines": 0}, "missing_lines": [], "excluded_lines": []}, "": {"executed_lines": [1, 3, 4, 6, 7, 8, 9, 11, 14, 15, 17, 18, 21, 22, 23, 26, 39, 47, 52, 63, 67, 71, 75, 87, 91, 95, 100, 104], "summary": {"covered_lines": 26, "num_statements": 26, "percent_covered": 100.0, "percent_covered_display": "100.00", "missing_lines": 0, "excluded_lines": 0}, "missing_lines": [], "excluded_lines": []}}}, "factories/practice.py": {"executed_lines": [1, 3, 4, 6, 7, 9, 12, 13, 15, 16, 18, 26, 29, 30, 31, 36, 40, 47, 48, 49, 50, 53, 56, 63, 75, 76], "summary": {"covered_lines": 24, "num_statements": 24, "percent_covered": 100.0, "percent_covered_display": "100.00", "missing_lines": 0, "excluded_lines": 0}, "missing_lines": [], "excluded_lines": [], "functions": {"": {"executed_lines": [1, 3, 4, 6, 7, 9, 12, 13, 15, 16, 18, 26, 29, 30, 31, 36, 40, 47, 48, 49, 50, 53, 56, 63, 75, 76], "summary": {"covered_lines": 24, "num_statements": 24, "percent_covered": 100.0, "percent_covered_display": "100.00", "missing_lines": 0, "excluded_lines": 0}, "missing_lines": [], "excluded_lines": []}}, "classes": {"PracticeProfileFactory": {"executed_lines": [], "summary": {"covered_lines": 0, "num_statements": 0, "percent_covered": 100.0, "percent_covered_display": "100.00", "missing_lines": 0, "excluded_lines": 0}, "missing_lines": [], "excluded_lines": []}, "PracticeProfileFactory.Meta": {"executed_lines": [], "summary": {"covered_lines": 0, "num_statements": 0, "percent_covered": 100.0, "percent_covered_display": "100.00", "missing_lines": 0, "excluded_lines": 0}, "missing_lines": [], "excluded_lines": []}, "": {"executed_lines": [1, 3, 4, 6, 7, 9, 12, 13, 15, 16, 18, 26, 29, 30, 31, 36, 40, 47, 48, 49, 50, 53, 56, 63, 75, 76], "summary": {"covered_lines": 24, "num_statements": 24, "percent_covered": 100.0, "percent_covered_display": "100.00", "missing_lines": 0, "excluded_lines": 0}, "missing_lines": [], "excluded_lines": []}}}, "factories/provider.py": {"executed_lines": [1, 3, 4, 6, 7, 9, 12, 13, 15, 16, 19, 20, 23, 29, 35, 48, 51, 53, 58, 62, 64, 68, 75, 79, 87, 88, 89, 91, 93, 98, 103, 107, 111], "summary": {"covered_lines": 31, "num_statements": 31, "percent_covered": 100.0, "percent_covered_display": "100.00", "missing_lines": 0, "excluded_lines": 0}, "missing_lines": [], "excluded_lines": [], "functions": {"": {"executed_lines": [1, 3, 4, 6, 7, 9, 12, 13, 15, 16, 19, 20, 23, 29, 35, 48, 51, 53, 58, 62, 64, 68, 75, 79, 87, 88, 89, 91, 93, 98, 103, 107, 111], "summary": {"covered_lines": 31, "num_statements": 31, "percent_covered": 100.0, "percent_covered_display": "100.00", "missing_lines": 0, "excluded_lines": 0}, "missing_lines": [], "excluded_lines": []}}, "classes": {"ProviderFactory": {"executed_lines": [], "summary": {"covered_lines": 0, "num_statements": 0, "percent_covered": 100.0, "percent_covered_display": "100.00", "missing_lines": 0, "excluded_lines": 0}, "missing_lines": [], "excluded_lines": []}, "ProviderFactory.Meta": {"executed_lines": [], "summary": {"covered_lines": 0, "num_statements": 0, "percent_covered": 100.0, "percent_covered_display": "100.00", "missing_lines": 0, "excluded_lines": 0}, "missing_lines": [], "excluded_lines": []}, "": {"executed_lines": [1, 3, 4, 6, 7, 9, 12, 13, 15, 16, 19, 20, 23, 29, 35, 48, 51, 53, 58, 62, 64, 68, 75, 79, 87, 88, 89, 91, 93, 98, 103, 107, 111], "summary": {"covered_lines": 31, "num_statements": 31, "percent_covered": 100.0, "percent_covered_display": "100.00", "missing_lines": 0, "excluded_lines": 0}, "missing_lines": [], "excluded_lines": []}}}, "middleware/__init__.py": {"executed_lines": [1], "summary": {"covered_lines": 0, "num_statements": 0, "percent_covered": 100.0, "percent_covered_display": "100.00", "missing_lines": 0, "excluded_lines": 0}, "missing_lines": [], "excluded_lines": [], "functions": {"": {"executed_lines": [1], "summary": {"covered_lines": 0, "num_statements": 0, "percent_covered": 100.0, "percent_covered_display": "100.00", "missing_lines": 0, "excluded_lines": 0}, "missing_lines": [], "excluded_lines": []}}, "classes": {"": {"executed_lines": [1], "summary": {"covered_lines": 0, "num_statements": 0, "percent_covered": 100.0, "percent_covered_display": "100.00", "missing_lines": 0, "excluded_lines": 0}, "missing_lines": [], "excluded_lines": []}}}, "middleware/auth_middleware.py": {"executed_lines": [1, 7, 8, 9, 11, 12, 13, 14, 15, 17, 18, 19, 20, 21, 23, 24, 26, 29, 30, 32, 33, 34, 36, 37, 38, 40, 41, 45, 46, 50, 51, 55, 59, 63, 67, 72, 155, 236, 257, 259, 283, 286, 288, 312, 315, 316, 318, 321, 379, 386, 403, 404, 405, 406, 407, 410, 411, 414, 415, 416, 417, 418, 419, 420, 423, 424], "summary": {"covered_lines": 63, "num_statements": 148, "percent_covered": 42.567567567567565, "percent_covered_display": "42.57", "missing_lines": 85, "excluded_lines": 0}, "missing_lines": [43, 48, 53, 57, 61, 65, 69, 77, 78, 80, 81, 83, 85, 88, 91, 94, 96, 97, 98, 100, 101, 105, 108, 109, 110, 112, 113, 117, 120, 123, 126, 127, 130, 132, 141, 147, 148, 152, 157, 229, 230, 231, 233, 241, 243, 244, 248, 254, 263, 264, 266, 267, 276, 281, 292, 293, 295, 296, 305, 310, 319, 323, 324, 325, 327, 330, 341, 342, 343, 346, 347, 350, 351, 352, 355, 356, 368, 369, 373, 375, 383, 390, 392, 393, 399], "excluded_lines": [], "functions": {"AuthenticatedUser.user_id": {"executed_lines": [], "summary": {"covered_lines": 0, "num_statements": 1, "percent_covered": 0.0, "percent_covered_display": "0.00", "missing_lines": 1, "excluded_lines": 0}, "missing_lines": [43], "excluded_lines": []}, "AuthenticatedUser.email": {"executed_lines": [], "summary": {"covered_lines": 0, "num_statements": 1, "percent_covered": 0.0, "percent_covered_display": "0.00", "missing_lines": 1, "excluded_lines": 0}, "missing_lines": [48], "excluded_lines": []}, "AuthenticatedUser.roles": {"executed_lines": [], "summary": {"covered_lines": 0, "num_statements": 1, "percent_covered": 0.0, "percent_covered_display": "0.00", "missing_lines": 1, "excluded_lines": 0}, "missing_lines": [53], "excluded_lines": []}, "AuthenticatedUser.has_role": {"executed_lines": [], "summary": {"covered_lines": 0, "num_statements": 1, "percent_covered": 0.0, "percent_covered_display": "0.00", "missing_lines": 1, "excluded_lines": 0}, "missing_lines": [57], "excluded_lines": []}, "AuthenticatedUser.has_permission": {"executed_lines": [], "summary": {"covered_lines": 0, "num_statements": 1, "percent_covered": 0.0, "percent_covered_display": "0.00", "missing_lines": 1, "excluded_lines": 0}, "missing_lines": [61], "excluded_lines": []}, "AuthenticatedUser.has_any_role": {"executed_lines": [], "summary": {"covered_lines": 0, "num_statements": 1, "percent_covered": 0.0, "percent_covered_display": "0.00", "missing_lines": 1, "excluded_lines": 0}, "missing_lines": [65], "excluded_lines": []}, "AuthenticatedUser.has_all_permissions": {"executed_lines": [], "summary": {"covered_lines": 0, "num_statements": 1, "percent_covered": 0.0, "percent_covered_display": "0.00", "missing_lines": 1, "excluded_lines": 0}, "missing_lines": [69], "excluded_lines": []}, "get_current_user": {"executed_lines": [], "summary": {"covered_lines": 0, "num_statements": 31, "percent_covered": 0.0, "percent_covered_display": "0.00", "missing_lines": 31, "excluded_lines": 0}, "missing_lines": [77, 78, 80, 81, 83, 85, 88, 91, 94, 96, 97, 98, 100, 101, 105, 108, 109, 110, 112, 113, 117, 120, 123, 126, 127, 130, 132, 141, 147, 148, 152], "excluded_lines": []}, "get_role_permissions": {"executed_lines": [], "summary": {"covered_lines": 0, "num_statements": 5, "percent_covered": 0.0, "percent_covered_display": "0.00", "missing_lines": 5, "excluded_lines": 0}, "missing_lines": [157, 229, 230, 231, 233], "excluded_lines": []}, "require_auth": {"executed_lines": [], "summary": {"covered_lines": 0, "num_statements": 5, "percent_covered": 0.0, "percent_covered_display": "0.00", "missing_lines": 5, "excluded_lines": 0}, "missing_lines": [241, 243, 244, 248, 254], "excluded_lines": []}, "require_roles": {"executed_lines": [259, 283], "summary": {"covered_lines": 2, "num_statements": 2, "percent_covered": 100.0, "percent_covered_display": "100.00", "missing_lines": 0, "excluded_lines": 0}, "missing_lines": [], "excluded_lines": []}, "require_roles.dependency": {"executed_lines": [], "summary": {"covered_lines": 0, "num_statements": 6, "percent_covered": 0.0, "percent_covered_display": "0.00", "missing_lines": 6, "excluded_lines": 0}, "missing_lines": [263, 264, 266, 267, 276, 281], "excluded_lines": []}, "require_permissions": {"executed_lines": [288, 312], "summary": {"covered_lines": 2, "num_statements": 2, "percent_covered": 100.0, "percent_covered_display": "100.00", "missing_lines": 0, "excluded_lines": 0}, "missing_lines": [], "excluded_lines": []}, "require_permissions.dependency": {"executed_lines": [], "summary": {"covered_lines": 0, "num_statements": 6, "percent_covered": 0.0, "percent_covered_display": "0.00", "missing_lines": 6, "excluded_lines": 0}, "missing_lines": [292, 293, 295, 296, 305, 310], "excluded_lines": []}, "AuthMiddleware.__init__": {"executed_lines": [], "summary": {"covered_lines": 0, "num_statements": 1, "percent_covered": 0.0, "percent_covered_display": "0.00", "missing_lines": 1, "excluded_lines": 0}, "missing_lines": [319], "excluded_lines": []}, "AuthMiddleware.__call__": {"executed_lines": [], "summary": {"covered_lines": 0, "num_statements": 19, "percent_covered": 0.0, "percent_covered_display": "0.00", "missing_lines": 19, "excluded_lines": 0}, "missing_lines": [323, 324, 325, 327, 330, 341, 342, 343, 346, 347, 350, 351, 352, 355, 356, 368, 369, 373, 375], "excluded_lines": []}, "get_current_user_dependency": {"executed_lines": [], "summary": {"covered_lines": 0, "num_statements": 1, "percent_covered": 0.0, "percent_covered_display": "0.00", "missing_lines": 1, "excluded_lines": 0}, "missing_lines": [383], "excluded_lines": []}, "require_auth_dependency": {"executed_lines": [], "summary": {"covered_lines": 0, "num_statements": 4, "percent_covered": 0.0, "percent_covered_display": "0.00", "missing_lines": 4, "excluded_lines": 0}, "missing_lines": [390, 392, 393, 399], "excluded_lines": []}, "": {"executed_lines": [1, 7, 8, 9, 11, 12, 13, 14, 15, 17, 18, 19, 20, 21, 23, 24, 26, 29, 30, 32, 33, 34, 36, 37, 38, 40, 41, 45, 46, 50, 51, 55, 59, 63, 67, 72, 155, 236, 257, 286, 315, 316, 318, 321, 379, 386, 403, 404, 405, 406, 407, 410, 411, 414, 415, 416, 417, 418, 419, 420, 423, 424], "summary": {"covered_lines": 59, "num_statements": 59, "percent_covered": 100.0, "percent_covered_display": "100.00", "missing_lines": 0, "excluded_lines": 0}, "missing_lines": [], "excluded_lines": []}}, "classes": {"AuthenticatedUser": {"executed_lines": [], "summary": {"covered_lines": 0, "num_statements": 7, "percent_covered": 0.0, "percent_covered_display": "0.00", "missing_lines": 7, "excluded_lines": 0}, "missing_lines": [43, 48, 53, 57, 61, 65, 69], "excluded_lines": []}, "AuthenticatedUser.Config": {"executed_lines": [], "summary": {"covered_lines": 0, "num_statements": 0, "percent_covered": 100.0, "percent_covered_display": "100.00", "missing_lines": 0, "excluded_lines": 0}, "missing_lines": [], "excluded_lines": []}, "AuthMiddleware": {"executed_lines": [], "summary": {"covered_lines": 0, "num_statements": 20, "percent_covered": 0.0, "percent_covered_display": "0.00", "missing_lines": 20, "excluded_lines": 0}, "missing_lines": [319, 323, 324, 325, 327, 330, 341, 342, 343, 346, 347, 350, 351, 352, 355, 356, 368, 369, 373, 375], "excluded_lines": []}, "": {"executed_lines": [1, 7, 8, 9, 11, 12, 13, 14, 15, 17, 18, 19, 20, 21, 23, 24, 26, 29, 30, 32, 33, 34, 36, 37, 38, 40, 41, 45, 46, 50, 51, 55, 59, 63, 67, 72, 155, 236, 257, 259, 283, 286, 288, 312, 315, 316, 318, 321, 379, 386, 403, 404, 405, 406, 407, 410, 411, 414, 415, 416, 417, 418, 419, 420, 423, 424], "summary": {"covered_lines": 63, "num_statements": 121, "percent_covered": 52.06611570247934, "percent_covered_display": "52.07", "missing_lines": 58, "excluded_lines": 0}, "missing_lines": [77, 78, 80, 81, 83, 85, 88, 91, 94, 96, 97, 98, 100, 101, 105, 108, 109, 110, 112, 113, 117, 120, 123, 126, 127, 130, 132, 141, 147, 148, 152, 157, 229, 230, 231, 233, 241, 243, 244, 248, 254, 263, 264, 266, 267, 276, 281, 292, 293, 295, 296, 305, 310, 383, 390, 392, 393, 399], "excluded_lines": []}}}, "middleware/correlation.py": {"executed_lines": [1, 3, 4, 5, 7, 8, 9, 12, 15, 16, 25, 32, 33, 35, 46, 49, 51, 53, 56, 58, 62, 65, 71, 72, 77, 80], "summary": {"covered_lines": 24, "num_statements": 27, "percent_covered": 88.88888888888889, "percent_covered_display": "88.89", "missing_lines": 3, "excluded_lines": 0}, "missing_lines": [74, 75, 86], "excluded_lines": [], "functions": {"CorrelationIDMiddleware.__init__": {"executed_lines": [32, 33], "summary": {"covered_lines": 2, "num_statements": 2, "percent_covered": 100.0, "percent_covered_display": "100.00", "missing_lines":
[...]
ummary": {"covered_lines": 0, "num_statements": 1, "percent_covered": 0.0, "percent_covered_display": "0.00", "missing_lines": 1, "excluded_lines": 0}, "missing_lines": [93], "excluded_lines": []}, "NotFoundError.__init__": {"executed_lines": [], "summary": {"covered_lines": 0, "num_statements": 1, "percent_covered": 0.0, "percent_covered_display": "0.00", "missing_lines": 1, "excluded_lines": 0}, "missing_lines": [111], "excluded_lines": []}, "DatabaseError.__init__": {"executed_lines": [], "summary": {"covered_lines": 0, "num_statements": 1, "percent_covered": 0.0, "percent_covered_display": "0.00", "missing_lines": 1, "excluded_lines": 0}, "missing_lines": [129], "excluded_lines": []}, "handle_database_error": {"executed_lines": [], "summary": {"covered_lines": 0, "num_statements": 5, "percent_covered": 0.0, "percent_covered_display": "0.00", "missing_lines": 5, "excluded_lines": 0}, "missing_lines": [143, 144, 151, 152, 158], "excluded_lines": []}, "log_and_raise_error": {"executed_lines": [], "summary": {"covered_lines": 0, "num_statements": 13, "percent_covered": 0.0, "percent_covered_display": "0.00", "missing_lines": 13, "excluded_lines": 0}, "missing_lines": [174, 175, 176, 177, 178, 181, 193, 197, 198, 203, 210, 211, 213], "excluded_lines": []}, "api_error_handler": {"executed_lines": [], "summary": {"covered_lines": 0, "num_statements": 1, "percent_covered": 0.0, "percent_covered_display": "0.00", "missing_lines": 1, "excluded_lines": 0}, "missing_lines": [227], "excluded_lines": []}, "general_exception_handler": {"executed_lines": [], "summary": {"covered_lines": 0, "num_statements": 7, "percent_covered": 0.0, "percent_covered_display": "0.00", "missing_lines": 7, "excluded_lines": 0}, "missing_lines": [243, 244, 245, 246, 247, 249, 261], "excluded_lines": []}, "": {"executed_lines": [1, 3, 4, 5, 7, 8, 9, 10, 12, 13, 15, 18, 19, 21, 22, 23, 24, 29, 30, 32, 48, 49, 51, 66, 67, 69, 84, 85, 87, 102, 103, 105, 120, 121, 123, 138, 165, 224, 238], "summary": {"covered_lines": 31, "num_statements": 31, "percent_covered": 100.0, "percent_covered_display": "100.00", "missing_lines": 0, "excluded_lines": 0}, "missing_lines": [], "excluded_lines": []}}, "classes": {"ErrorResponse": {"executed_lines": [], "summary": {"covered_lines": 0, "num_statements": 0, "percent_covered": 100.0, "percent_covered_display": "100.00", "missing_lines": 0, "excluded_lines": 0}, "missing_lines": [], "excluded_lines": []}, "APIError": {"executed_lines": [], "summary": {"covered_lines": 0, "num_statements": 6, "percent_covered": 0.0, "percent_covered_display": "0.00", "missing_lines": 6, "excluded_lines": 0}, "missing_lines": [40, 41, 42, 43, 44, 45], "excluded_lines": []}, "ValidationError": {"executed_lines": [], "summary": {"covered_lines": 0, "num_statements": 1, "percent_covered": 0.0, "percent_covered_display": "0.00", "missing_lines": 1, "excluded_lines": 0}, "missing_lines": [57], "excluded_lines": []}, "AuthenticationError": {"executed_lines": [], "summary": {"covered_lines": 0, "num_statements": 1, "percent_covered": 0.0, "percent_covered_display": "0.00", "missing_lines": 1, "excluded_lines": 0}, "missing_lines": [75], "excluded_lines": []}, "AuthorizationError": {"executed_lines": [], "summary": {"covered_lines": 0, "num_statements": 1, "percent_covered": 0.0, "percent_covered_display": "0.00", "missing_lines": 1, "excluded_lines": 0}, "missing_lines": [93], "excluded_lines": []}, "NotFoundError": {"executed_lines": [], "summary": {"covered_lines": 0, "num_statements": 1, "percent_covered": 0.0, "percent_covered_display": "0.00", "missing_lines": 1, "excluded_lines": 0}, "missing_lines": [111], "excluded_lines": []}, "DatabaseError": {"executed_lines": [], "summary": {"covered_lines": 0, "num_statements": 1, "percent_covered": 0.0, "percent_covered_display": "0.00", "missing_lines": 1, "excluded_lines": 0}, "missing_lines": [129], "excluded_lines": []}, "": {"executed_lines": [1, 3, 4, 5, 7, 8, 9, 10, 12, 13, 15, 18, 19, 21, 22, 23, 24, 29, 30, 32, 48, 49, 51, 66, 67, 69, 84, 85, 87, 102, 103, 105, 120, 121, 123, 138, 165, 224, 238], "summary": {"covered_lines": 31, "num_statements": 57, "percent_covered": 54.3859649122807, "percent_covered_display": "54.39", "missing_lines": 26, "excluded_lines": 0}, "missing_lines": [143, 144, 151, 152, 158, 174, 175, 176, 177, 178, 181, 193, 197, 198, 203, 210, 211, 213, 227, 243, 244, 245, 246, 247, 249, 261], "excluded_lines": []}}}, "utils/logging_config.py": {"executed_lines": [1, 3, 4, 5, 7, 10, 24, 25, 26, 28, 31, 44, 53, 56, 70, 71, 74, 77, 90, 96, 110, 111, 113, 116, 125, 134, 137, 138, 140, 146, 147, 149, 170, 194, 222, 237, 246, 277], "summary": {"covered_lines": 36, "num_statements": 47, "percent_covered": 76.59574468085107, "percent_covered_display": "76.60", "missing_lines": 11, "excluded_lines": 0}, "missing_lines": [46, 47, 48, 49, 51, 72, 162, 185, 211, 263, 264], "excluded_lines": [], "functions": {"phi_scrubbing_processor": {"executed_lines": [24, 25, 26, 28], "summary": {"covered_lines": 4, "num_statements": 4, "percent_covered": 100.0, "percent_covered_display": "100.00", "missing_lines": 0, "excluded_lines": 0}, "missing_lines": [], "excluded_lines": []}, "correlation_id_processor": {"executed_lines": [44, 53], "summary": {"covered_lines": 2, "num_statements": 7, "percent_covered": 28.571428571428573, "percent_covered_display": "28.57", "missing_lines": 5, "excluded_lines": 0}, "missing_lines": [46, 47, 48, 49, 51], "excluded_lines": []}, "immutable_audit_processor": {"executed_lines": [70, 71, 74], "summary": {"covered_lines": 3, "num_statements": 4, "percent_covered": 75.0, "percent_covered_display": "75.00", "missing_lines": 1, "excluded_lines": 0}, "missing_lines": [72], "excluded_lines": []}, "configure_structured_logging": {"executed_lines": [90, 96, 110, 111, 113, 116], "summary": {"covered_lines": 6, "num_statements": 6, "percent_covered": 100.0, "percent_covered_display": "100.00", "missing_lines": 0, "excluded_lines": 0}, "missing_lines": [], "excluded_lines": []}, "get_logger": {"executed_lines": [134], "summary": {"covered_lines": 1, "num_statements": 1, "percent_covered": 100.0, "percent_covered_display": "100.00", "missing_lines": 0, "excluded_lines": 0}, "missing_lines": [], "excluded_lines": []}, "StandardizedLogger.__init__": {"executed_lines": [146, 147], "summary": {"covered_lines": 2, "num_statements": 2, "percent_covered": 100.0, "percent_covered_display": "100.00", "missing_lines": 0, "excluded_lines": 0}, "missing_lines": [], "excluded_lines": []}, "StandardizedLogger.log_operation_start": {"executed_lines": [], "summary": {"covered_lines": 0, "num_statements": 1, "percent_covered": 0.0, "percent_covered_display": "0.00", "missing_lines": 1, "excluded_lines": 0}, "missing_lines": [162], "excluded_lines": []}, "StandardizedLogger.log_operation_success": {"executed_lines": [], "summary": {"covered_lines": 0, "num_statements": 1, "percent_covered": 0.0, "percent_covered_display": "0.00", "missing_lines": 1, "excluded_lines": 0}, "missing_lines": [185], "excluded_lines": []}, "StandardizedLogger.log_operation_error": {"executed_lines": [], "summary": {"covered_lines": 0, "num_statements": 1, "percent_covered": 0.0, "percent_covered_display": "0.00", "missing_lines": 1, "excluded_lines": 0}, "missing_lines": [211], "excluded_lines": []}, "StandardizedLogger.log_user_action": {"executed_lines": [237], "summary": {"covered_lines": 1, "num_statements": 1, "percent_covered": 100.0, "percent_covered_display": "100.00", "missing_lines": 0, "excluded_lines": 0}, "missing_lines": [], "excluded_lines": []}, "StandardizedLogger.log_security_event": {"executed_lines": [], "summary": {"covered_lines": 0, "num_statements": 2, "percent_covered": 0.0, "percent_covered_display": "0.00", "missing_lines": 2, "excluded_lines": 0}, "missing_lines": [263, 264], "excluded_lines": []}, "": {"executed_lines": [1, 3, 4, 5, 7, 10, 31, 56, 77, 125, 137, 138, 140, 149, 170, 194, 222, 246, 277], "summary": {"covered_lines": 17, "num_statements": 17, "percent_covered": 100.0, "percent_covered_display": "100.00", "missing_lines": 0, "excluded_lines": 0}, "missing_lines": [], "excluded_lines": []}}, "classes": {"StandardizedLogger": {"executed_lines": [146, 147, 237], "summary": {"covered_lines": 3, "num_statements": 8, "percent_covered": 37.5, "percent_covered_display": "37.50", "missing_lines": 5, "excluded_lines": 0}, "missing_lines": [162, 185, 211, 263, 264], "excluded_lines": []}, "": {"executed_lines": [1, 3, 4, 5, 7, 10, 24, 25, 26, 28, 31, 44, 53, 56, 70, 71, 74, 77, 90, 96, 110, 111, 113, 116, 125, 134, 137, 138, 140, 149, 170, 194, 222, 246, 277], "summary": {"covered_lines": 33, "num_statements": 39, "percent_covered": 84.61538461538461, "percent_covered_display": "84.62", "missing_lines": 6, "excluded_lines": 0}, "missing_lines": [46, 47, 48, 49, 51, 72], "excluded_lines": []}}}, "utils/metrics.py": {"executed_lines": [1, 3, 4, 6, 14, 17, 28, 35, 36, 43, 51, 54, 61, 62, 65, 72, 78, 102, 103, 105, 106, 107, 108, 110, 111, 113, 114, 116, 118, 120, 123], "summary": {"covered_lines": 29, "num_statements": 36, "percent_covered": 80.55555555555556, "percent_covered_display": "80.56", "missing_lines": 7, "excluded_lines": 0}, "missing_lines": [86, 87, 89, 92, 94, 96, 98], "excluded_lines": [], "functions": {"track_crud_operation": {"executed_lines": [28, 35, 36], "summary": {"covered_lines": 3, "num_statements": 3, "percent_covered": 100.0, "percent_covered_display": "100.00", "missing_lines": 0, "excluded_lines": 0}, "missing_lines": [], "excluded_lines": []}, "track_authentication": {"executed_lines": [51], "summary": {"covered_lines": 1, "num_statements": 1, "percent_covered": 100.0, "percent_covered_display": "100.00", "missing_lines": 0, "excluded_lines": 0}, "missing_lines": [], "excluded_lines": []}, "track_phi_scrubbing": {"executed_lines": [61, 62], "summary": {"covered_lines": 2, "num_statements": 2, "percent_covered": 100.0, "percent_covered_display": "100.00", "missing_lines": 0, "excluded_lines": 0}, "missing_lines": [], "excluded_lines": []}, "track_business_event": {"executed_lines": [72], "summary": {"covered_lines": 1, "num_statements": 1, "percent_covered": 100.0, "percent_covered_display": "100.00", "missing_lines": 0, "excluded_lines": 0}, "missing_lines": [], "excluded_lines": []}, "track_crud": {"executed_lines": [], "summary": {"covered_lines": 0, "num_statements": 2, "percent_covered": 0.0, "percent_covered_display": "0.00", "missing_lines": 2, "excluded_lines": 0}, "missing_lines": [86, 98], "excluded_lines": []}, "track_crud.decorator": {"executed_lines": [], "summary": {"covered_lines": 0, "num_statements": 2, "percent_covered": 0.0, "percent_covered_display": "0.00", "missing_lines": 2, "excluded_lines": 0}, "missing_lines": [87, 96], "excluded_lines": []}, "track_crud.decorator.wrapper": {"executed_lines": [], "summary": {"covered_lines": 0, "num_statements": 3, "percent_covered": 0.0, "percent_covered_display": "0.00", "missing_lines": 3, "excluded_lines": 0}, "missing_lines": [89, 92, 94], "excluded_lines": []}, "MetricsContext.__init__": {"executed_lines": [106, 107, 108], "summary": {"covered_lines": 3, "num_statements": 3, "percent_covered": 100.0, "percent_covered_display": "100.00", "missing_lines": 0, "excluded_lines": 0}, "missing_lines": [], "excluded_lines": []}, "MetricsContext.__enter__": {"executed_lines": [111, 113, 114], "summary": {"covered_lines": 3, "num_statements": 3, "percent_covered": 100.0, "percent_covered_display": "100.00", "missing_lines": 0, "excluded_lines": 0}, "missing_lines": [], "excluded_lines": []}, "MetricsContext.__exit__": {"executed_lines": [118, 120, 123], "summary": {"covered_lines": 3, "num_statements": 3, "percent_covered": 100.0, "percent_covered_display": "100.00", "missing_lines": 0, "excluded_lines": 0}, "missing_lines": [], "excluded_lines": []}, "": {"executed_lines": [1, 3, 4, 6, 14, 17, 43, 54, 65, 78, 102, 103, 105, 110, 116], "summary": {"covered_lines": 13, "num_statements": 13, "percent_covered": 100.0, "percent_covered_display": "100.00", "missing_lines": 0, "excluded_lines": 0}, "missing_lines": [], "excluded_lines": []}}, "classes": {"MetricsContext": {"executed_lines": [106, 107, 108, 111, 113, 114, 118, 120, 123], "summary": {"covered_lines": 9, "num_statements": 9, "percent_covered": 100.0, "percent_covered_display": "100.00", "missing_lines": 0, "excluded_lines": 0}, "missing_lines": [], "excluded_lines": []}, "": {"executed_lines": [1, 3, 4, 6, 14, 17, 28, 35, 36, 43, 51, 54, 61, 62, 65, 72, 78, 102, 103, 105, 110, 116], "summary": {"covered_lines": 20, "num_statements": 27, "percent_covered": 74.07407407407408, "percent_covered_display": "74.07", "missing_lines": 7, "excluded_lines": 0}, "missing_lines": [86, 87, 89, 92, 94, 96, 98], "excluded_lines": []}}}, "utils/phi_scrubber.py": {"executed_lines": [1, 3, 4, 6, 9, 42, 80, 92, 95, 97, 99, 100, 102, 103, 108, 109, 113, 116, 128, 131, 133, 135, 136, 137, 138, 141, 142, 145, 146, 152, 155, 167, 170, 172, 173, 177, 178, 188, 191, 204, 205, 206, 207], "summary": {"covered_lines": 42, "num_statements": 53, "percent_covered": 79.24528301886792, "percent_covered_display": "79.25", "missing_lines": 11, "excluded_lines": 0}, "missing_lines": [93, 129, 150, 168, 174, 181, 182, 186, 208, 209, 211], "excluded_lines": [], "functions": {"scrub_phi_from_string": {"executed_lines": [92, 95, 97, 99, 100, 102, 103, 108, 109, 113], "summary": {"covered_lines": 10, "num_statements": 11, "percent_covered": 90.9090909090909, "percent_covered_display": "90.91", "missing_lines": 1, "excluded_lines": 0}, "missing_lines": [93], "excluded_lines": []}, "scrub_phi_from_dict": {"executed_lines": [128, 131, 133, 135, 136, 137, 138, 141, 142, 145, 146, 152], "summary": {"covered_lines": 12, "num_statements": 14, "percent_covered": 85.71428571428571, "percent_covered_display": "85.71", "missing_lines": 2, "excluded_lines": 0}, "missing_lines": [129, 150], "excluded_lines": []}, "scrub_phi_from_list": {"executed_lines": [167, 170, 172, 173, 177, 178, 188], "summary": {"covered_lines": 7, "num_statements": 12, "percent_covered": 58.333333333333336, "percent_covered_display": "58.33", "missing_lines": 5, "excluded_lines": 0}, "missing_lines": [168, 174, 181, 182, 186], "excluded_lines": []}, "scrub_phi": {"executed_lines": [204, 205, 206, 207], "summary": {"covered_lines": 4, "num_statements": 7, "percent_covered": 57.142857142857146, "percent_covered_display": "57.14", "missing_lines": 3, "excluded_lines": 0}, "missing_lines": [208, 209, 211], "excluded_lines": []}, "": {"executed_lines": [1, 3, 4, 6, 9, 42, 80, 116, 155, 191], "summary": {"covered_lines": 9, "num_statements": 9, "percent_covered": 100.0, "percent_covered_display": "100.00", "missing_lines": 0, "excluded_lines": 0}, "missing_lines": [], "excluded_lines": []}}, "classes": {"": {"executed_lines": [1, 3, 4, 6, 9, 42, 80, 92, 95, 97, 99, 100, 102, 103, 108, 109, 113, 116, 128, 131, 133, 135, 136, 137, 138, 141, 142, 145, 146, 152, 155, 167, 170, 172, 173, 177, 178, 188, 191, 204, 205, 206, 207], "summary": {"covered_lines": 42, "num_statements": 53, "percent_covered": 79.24528301886792, "percent_covered_display": "79.25", "missing_lines": 11, "excluded_lines": 0}, "missing_lines": [93, 129, 150, 168, 174, 181, 182, 186, 208, 209, 211], "excluded_lines": []}}}, "utils/response_models.py": {"executed_lines": [1, 3, 4, 5, 7, 10, 13, 14, 16, 17, 18, 19, 20, 21, 26, 27, 29, 32, 33, 36, 37, 41, 42, 48, 49, 51, 54, 55, 58, 61, 62, 66, 67, 73, 74, 76, 79, 80, 81, 84, 85, 89, 90, 96, 97, 99, 102, 105, 106, 107, 111, 112, 117, 131, 160], "summary": {"covered_lines": 49, "num_statements": 54, "percent_covered": 90.74074074074075, "percent_covered_display": "90.74", "missing_lines": 5, "excluded_lines": 0}, "missing_lines": [123, 140, 142, 151, 167], "excluded_lines": [], "functions": {"create_success_response": {"executed_lines": [], "summary": {"covered_lines": 0, "num_statements": 1, "percent_covered": 0.0, "percent_covered_display": "0.00", "missing_lines": 1, "excluded_lines": 0}, "missing_lines": [123], "excluded_lines": []}, "create_list_response": {"executed_lines": [], "summary": {"covered_lines": 0, "num_statements": 3, "percent_covered": 0.0, "percent_covered_display": "0.00", "missing_lines": 3, "excluded_lines": 0}, "missing_lines": [140, 142, 151], "excluded_lines": []}, "create_error_response": {"executed_lines": [], "summary": {"covered_lines": 0, "num_statements": 1, "percent_covered": 0.0, "percent_covered_display": "0.00", "missing_lines": 1, "excluded_lines": 0}, "missing_lines": [167], "excluded_lines": []}, "": {"executed_lines": [1, 3, 4, 5, 7, 10, 13, 14, 16, 17, 18, 19, 20, 21, 26, 27, 29, 32, 33, 36, 37, 41, 42, 48, 49, 51, 54, 55, 58, 61, 62, 66, 67, 73, 74, 76, 79, 80, 81, 84, 85, 89, 90, 96, 97, 99, 102, 105, 106, 107, 111, 112, 117, 131, 160], "summary": {"covered_lines": 49, "num_statements": 49, "percent_covered": 100.0, "percent_covered_display": "100.00", "missing_lines": 0, "excluded_lines": 0}, "missing_lines": [], "excluded_lines": []}}, "classes": {"PaginationMeta": {"executed_lines": [], "summary": {"covered_lines": 0, "num_statements": 0, "percent_covered": 100.0, "percent_covered_display": "100.00", "missing_lines": 0, "excluded_lines": 0}, "missing_lines": [], "excluded_lines": []}, "APIResponse": {"executed_lines": [], "summary": {"covered_lines": 0, "num_statements": 0, "percent_covered": 100.0, "percent_covered_display": "100.00", "missing_lines": 0, "excluded_lines": 0}, "missing_lines": [], "excluded_lines": []}, "APIResponse.Config": {"executed_lines": [], "summary": {"covered_lines": 0, "num_statements": 0, "percent_covered": 100.0, "percent_covered_display": "100.00", "missing_lines": 0, "excluded_lines": 0}, "missing_lines": [], "excluded_lines": []}, "ListResponse": {"executed_lines": [], "summary": {"covered_lines": 0, "num_statements": 0, "percent_covered": 100.0, "percent_covered_display": "100.00", "missing_lines": 0, "excluded_lines": 0}, "missing_lines": [], "excluded_lines": []}, "ListResponse.Config": {"executed_lines": [], "summary": {"covered_lines": 0, "num_statements": 0, "percent_covered": 100.0, "percent_covered_display": "100.00", "missing_lines": 0, "excluded_lines": 0}, "missing_lines": [], "excluded_lines": []}, "ErrorResponse": {"executed_lines": [], "summary": {"covered_lines": 0, "num_statements": 0, "percent_covered": 100.0, "percent_covered_display": "100.00", "missing_lines": 0, "excluded_lines": 0}, "missing_lines": [], "excluded_lines": []}, "ErrorResponse.Config": {"executed_lines": [], "summary": {"covered_lines": 0, "num_statements": 0, "percent_covered": 100.0, "percent_covered_display": "100.00", "missing_lines": 0, "excluded_lines": 0}, "missing_lines": [], "excluded_lines": []}, "HealthCheckResponse": {"executed_lines": [], "summary": {"covered_lines": 0, "num_statements": 0, "percent_covered": 100.0, "percent_covered_display": "100.00", "missing_lines": 0, "excluded_lines": 0}, "missing_lines": [], "excluded_lines": []}, "HealthCheckResponse.Config": {"executed_lines": [], "summary": {"covered_lines": 0, "num_statements": 0, "percent_covered": 100.0, "percent_covered_display": "100.00", "missing_lines": 0, "excluded_lines": 0}, "missing_lines": [], "excluded_lines": []}, "": {"executed_lines": [1, 3, 4, 5, 7, 10, 13, 14, 16, 17, 18, 19, 20, 21, 26, 27, 29, 32, 33, 36, 37, 41, 42, 48, 49, 51, 54, 55, 58, 61, 62, 66, 67, 73, 74, 76, 79, 80, 81, 84, 85, 89, 90, 96, 97, 99, 102, 105, 106, 107, 111, 112, 117, 131, 160], "summary": {"covered_lines": 49, "num_statements": 54, "percent_covered": 90.74074074074075, "percent_covered_display": "90.74", "missing_lines": 5, "excluded_lines": 0}, "missing_lines": [123, 140, 142, 151, 167], "excluded_lines": []}}}}, "totals": {"covered_lines": 2951, "num_statements": 4816, "percent_covered": 61.274916943521596, "percent_covered_display": "61.27", "missing_lines": 1865, "excluded_lines": 119}}
